#===== SETTINGS =====#
            Program: /cvmfs/larsoft.opensciencegrid.org/products/genie/v3_00_06k/Linux64bit+3.10-2.17-e20-debug/bin/gevgen_fnal
                Run: 08
               Seed: 876068330
            Top Vol: EXP_HALL_LV
               Flux: /cvmfs/fifeuser2.opensciencegrid.org/sw/annie/cb0c855855945777c5196a7a388bcc5197aae391bc83434879a8e148cc3446b8/annie/data/flux/bnb/bnb_annie_*.root,ANNIE-tank
           Geometry: /cvmfs/fifeuser2.opensciencegrid.org/sw/annie/cb0c855855945777c5196a7a388bcc5197aae391bc83434879a8e148cc3446b8//annie/app/users/neverett/geometry/annie_v02_tube_argon_vaccuum/annie_v02_8.gdml
              Units: -L cm -D g_cm3
     Cross Sections: /srv/gxspl-FNALbig.xml

               Tune: G18_10a_02_11a
Maximum Path Length: +annie_v02_8.maxpl.xml
 Message Thresholds: /cvmfs/fifeuser2.opensciencegrid.org/sw/annie/cb0c855855945777c5196a7a388bcc5197aae391bc83434879a8e148cc3446b8//annie/app/users/neverett/config/Messenger_warn.xml

#===== COMMAND =====#
/cvmfs/larsoft.opensciencegrid.org/products/genie/v3_00_06k/Linux64bit+3.10-2.17-e20-debug/bin/gevgen_fnal -r 08 --seed 876068330 -t EXP_HALL_LV -f /cvmfs/fifeuser2.opensciencegrid.org/sw/annie/cb0c855855945777c5196a7a388bcc5197aae391bc83434879a8e148cc3446b8/annie/data/flux/bnb/bnb_annie_*.root,ANNIE-tank -g /cvmfs/fifeuser2.opensciencegrid.org/sw/annie/cb0c855855945777c5196a7a388bcc5197aae391bc83434879a8e148cc3446b8//annie/app/users/neverett/geometry/annie_v02_tube_argon_vaccuum/annie_v02_8.gdml -L cm -D g_cm3 --cross-sections /srv/gxspl-FNALbig.xml --tune G18_10a_02_11a -n 1 -m +annie_v02_8.maxpl.xml -S 30000 --message-thresholds /cvmfs/fifeuser2.opensciencegrid.org/sw/annie/cb0c855855945777c5196a7a388bcc5197aae391bc83434879a8e148cc3446b8//annie/app/users/neverett/config/Messenger_warn.xml

#===== ls =====#
Messenger_warn.xml
_condor_stderr
_condor_stdout
annie_v02_8.gdml
condor_exec.exe
gxspl-FNALbig.xml
jsb_tmp
no_xfer
run_grid_genie_maxpl.sh
x509up_annie_Analysis_58778
