The system is: Linux - 3.10.0-1160.53.1.el7.x86_64 - x86_64
Compiling the C compiler identification source file "CMakeCCompilerId.c" succeeded.
Compiler: /grid/fermiapp/products/larsoft/gcc/v6_4_0/Linux64bit+3.10-2.17/bin/gcc 
Build flags: 
Id flags:  

The output was:
0


Compilation of the C compiler identification source "CMakeCCompilerId.c" produced "a.out"

The C compiler identification is GNU, found in "/annie/app/users/neverett/WCSim/wcsim/build/CMakeFiles/3.10.1/CompilerIdC/a.out"

Compiling the CXX compiler identification source file "CMakeCXXCompilerId.cpp" succeeded.
Compiler: /grid/fermiapp/products/larsoft/gcc/v6_4_0/Linux64bit+3.10-2.17/bin/g++ 
Build flags: 
Id flags:  

The output was:
0


Compilation of the CXX compiler identification source "CMakeCXXCompilerId.cpp" produced "a.out"

The CXX compiler identification is GNU, found in "/annie/app/users/neverett/WCSim/wcsim/build/CMakeFiles/3.10.1/CompilerIdCXX/a.out"

Determining if the C compiler works passed with the following output:
Change Dir: /annie/app/users/neverett/WCSim/wcsim/build/CMakeFiles/CMakeTmp

Run Build Command:"/usr/bin/gmake" "cmTC_09e5a/fast"
/usr/bin/gmake -f CMakeFiles/cmTC_09e5a.dir/build.make CMakeFiles/cmTC_09e5a.dir/build
gmake[1]: Entering directory `/annie/app/users/neverett/WCSim/wcsim/build/CMakeFiles/CMakeTmp'
Building C object CMakeFiles/cmTC_09e5a.dir/testCCompiler.c.o
/grid/fermiapp/products/larsoft/gcc/v6_4_0/Linux64bit+3.10-2.17/bin/gcc    -o CMakeFiles/cmTC_09e5a.dir/testCCompiler.c.o   -c /annie/app/users/neverett/WCSim/wcsim/build/CMakeFiles/CMakeTmp/testCCompiler.c
Linking C executable cmTC_09e5a
/grid/fermiapp/products/larsoft/cmake/v3_10_1/Linux64bit+3.10-2.17/bin/cmake -E cmake_link_script CMakeFiles/cmTC_09e5a.dir/link.txt --verbose=1
/grid/fermiapp/products/larsoft/gcc/v6_4_0/Linux64bit+3.10-2.17/bin/gcc      -rdynamic CMakeFiles/cmTC_09e5a.dir/testCCompiler.c.o  -o cmTC_09e5a 
gmake[1]: Leaving directory `/annie/app/users/neverett/WCSim/wcsim/build/CMakeFiles/CMakeTmp'


Detecting C compiler ABI info compiled with the following output:
Change Dir: /annie/app/users/neverett/WCSim/wcsim/build/CMakeFiles/CMakeTmp

Run Build Command:"/usr/bin/gmake" "cmTC_b9c6c/fast"
/usr/bin/gmake -f CMakeFiles/cmTC_b9c6c.dir/build.make CMakeFiles/cmTC_b9c6c.dir/build
gmake[1]: Entering directory `/annie/app/users/neverett/WCSim/wcsim/build/CMakeFiles/CMakeTmp'
Building C object CMakeFiles/cmTC_b9c6c.dir/CMakeCCompilerABI.c.o
/grid/fermiapp/products/larsoft/gcc/v6_4_0/Linux64bit+3.10-2.17/bin/gcc    -o CMakeFiles/cmTC_b9c6c.dir/CMakeCCompilerABI.c.o   -c /grid/fermiapp/products/larsoft/cmake/v3_10_1/Linux64bit+3.10-2.17/share/cmake-3.10/Modules/CMakeCCompilerABI.c
Linking C executable cmTC_b9c6c
/grid/fermiapp/products/larsoft/cmake/v3_10_1/Linux64bit+3.10-2.17/bin/cmake -E cmake_link_script CMakeFiles/cmTC_b9c6c.dir/link.txt --verbose=1
/grid/fermiapp/products/larsoft/gcc/v6_4_0/Linux64bit+3.10-2.17/bin/gcc     -v -rdynamic CMakeFiles/cmTC_b9c6c.dir/CMakeCCompilerABI.c.o  -o cmTC_b9c6c 
Using built-in specs.
COLLECT_GCC=/grid/fermiapp/products/larsoft/gcc/v6_4_0/Linux64bit+3.10-2.17/bin/gcc
COLLECT_LTO_WRAPPER=/grid/fermiapp/products/larsoft/gcc/v6_4_0/Linux64bit+3.10-2.17/bin/../libexec/gcc/x86_64-pc-linux-gnu/6.4.0/lto-wrapper
Target: x86_64-pc-linux-gnu
Configured with: ./configure --prefix=/scratch/workspace/art-build-base/v6_4_0/SLF7/build/gcc/v6_4_0/Linux64bit+3.10-2.17 --disable-libgcj --enable-threads=posix --enable-__cxa_atexit --enable-languages=c,c++,fortran,lto --with-system-zlib --enable-libstdcxx-time=rt --enable-stage1-checking=yes --enable-checking=release --enable-lto --enable-plugin
Thread model: posix
gcc version 6.4.0 (GCC) 
COMPILER_PATH=/grid/fermiapp/products/larsoft/gcc/v6_4_0/Linux64bit+3.10-2.17/bin/../libexec/gcc/x86_64-pc-linux-gnu/6.4.0/:/grid/fermiapp/products/larsoft/gcc/v6_4_0/Linux64bit+3.10-2.17/bin/../libexec/gcc/:/grid/fermiapp/products/larsoft/gcc/v6_4_0/Linux64bit+3.10-2.17/bin/
LIBRARY_PATH=/grid/fermiapp/products/larsoft/gcc/v6_4_0/Linux64bit+3.10-2.17/bin/../lib/gcc/x86_64-pc-linux-gnu/6.4.0/:/grid/fermiapp/products/larsoft/gcc/v6_4_0/Linux64bit+3.10-2.17/bin/../lib/gcc/:/grid/fermiapp/products/larsoft/gcc/v6_4_0/Linux64bit+3.10-2.17/bin/../lib/gcc/x86_64-pc-linux-gnu/6.4.0/../../../../lib64/:/lib/../lib64/:/usr/lib/../lib64/:/grid/fermiapp/products/larsoft/gcc/v6_4_0/Linux64bit+3.10-2.17/bin/../lib/gcc/x86_64-pc-linux-gnu/6.4.0/../../../:/lib/:/usr/lib/
COLLECT_GCC_OPTIONS='-v' '-rdynamic' '-o' 'cmTC_b9c6c' '-mtune=generic' '-march=x86-64'
 /grid/fermiapp/products/larsoft/gcc/v6_4_0/Linux64bit+3.10-2.17/bin/../libexec/gcc/x86_64-pc-linux-gnu/6.4.0/collect2 -plugin /grid/fermiapp/products/larsoft/gcc/v6_4_0/Linux64bit+3.10-2.17/bin/../libexec/gcc/x86_64-pc-linux-gnu/6.4.0/liblto_plugin.so -plugin-opt=/grid/fermiapp/products/larsoft/gcc/v6_4_0/Linux64bit+3.10-2.17/bin/../libexec/gcc/x86_64-pc-linux-gnu/6.4.0/lto-wrapper -plugin-opt=-fresolution=/tmp/ccCHD9XT.res -plugin-opt=-pass-through=-lgcc -plugin-opt=-pass-through=-lgcc_s -plugin-opt=-pass-through=-lc -plugin-opt=-pass-through=-lgcc -plugin-opt=-pass-through=-lgcc_s --eh-frame-hdr -m elf_x86_64 -export-dynamic -dynamic-linker /lib64/ld-linux-x86-64.so.2 -o cmTC_b9c6c /lib/../lib64/crt1.o /lib/../lib64/crti.o /grid/fermiapp/products/larsoft/gcc/v6_4_0/Linux64bit+3.10-2.17/bin/../lib/gcc/x86_64-pc-linux-gnu/6.4.0/crtbegin.o -L/grid/fermiapp/products/larsoft/gcc/v6_4_0/Linux64bit+3.10-2.17/bin/../lib/gcc/x86_64-pc-linux-gnu/6.4.0 -L/grid/fermiapp/products/larsoft/gcc/v6_4_0/Linux64bit+3.10-2.17/bin/../lib/gcc -L/grid/fermiapp/products/larsoft/gcc/v6_4_0/Linux64bit+3.10-2.17/bin/../lib/gcc/x86_64-pc-linux-gnu/6.4.0/../../../../lib64 -L/lib/../lib64 -L/usr/lib/../lib64 -L/grid/fermiapp/products/larsoft/gcc/v6_4_0/Linux64bit+3.10-2.17/bin/../lib/gcc/x86_64-pc-linux-gnu/6.4.0/../../.. CMakeFiles/cmTC_b9c6c.dir/CMakeCCompilerABI.c.o -lgcc --as-needed -lgcc_s --no-as-needed -lc -lgcc --as-needed -lgcc_s --no-as-needed /grid/fermiapp/products/larsoft/gcc/v6_4_0/Linux64bit+3.10-2.17/bin/../lib/gcc/x86_64-pc-linux-gnu/6.4.0/crtend.o /lib/../lib64/crtn.o
COLLECT_GCC_OPTIONS='-v' '-rdynamic' '-o' 'cmTC_b9c6c' '-mtune=generic' '-march=x86-64'
gmake[1]: Leaving directory `/annie/app/users/neverett/WCSim/wcsim/build/CMakeFiles/CMakeTmp'


Parsed C implicit link information from above output:
  link line regex: [^( *|.*[/\])(ld|CMAKE_LINK_STARTFILE-NOTFOUND|([^/\]+-)?ld|collect2)[^/\]*( |$)]
  ignore line: [Change Dir: /annie/app/users/neverett/WCSim/wcsim/build/CMakeFiles/CMakeTmp]
  ignore line: []
  ignore line: [Run Build Command:"/usr/bin/gmake" "cmTC_b9c6c/fast"]
  ignore line: [/usr/bin/gmake -f CMakeFiles/cmTC_b9c6c.dir/build.make CMakeFiles/cmTC_b9c6c.dir/build]
  ignore line: [gmake[1]: Entering directory `/annie/app/users/neverett/WCSim/wcsim/build/CMakeFiles/CMakeTmp']
  ignore line: [Building C object CMakeFiles/cmTC_b9c6c.dir/CMakeCCompilerABI.c.o]
  ignore line: [/grid/fermiapp/products/larsoft/gcc/v6_4_0/Linux64bit+3.10-2.17/bin/gcc    -o CMakeFiles/cmTC_b9c6c.dir/CMakeCCompilerABI.c.o   -c /grid/fermiapp/products/larsoft/cmake/v3_10_1/Linux64bit+3.10-2.17/share/cmake-3.10/Modules/CMakeCCompilerABI.c]
  ignore line: [Linking C executable cmTC_b9c6c]
  ignore line: [/grid/fermiapp/products/larsoft/cmake/v3_10_1/Linux64bit+3.10-2.17/bin/cmake -E cmake_link_script CMakeFiles/cmTC_b9c6c.dir/link.txt --verbose=1]
  ignore line: [/grid/fermiapp/products/larsoft/gcc/v6_4_0/Linux64bit+3.10-2.17/bin/gcc     -v -rdynamic CMakeFiles/cmTC_b9c6c.dir/CMakeCCompilerABI.c.o  -o cmTC_b9c6c ]
  ignore line: [Using built-in specs.]
  ignore line: [COLLECT_GCC=/grid/fermiapp/products/larsoft/gcc/v6_4_0/Linux64bit+3.10-2.17/bin/gcc]
  ignore line: [COLLECT_LTO_WRAPPER=/grid/fermiapp/products/larsoft/gcc/v6_4_0/Linux64bit+3.10-2.17/bin/../libexec/gcc/x86_64-pc-linux-gnu/6.4.0/lto-wrapper]
  ignore line: [Target: x86_64-pc-linux-gnu]
  ignore line: [Configured with: ./configure --prefix=/scratch/workspace/art-build-base/v6_4_0/SLF7/build/gcc/v6_4_0/Linux64bit+3.10-2.17 --disable-libgcj --enable-threads=posix --enable-__cxa_atexit --enable-languages=c,c++,fortran,lto --with-system-zlib --enable-libstdcxx-time=rt --enable-stage1-checking=yes --enable-checking=release --enable-lto --enable-plugin]
  ignore line: [Thread model: posix]
  ignore line: [gcc version 6.4.0 (GCC) ]
  ignore line: [COMPILER_PATH=/grid/fermiapp/products/larsoft/gcc/v6_4_0/Linux64bit+3.10-2.17/bin/../libexec/gcc/x86_64-pc-linux-gnu/6.4.0/:/grid/fermiapp/products/larsoft/gcc/v6_4_0/Linux64bit+3.10-2.17/bin/../libexec/gcc/:/grid/fermiapp/products/larsoft/gcc/v6_4_0/Linux64bit+3.10-2.17/bin/]
  ignore line: [LIBRARY_PATH=/grid/fermiapp/products/larsoft/gcc/v6_4_0/Linux64bit+3.10-2.17/bin/../lib/gcc/x86_64-pc-linux-gnu/6.4.0/:/grid/fermiapp/products/larsoft/gcc/v6_4_0/Linux64bit+3.10-2.17/bin/../lib/gcc/:/grid/fermiapp/products/larsoft/gcc/v6_4_0/Linux64bit+3.10-2.17/bin/../lib/gcc/x86_64-pc-linux-gnu/6.4.0/../../../../lib64/:/lib/../lib64/:/usr/lib/../lib64/:/grid/fermiapp/products/larsoft/gcc/v6_4_0/Linux64bit+3.10-2.17/bin/../lib/gcc/x86_64-pc-linux-gnu/6.4.0/../../../:/lib/:/usr/lib/]
  ignore line: [COLLECT_GCC_OPTIONS='-v' '-rdynamic' '-o' 'cmTC_b9c6c' '-mtune=generic' '-march=x86-64']
  link line: [ /grid/fermiapp/products/larsoft/gcc/v6_4_0/Linux64bit+3.10-2.17/bin/../libexec/gcc/x86_64-pc-linux-gnu/6.4.0/collect2 -plugin /grid/fermiapp/products/larsoft/gcc/v6_4_0/Linux64bit+3.10-2.17/bin/../libexec/gcc/x86_64-pc-linux-gnu/6.4.0/liblto_plugin.so -plugin-opt=/grid/fermiapp/products/larsoft/gcc/v6_4_0/Linux64bit+3.10-2.17/bin/../libexec/gcc/x86_64-pc-linux-gnu/6.4.0/lto-wrapper -plugin-opt=-fresolution=/tmp/ccCHD9XT.res -plugin-opt=-pass-through=-lgcc -plugin-opt=-pass-through=-lgcc_s -plugin-opt=-pass-through=-lc -plugin-opt=-pass-through=-lgcc -plugin-opt=-pass-through=-lgcc_s --eh-frame-hdr -m elf_x86_64 -export-dynamic -dynamic-linker /lib64/ld-linux-x86-64.so.2 -o cmTC_b9c6c /lib/../lib64/crt1.o /lib/../lib64/crti.o /grid/fermiapp/products/larsoft/gcc/v6_4_0/Linux64bit+3.10-2.17/bin/../lib/gcc/x86_64-pc-linux-gnu/6.4.0/crtbegin.o -L/grid/fermiapp/products/larsoft/gcc/v6_4_0/Linux64bit+3.10-2.17/bin/../lib/gcc/x86_64-pc-linux-gnu/6.4.0 -L/grid/fermiapp/products/larsoft/gcc/v6_4_0/Linux64bit+3.10-2.17/bin/../lib/gcc -L/grid/fermiapp/products/larsoft/gcc/v6_4_0/Linux64bit+3.10-2.17/bin/../lib/gcc/x86_64-pc-linux-gnu/6.4.0/../../../../lib64 -L/lib/../lib64 -L/usr/lib/../lib64 -L/grid/fermiapp/products/larsoft/gcc/v6_4_0/Linux64bit+3.10-2.17/bin/../lib/gcc/x86_64-pc-linux-gnu/6.4.0/../../.. CMakeFiles/cmTC_b9c6c.dir/CMakeCCompilerABI.c.o -lgcc --as-needed -lgcc_s --no-as-needed -lc -lgcc --as-needed -lgcc_s --no-as-needed /grid/fermiapp/products/larsoft/gcc/v6_4_0/Linux64bit+3.10-2.17/bin/../lib/gcc/x86_64-pc-linux-gnu/6.4.0/crtend.o /lib/../lib64/crtn.o]
    arg [/grid/fermiapp/products/larsoft/gcc/v6_4_0/Linux64bit+3.10-2.17/bin/../libexec/gcc/x86_64-pc-linux-gnu/6.4.0/collect2] ==> ignore
    arg [-plugin] ==> ignore
    arg [/grid/fermiapp/products/larsoft/gcc/v6_4_0/Linux64bit+3.10-2.17/bin/../libexec/gcc/x86_64-pc-linux-gnu/6.4.0/liblto_plugin.so] ==> ignore
    arg [-plugin-opt=/grid/fermiapp/products/larsoft/gcc/v6_4_0/Linux64bit+3.10-2.17/bin/../libexec/gcc/x86_64-pc-linux-gnu/6.4.0/lto-wrapper] ==> ignore
    arg [-plugin-opt=-fresolution=/tmp/ccCHD9XT.res] ==> ignore
    arg [-plugin-opt=-pass-through=-lgcc] ==> ignore
    arg [-plugin-opt=-pass-through=-lgcc_s] ==> ignore
    arg [-plugin-opt=-pass-through=-lc] ==> ignore
    arg [-plugin-opt=-pass-through=-lgcc] ==> ignore
    arg [-plugin-opt=-pass-through=-lgcc_s] ==> ignore
    arg [--eh-frame-hdr] ==> ignore
    arg [-m] ==> ignore
    arg [elf_x86_64] ==> ignore
    arg [-export-dynamic] ==> ignore
    arg [-dynamic-linker] ==> ignore
    arg [/lib64/ld-linux-x86-64.so.2] ==> ignore
    arg [-o] ==> ignore
    arg [cmTC_b9c6c] ==> ignore
    arg [/lib/../lib64/crt1.o] ==> ignore
    arg [/lib/../lib64/crti.o] ==> ignore
    arg [/grid/fermiapp/products/larsoft/gcc/v6_4_0/Linux64bit+3.10-2.17/bin/../lib/gcc/x86_64-pc-linux-gnu/6.4.0/crtbegin.o] ==> ignore
    arg [-L/grid/fermiapp/products/larsoft/gcc/v6_4_0/Linux64bit+3.10-2.17/bin/../lib/gcc/x86_64-pc-linux-gnu/6.4.0] ==> dir [/grid/fermiapp/products/larsoft/gcc/v6_4_0/Linux64bit+3.10-2.17/bin/../lib/gcc/x86_64-pc-linux-gnu/6.4.0]
    arg [-L/grid/fermiapp/products/larsoft/gcc/v6_4_0/Linux64bit+3.10-2.17/bin/../lib/gcc] ==> dir [/grid/fermiapp/products/larsoft/gcc/v6_4_0/Linux64bit+3.10-2.17/bin/../lib/gcc]
    arg [-L/grid/fermiapp/products/larsoft/gcc/v6_4_0/Linux64bit+3.10-2.17/bin/../lib/gcc/x86_64-pc-linux-gnu/6.4.0/../../../../lib64] ==> dir [/grid/fermiapp/products/larsoft/gcc/v6_4_0/Linux64bit+3.10-2.17/bin/../lib/gcc/x86_64-pc-linux-gnu/6.4.0/../../../../lib64]
    arg [-L/lib/../lib64] ==> dir [/lib/../lib64]
    arg [-L/usr/lib/../lib64] ==> dir [/usr/lib/../lib64]
    arg [-L/grid/fermiapp/products/larsoft/gcc/v6_4_0/Linux64bit+3.10-2.17/bin/../lib/gcc/x86_64-pc-linux-gnu/6.4.0/../../..] ==> dir [/grid/fermiapp/products/larsoft/gcc/v6_4_0/Linux64bit+3.10-2.17/bin/../lib/gcc/x86_64-pc-linux-gnu/6.4.0/../../..]
    arg [CMakeFiles/cmTC_b9c6c.dir/CMakeCCompilerABI.c.o] ==> ignore
    arg [-lgcc] ==> lib [gcc]
    arg [--as-needed] ==> ignore
    arg [-lgcc_s] ==> lib [gcc_s]
    arg [--no-as-needed] ==> ignore
    arg [-lc] ==> lib [c]
    arg [-lgcc] ==> lib [gcc]
    arg [--as-needed] ==> ignore
    arg [-lgcc_s] ==> lib [gcc_s]
    arg [--no-as-needed] ==> ignore
    arg [/grid/fermiapp/products/larsoft/gcc/v6_4_0/Linux64bit+3.10-2.17/bin/../lib/gcc/x86_64-pc-linux-gnu/6.4.0/crtend.o] ==> ignore
    arg [/lib/../lib64/crtn.o] ==> ignore
  collapse library dir [/grid/fermiapp/products/larsoft/gcc/v6_4_0/Linux64bit+3.10-2.17/bin/../lib/gcc/x86_64-pc-linux-gnu/6.4.0] ==> [/grid/fermiapp/products/larsoft/gcc/v6_4_0/Linux64bit+3.10-2.17/lib/gcc/x86_64-pc-linux-gnu/6.4.0]
  collapse library dir [/grid/fermiapp/products/larsoft/gcc/v6_4_0/Linux64bit+3.10-2.17/bin/../lib/gcc] ==> [/grid/fermiapp/products/larsoft/gcc/v6_4_0/Linux64bit+3.10-2.17/lib/gcc]
  collapse library dir [/grid/fermiapp/products/larsoft/gcc/v6_4_0/Linux64bit+3.10-2.17/bin/../lib/gcc/x86_64-pc-linux-gnu/6.4.0/../../../../lib64] ==> [/grid/fermiapp/products/larsoft/gcc/v6_4_0/Linux64bit+3.10-2.17/lib64]
  collapse library dir [/lib/../lib64] ==> [/lib64]
  collapse library dir [/usr/lib/../lib64] ==> [/usr/lib64]
  collapse library dir [/grid/fermiapp/products/larsoft/gcc/v6_4_0/Linux64bit+3.10-2.17/bin/../lib/gcc/x86_64-pc-linux-gnu/6.4.0/../../..] ==> [/grid/fermiapp/products/larsoft/gcc/v6_4_0/Linux64bit+3.10-2.17/lib]
  implicit libs: [gcc;gcc_s;c;gcc;gcc_s]
  implicit dirs: [/grid/fermiapp/products/larsoft/gcc/v6_4_0/Linux64bit+3.10-2.17/lib/gcc/x86_64-pc-linux-gnu/6.4.0;/grid/fermiapp/products/larsoft/gcc/v6_4_0/Linux64bit+3.10-2.17/lib/gcc;/grid/fermiapp/products/larsoft/gcc/v6_4_0/Linux64bit+3.10-2.17/lib64;/lib64;/usr/lib64;/grid/fermiapp/products/larsoft/gcc/v6_4_0/Linux64bit+3.10-2.17/lib]
  implicit fwks: []




Detecting C [-std=c11] compiler features compiled with the following output:
Change Dir: /annie/app/users/neverett/WCSim/wcsim/build/CMakeFiles/CMakeTmp

Run Build Command:"/usr/bin/gmake" "cmTC_8973a/fast"
/usr/bin/gmake -f CMakeFiles/cmTC_8973a.dir/build.make CMakeFiles/cmTC_8973a.dir/build
gmake[1]: Entering directory `/annie/app/users/neverett/WCSim/wcsim/build/CMakeFiles/CMakeTmp'
Building C object CMakeFiles/cmTC_8973a.dir/feature_tests.c.o
/grid/fermiapp/products/larsoft/gcc/v6_4_0/Linux64bit+3.10-2.17/bin/gcc   -std=c11 -o CMakeFiles/cmTC_8973a.dir/feature_tests.c.o   -c /annie/app/users/neverett/WCSim/wcsim/build/CMakeFiles/feature_tests.c
Linking C executable cmTC_8973a
/grid/fermiapp/products/larsoft/cmake/v3_10_1/Linux64bit+3.10-2.17/bin/cmake -E cmake_link_script CMakeFiles/cmTC_8973a.dir/link.txt --verbose=1
/grid/fermiapp/products/larsoft/gcc/v6_4_0/Linux64bit+3.10-2.17/bin/gcc      -rdynamic CMakeFiles/cmTC_8973a.dir/feature_tests.c.o  -o cmTC_8973a 
gmake[1]: Leaving directory `/annie/app/users/neverett/WCSim/wcsim/build/CMakeFiles/CMakeTmp'


    Feature record: C_FEATURE:1c_function_prototypes
    Feature record: C_FEATURE:1c_restrict
    Feature record: C_FEATURE:1c_static_assert
    Feature record: C_FEATURE:1c_variadic_macros


Detecting C [-std=c99] compiler features compiled with the following output:
Change Dir: /annie/app/users/neverett/WCSim/wcsim/build/CMakeFiles/CMakeTmp

Run Build Command:"/usr/bin/gmake" "cmTC_5e1d6/fast"
/usr/bin/gmake -f CMakeFiles/cmTC_5e1d6.dir/build.make CMakeFiles/cmTC_5e1d6.dir/build
gmake[1]: Entering directory `/annie/app/users/neverett/WCSim/wcsim/build/CMakeFiles/CMakeTmp'
Building C object CMakeFiles/cmTC_5e1d6.dir/feature_tests.c.o
/grid/fermiapp/products/larsoft/gcc/v6_4_0/Linux64bit+3.10-2.17/bin/gcc   -std=c99 -o CMakeFiles/cmTC_5e1d6.dir/feature_tests.c.o   -c /annie/app/users/neverett/WCSim/wcsim/build/CMakeFiles/feature_tests.c
Linking C executable cmTC_5e1d6
/grid/fermiapp/products/larsoft/cmake/v3_10_1/Linux64bit+3.10-2.17/bin/cmake -E cmake_link_script CMakeFiles/cmTC_5e1d6.dir/link.txt --verbose=1
/grid/fermiapp/products/larsoft/gcc/v6_4_0/Linux64bit+3.10-2.17/bin/gcc      -rdynamic CMakeFiles/cmTC_5e1d6.dir/feature_tests.c.o  -o cmTC_5e1d6 
gmake[1]: Leaving directory `/annie/app/users/neverett/WCSim/wcsim/build/CMakeFiles/CMakeTmp'


    Feature record: C_FEATURE:1c_function_prototypes
    Feature record: C_FEATURE:1c_restrict
    Feature record: C_FEATURE:0c_static_assert
    Feature record: C_FEATURE:1c_variadic_macros


Detecting C [-std=c90] compiler features compiled with the following output:
Change Dir: /annie/app/users/neverett/WCSim/wcsim/build/CMakeFiles/CMakeTmp

Run Build Command:"/usr/bin/gmake" "cmTC_f576f/fast"
/usr/bin/gmake -f CMakeFiles/cmTC_f576f.dir/build.make CMakeFiles/cmTC_f576f.dir/build
gmake[1]: Entering directory `/annie/app/users/neverett/WCSim/wcsim/build/CMakeFiles/CMakeTmp'
Building C object CMakeFiles/cmTC_f576f.dir/feature_tests.c.o
/grid/fermiapp/products/larsoft/gcc/v6_4_0/Linux64bit+3.10-2.17/bin/gcc   -std=c90 -o CMakeFiles/cmTC_f576f.dir/feature_tests.c.o   -c /annie/app/users/neverett/WCSim/wcsim/build/CMakeFiles/feature_tests.c
Linking C executable cmTC_f576f
/grid/fermiapp/products/larsoft/cmake/v3_10_1/Linux64bit+3.10-2.17/bin/cmake -E cmake_link_script CMakeFiles/cmTC_f576f.dir/link.txt --verbose=1
/grid/fermiapp/products/larsoft/gcc/v6_4_0/Linux64bit+3.10-2.17/bin/gcc      -rdynamic CMakeFiles/cmTC_f576f.dir/feature_tests.c.o  -o cmTC_f576f 
gmake[1]: Leaving directory `/annie/app/users/neverett/WCSim/wcsim/build/CMakeFiles/CMakeTmp'


    Feature record: C_FEATURE:1c_function_prototypes
    Feature record: C_FEATURE:0c_restrict
    Feature record: C_FEATURE:0c_static_assert
    Feature record: C_FEATURE:0c_variadic_macros
Determining if the CXX compiler works passed with the following output:
Change Dir: /annie/app/users/neverett/WCSim/wcsim/build/CMakeFiles/CMakeTmp

Run Build Command:"/usr/bin/gmake" "cmTC_d04ea/fast"
/usr/bin/gmake -f CMakeFiles/cmTC_d04ea.dir/build.make CMakeFiles/cmTC_d04ea.dir/build
gmake[1]: Entering directory `/annie/app/users/neverett/WCSim/wcsim/build/CMakeFiles/CMakeTmp'
Building CXX object CMakeFiles/cmTC_d04ea.dir/testCXXCompiler.cxx.o
/grid/fermiapp/products/larsoft/gcc/v6_4_0/Linux64bit+3.10-2.17/bin/g++     -o CMakeFiles/cmTC_d04ea.dir/testCXXCompiler.cxx.o -c /annie/app/users/neverett/WCSim/wcsim/build/CMakeFiles/CMakeTmp/testCXXCompiler.cxx
Linking CXX executable cmTC_d04ea
/grid/fermiapp/products/larsoft/cmake/v3_10_1/Linux64bit+3.10-2.17/bin/cmake -E cmake_link_script CMakeFiles/cmTC_d04ea.dir/link.txt --verbose=1
/grid/fermiapp/products/larsoft/gcc/v6_4_0/Linux64bit+3.10-2.17/bin/g++       -rdynamic CMakeFiles/cmTC_d04ea.dir/testCXXCompiler.cxx.o  -o cmTC_d04ea 
gmake[1]: Leaving directory `/annie/app/users/neverett/WCSim/wcsim/build/CMakeFiles/CMakeTmp'


Detecting CXX compiler ABI info compiled with the following output:
Change Dir: /annie/app/users/neverett/WCSim/wcsim/build/CMakeFiles/CMakeTmp

Run Build Command:"/usr/bin/gmake" "cmTC_662a3/fast"
/usr/bin/gmake -f CMakeFiles/cmTC_662a3.dir/build.make CMakeFiles/cmTC_662a3.dir/build
gmake[1]: Entering directory `/annie/app/users/neverett/WCSim/wcsim/build/CMakeFiles/CMakeTmp'
Building CXX object CMakeFiles/cmTC_662a3.dir/CMakeCXXCompilerABI.cpp.o
/grid/fermiapp/products/larsoft/gcc/v6_4_0/Linux64bit+3.10-2.17/bin/g++     -o CMakeFiles/cmTC_662a3.dir/CMakeCXXCompilerABI.cpp.o -c /grid/fermiapp/products/larsoft/cmake/v3_10_1/Linux64bit+3.10-2.17/share/cmake-3.10/Modules/CMakeCXXCompilerABI.cpp
Linking CXX executable cmTC_662a3
/grid/fermiapp/products/larsoft/cmake/v3_10_1/Linux64bit+3.10-2.17/bin/cmake -E cmake_link_script CMakeFiles/cmTC_662a3.dir/link.txt --verbose=1
/grid/fermiapp/products/larsoft/gcc/v6_4_0/Linux64bit+3.10-2.17/bin/g++      -v -rdynamic CMakeFiles/cmTC_662a3.dir/CMakeCXXCompilerABI.cpp.o  -o cmTC_662a3 
Using built-in specs.
COLLECT_GCC=/grid/fermiapp/products/larsoft/gcc/v6_4_0/Linux64bit+3.10-2.17/bin/g++
COLLECT_LTO_WRAPPER=/grid/fermiapp/products/larsoft/gcc/v6_4_0/Linux64bit+3.10-2.17/bin/../libexec/gcc/x86_64-pc-linux-gnu/6.4.0/lto-wrapper
Target: x86_64-pc-linux-gnu
Configured with: ./configure --prefix=/scratch/workspace/art-build-base/v6_4_0/SLF7/build/gcc/v6_4_0/Linux64bit+3.10-2.17 --disable-libgcj --enable-threads=posix --enable-__cxa_atexit --enable-languages=c,c++,fortran,lto --with-system-zlib --enable-libstdcxx-time=rt --enable-stage1-checking=yes --enable-checking=release --enable-lto --enable-plugin
Thread model: posix
gcc version 6.4.0 (GCC) 
COMPILER_PATH=/grid/fermiapp/products/larsoft/gcc/v6_4_0/Linux64bit+3.10-2.17/bin/../libexec/gcc/x86_64-pc-linux-gnu/6.4.0/:/grid/fermiapp/products/larsoft/gcc/v6_4_0/Linux64bit+3.10-2.17/bin/../libexec/gcc/:/grid/fermiapp/products/larsoft/gcc/v6_4_0/Linux64bit+3.10-2.17/bin/
LIBRARY_PATH=/grid/fermiapp/products/larsoft/gcc/v6_4_0/Linux64bit+3.10-2.17/bin/../lib/gcc/x86_64-pc-linux-gnu/6.4.0/:/grid/fermiapp/products/larsoft/gcc/v6_4_0/Linux64bit+3.10-2.17/bin/../lib/gcc/:/grid/fermiapp/products/larsoft/gcc/v6_4_0/Linux64bit+3.10-2.17/bin/../lib/gcc/x86_64-pc-linux-gnu/6.4.0/../../../../lib64/:/lib/../lib64/:/usr/lib/../lib64/:/grid/fermiapp/products/larsoft/gcc/v6_4_0/Linux64bit+3.10-2.17/bin/../lib/gcc/x86_64-pc-linux-gnu/6.4.0/../../../:/lib/:/usr/lib/
COLLECT_GCC_OPTIONS='-v' '-rdynamic' '-o' 'cmTC_662a3' '-shared-libgcc' '-mtune=generic' '-march=x86-64'
 /grid/fermiapp/products/larsoft/gcc/v6_4_0/Linux64bit+3.10-2.17/bin/../libexec/gcc/x86_64-pc-linux-gnu/6.4.0/collect2 -plugin /grid/fermiapp/products/larsoft/gcc/v6_4_0/Linux64bit+3.10-2.17/bin/../libexec/gcc/x86_64-pc-linux-gnu/6.4.0/liblto_plugin.so -plugin-opt=/grid/fermiapp/products/larsoft/gcc/v6_4_0/Linux64bit+3.10-2.17/bin/../libexec/gcc/x86_64-pc-linux-gnu/6.4.0/lto-wrapper -plugin-opt=-fresolution=/tmp/ccb5z7Rk.res -plugin-opt=-pass-through=-lgcc_s -plugin-opt=-pass-through=-lgcc -plugin-opt=-pass-through=-lc -plugin-opt=-pass-through=-lgcc_s -plugin-opt=-pass-through=-lgcc --eh-frame-hdr -m elf_x86_64 -export-dynamic -dynamic-linker /lib64/ld-linux-x86-64.so.2 -o cmTC_662a3 /lib/../lib64/crt1.o /lib/../lib64/crti.o /grid/fermiapp/products/larsoft/gcc/v6_4_0/Linux64bit+3.10-2.17/bin/../lib/gcc/x86_64-pc-linux-gnu/6.4.0/crtbegin.o -L/grid/fermiapp/products/larsoft/gcc/v6_4_0/Linux64bit+3.10-2.17/bin/../lib/gcc/x86_64-pc-linux-gnu/6.4.0 -L/grid/fermiapp/products/larsoft/gcc/v6_4_0/Linux64bit+3.10-2.17/bin/../lib/gcc -L/grid/fermiapp/products/larsoft/gcc/v6_4_0/Linux64bit+3.10-2.17/bin/../lib/gcc/x86_64-pc-linux-gnu/6.4.0/../../../../lib64 -L/lib/../lib64 -L/usr/lib/../lib64 -L/grid/fermiapp/products/larsoft/gcc/v6_4_0/Linux64bit+3.10-2.17/bin/../lib/gcc/x86_64-pc-linux-gnu/6.4.0/../../.. CMakeFiles/cmTC_662a3.dir/CMakeCXXCompilerABI.cpp.o -lstdc++ -lm -lgcc_s -lgcc -lc -lgcc_s -lgcc /grid/fermiapp/products/larsoft/gcc/v6_4_0/Linux64bit+3.10-2.17/bin/../lib/gcc/x86_64-pc-linux-gnu/6.4.0/crtend.o /lib/../lib64/crtn.o
COLLECT_GCC_OPTIONS='-v' '-rdynamic' '-o' 'cmTC_662a3' '-shared-libgcc' '-mtune=generic' '-march=x86-64'
gmake[1]: Leaving directory `/annie/app/users/neverett/WCSim/wcsim/build/CMakeFiles/CMakeTmp'


Parsed CXX implicit link information from above output:
  link line regex: [^( *|.*[/\])(ld|CMAKE_LINK_STARTFILE-NOTFOUND|([^/\]+-)?ld|collect2)[^/\]*( |$)]
  ignore line: [Change Dir: /annie/app/users/neverett/WCSim/wcsim/build/CMakeFiles/CMakeTmp]
  ignore line: []
  ignore line: [Run Build Command:"/usr/bin/gmake" "cmTC_662a3/fast"]
  ignore line: [/usr/bin/gmake -f CMakeFiles/cmTC_662a3.dir/build.make CMakeFiles/cmTC_662a3.dir/build]
  ignore line: [gmake[1]: Entering directory `/annie/app/users/neverett/WCSim/wcsim/build/CMakeFiles/CMakeTmp']
  ignore line: [Building CXX object CMakeFiles/cmTC_662a3.dir/CMakeCXXCompilerABI.cpp.o]
  ignore line: [/grid/fermiapp/products/larsoft/gcc/v6_4_0/Linux64bit+3.10-2.17/bin/g++     -o CMakeFiles/cmTC_662a3.dir/CMakeCXXCompilerABI.cpp.o -c /grid/fermiapp/products/larsoft/cmake/v3_10_1/Linux64bit+3.10-2.17/share/cmake-3.10/Modules/CMakeCXXCompilerABI.cpp]
  ignore line: [Linking CXX executable cmTC_662a3]
  ignore line: [/grid/fermiapp/products/larsoft/cmake/v3_10_1/Linux64bit+3.10-2.17/bin/cmake -E cmake_link_script CMakeFiles/cmTC_662a3.dir/link.txt --verbose=1]
  ignore line: [/grid/fermiapp/products/larsoft/gcc/v6_4_0/Linux64bit+3.10-2.17/bin/g++      -v -rdynamic CMakeFiles/cmTC_662a3.dir/CMakeCXXCompilerABI.cpp.o  -o cmTC_662a3 ]
  ignore line: [Using built-in specs.]
  ignore line: [COLLECT_GCC=/grid/fermiapp/products/larsoft/gcc/v6_4_0/Linux64bit+3.10-2.17/bin/g++]
  ignore line: [COLLECT_LTO_WRAPPER=/grid/fermiapp/products/larsoft/gcc/v6_4_0/Linux64bit+3.10-2.17/bin/../libexec/gcc/x86_64-pc-linux-gnu/6.4.0/lto-wrapper]
  ignore line: [Target: x86_64-pc-linux-gnu]
  ignore line: [Configured with: ./configure --prefix=/scratch/workspace/art-build-base/v6_4_0/SLF7/build/gcc/v6_4_0/Linux64bit+3.10-2.17 --disable-libgcj --enable-threads=posix --enable-__cxa_atexit --enable-languages=c,c++,fortran,lto --with-system-zlib --enable-libstdcxx-time=rt --enable-stage1-checking=yes --enable-checking=release --enable-lto --enable-plugin]
  ignore line: [Thread model: posix]
  ignore line: [gcc version 6.4.0 (GCC) ]
  ignore line: [COMPILER_PATH=/grid/fermiapp/products/larsoft/gcc/v6_4_0/Linux64bit+3.10-2.17/bin/../libexec/gcc/x86_64-pc-linux-gnu/6.4.0/:/grid/fermiapp/products/larsoft/gcc/v6_4_0/Linux64bit+3.10-2.17/bin/../libexec/gcc/:/grid/fermiapp/products/larsoft/gcc/v6_4_0/Linux64bit+3.10-2.17/bin/]
  ignore line: [LIBRARY_PATH=/grid/fermiapp/products/larsoft/gcc/v6_4_0/Linux64bit+3.10-2.17/bin/../lib/gcc/x86_64-pc-linux-gnu/6.4.0/:/grid/fermiapp/products/larsoft/gcc/v6_4_0/Linux64bit+3.10-2.17/bin/../lib/gcc/:/grid/fermiapp/products/larsoft/gcc/v6_4_0/Linux64bit+3.10-2.17/bin/../lib/gcc/x86_64-pc-linux-gnu/6.4.0/../../../../lib64/:/lib/../lib64/:/usr/lib/../lib64/:/grid/fermiapp/products/larsoft/gcc/v6_4_0/Linux64bit+3.10-2.17/bin/../lib/gcc/x86_64-pc-linux-gnu/6.4.0/../../../:/lib/:/usr/lib/]
  ignore line: [COLLECT_GCC_OPTIONS='-v' '-rdynamic' '-o' 'cmTC_662a3' '-shared-libgcc' '-mtune=generic' '-march=x86-64']
  link line: [ /grid/fermiapp/products/larsoft/gcc/v6_4_0/Linux64bit+3.10-2.17/bin/../libexec/gcc/x86_64-pc-linux-gnu/6.4.0/collect2 -plugin /grid/fermiapp/products/larsoft/gcc/v6_4_0/Linux64bit+3.10-2.17/bin/../libexec/gcc/x86_64-pc-linux-gnu/6.4.0/liblto_plugin.so -plugin-opt=/grid/fermiapp/products/larsoft/gcc/v6_4_0/Linux64bit+3.10-2.17/bin/../libexec/gcc/x86_64-pc-linux-gnu/6.4.0/lto-wrapper -plugin-opt=-fresolution=/tmp/ccb5z7Rk.res -plugin-opt=-pass-through=-lgcc_s -plugin-opt=-pass-through=-lgcc -plugin-opt=-pass-through=-lc -plugin-opt=-pass-through=-lgcc_s -plugin-opt=-pass-through=-lgcc --eh-frame-hdr -m elf_x86_64 -export-dynamic -dynamic-linker /lib64/ld-linux-x86-64.so.2 -o cmTC_662a3 /lib/../lib64/crt1.o /lib/../lib64/crti.o /grid/fermiapp/products/larsoft/gcc/v6_4_0/Linux64bit+3.10-2.17/bin/../lib/gcc/x86_64-pc-linux-gnu/6.4.0/crtbegin.o -L/grid/fermiapp/products/larsoft/gcc/v6_4_0/Linux64bit+3.10-2.17/bin/../lib/gcc/x86_64-pc-linux-gnu/6.4.0 -L/grid/fermiapp/products/larsoft/gcc/v6_4_0/Linux64bit+3.10-2.17/bin/../lib/gcc -L/grid/fermiapp/products/larsoft/gcc/v6_4_0/Linux64bit+3.10-2.17/bin/../lib/gcc/x86_64-pc-linux-gnu/6.4.0/../../../../lib64 -L/lib/../lib64 -L/usr/lib/../lib64 -L/grid/fermiapp/products/larsoft/gcc/v6_4_0/Linux64bit+3.10-2.17/bin/../lib/gcc/x86_64-pc-linux-gnu/6.4.0/../../.. CMakeFiles/cmTC_662a3.dir/CMakeCXXCompilerABI.cpp.o -lstdc++ -lm -lgcc_s -lgcc -lc -lgcc_s -lgcc /grid/fermiapp/products/larsoft/gcc/v6_4_0/Linux64bit+3.10-2.17/bin/../lib/gcc/x86_64-pc-linux-gnu/6.4.0/crtend.o /lib/../lib64/crtn.o]
    arg [/grid/fermiapp/products/larsoft/gcc/v6_4_0/Linux64bit+3.10-2.17/bin/../libexec/gcc/x86_64-pc-linux-gnu/6.4.0/collect2] ==> ignore
    arg [-plugin] ==> ignore
    arg [/grid/fermiapp/products/larsoft/gcc/v6_4_0/Linux64bit+3.10-2.17/bin/../libexec/gcc/x86_64-pc-linux-gnu/6.4.0/liblto_plugin.so] ==> ignore
    arg [-plugin-opt=/grid/fermiapp/products/larsoft/gcc/v6_4_0/Linux64bit+3.10-2.17/bin/../libexec/gcc/x86_64-pc-linux-gnu/6.4.0/lto-wrapper] ==> ignore
    arg [-plugin-opt=-fresolution=/tmp/ccb5z7Rk.res] ==> ignore
    arg [-plugin-opt=-pass-through=-lgcc_s] ==> ignore
    arg [-plugin-opt=-pass-through=-lgcc] ==> ignore
    arg [-plugin-opt=-pass-through=-lc] ==> ignore
    arg [-plugin-opt=-pass-through=-lgcc_s] ==> ignore
    arg [-plugin-opt=-pass-through=-lgcc] ==> ignore
    arg [--eh-frame-hdr] ==> ignore
    arg [-m] ==> ignore
    arg [elf_x86_64] ==> ignore
    arg [-export-dynamic] ==> ignore
    arg [-dynamic-linker] ==> ignore
    arg [/lib64/ld-linux-x86-64.so.2] ==> ignore
    arg [-o] ==> ignore
    arg [cmTC_662a3] ==> ignore
    arg [/lib/../lib64/crt1.o] ==> ignore
    arg [/lib/../lib64/crti.o] ==> ignore
    arg [/grid/fermiapp/products/larsoft/gcc/v6_4_0/Linux64bit+3.10-2.17/bin/../lib/gcc/x86_64-pc-linux-gnu/6.4.0/crtbegin.o] ==> ignore
    arg [-L/grid/fermiapp/products/larsoft/gcc/v6_4_0/Linux64bit+3.10-2.17/bin/../lib/gcc/x86_64-pc-linux-gnu/6.4.0] ==> dir [/grid/fermiapp/products/larsoft/gcc/v6_4_0/Linux64bit+3.10-2.17/bin/../lib/gcc/x86_64-pc-linux-gnu/6.4.0]
    arg [-L/grid/fermiapp/products/larsoft/gcc/v6_4_0/Linux64bit+3.10-2.17/bin/../lib/gcc] ==> dir [/grid/fermiapp/products/larsoft/gcc/v6_4_0/Linux64bit+3.10-2.17/bin/../lib/gcc]
    arg [-L/grid/fermiapp/products/larsoft/gcc/v6_4_0/Linux64bit+3.10-2.17/bin/../lib/gcc/x86_64-pc-linux-gnu/6.4.0/../../../../lib64] ==> dir [/grid/fermiapp/products/larsoft/gcc/v6_4_0/Linux64bit+3.10-2.17/bin/../lib/gcc/x86_64-pc-linux-gnu/6.4.0/../../../../lib64]
    arg [-L/lib/../lib64] ==> dir [/lib/../lib64]
    arg [-L/usr/lib/../lib64] ==> dir [/usr/lib/../lib64]
    arg [-L/grid/fermiapp/products/larsoft/gcc/v6_4_0/Linux64bit+3.10-2.17/bin/../lib/gcc/x86_64-pc-linux-gnu/6.4.0/../../..] ==> dir [/grid/fermiapp/products/larsoft/gcc/v6_4_0/Linux64bit+3.10-2.17/bin/../lib/gcc/x86_64-pc-linux-gnu/6.4.0/../../..]
    arg [CMakeFiles/cmTC_662a3.dir/CMakeCXXCompilerABI.cpp.o] ==> ignore
    arg [-lstdc++] ==> lib [stdc++]
    arg [-lm] ==> lib [m]
    arg [-lgcc_s] ==> lib [gcc_s]
    arg [-lgcc] ==> lib [gcc]
    arg [-lc] ==> lib [c]
    arg [-lgcc_s] ==> lib [gcc_s]
    arg [-lgcc] ==> lib [gcc]
    arg [/grid/fermiapp/products/larsoft/gcc/v6_4_0/Linux64bit+3.10-2.17/bin/../lib/gcc/x86_64-pc-linux-gnu/6.4.0/crtend.o] ==> ignore
    arg [/lib/../lib64/crtn.o] ==> ignore
  collapse library dir [/grid/fermiapp/products/larsoft/gcc/v6_4_0/Linux64bit+3.10-2.17/bin/../lib/gcc/x86_64-pc-linux-gnu/6.4.0] ==> [/grid/fermiapp/products/larsoft/gcc/v6_4_0/Linux64bit+3.10-2.17/lib/gcc/x86_64-pc-linux-gnu/6.4.0]
  collapse library dir [/grid/fermiapp/products/larsoft/gcc/v6_4_0/Linux64bit+3.10-2.17/bin/../lib/gcc] ==> [/grid/fermiapp/products/larsoft/gcc/v6_4_0/Linux64bit+3.10-2.17/lib/gcc]
  collapse library dir [/grid/fermiapp/products/larsoft/gcc/v6_4_0/Linux64bit+3.10-2.17/bin/../lib/gcc/x86_64-pc-linux-gnu/6.4.0/../../../../lib64] ==> [/grid/fermiapp/products/larsoft/gcc/v6_4_0/Linux64bit+3.10-2.17/lib64]
  collapse library dir [/lib/../lib64] ==> [/lib64]
  collapse library dir [/usr/lib/../lib64] ==> [/usr/lib64]
  collapse library dir [/grid/fermiapp/products/larsoft/gcc/v6_4_0/Linux64bit+3.10-2.17/bin/../lib/gcc/x86_64-pc-linux-gnu/6.4.0/../../..] ==> [/grid/fermiapp/products/larsoft/gcc/v6_4_0/Linux64bit+3.10-2.17/lib]
  implicit libs: [stdc++;m;gcc_s;gcc;c;gcc_s;gcc]
  implicit dirs: [/grid/fermiapp/products/larsoft/gcc/v6_4_0/Linux64bit+3.10-2.17/lib/gcc/x86_64-pc-linux-gnu/6.4.0;/grid/fermiapp/products/larsoft/gcc/v6_4_0/Linux64bit+3.10-2.17/lib/gcc;/grid/fermiapp/products/larsoft/gcc/v6_4_0/Linux64bit+3.10-2.17/lib64;/lib64;/usr/lib64;/grid/fermiapp/products/larsoft/gcc/v6_4_0/Linux64bit+3.10-2.17/lib]
  implicit fwks: []




Detecting CXX [-std=c++1z] compiler features compiled with the following output:
Change Dir: /annie/app/users/neverett/WCSim/wcsim/build/CMakeFiles/CMakeTmp

Run Build Command:"/usr/bin/gmake" "cmTC_6d745/fast"
/usr/bin/gmake -f CMakeFiles/cmTC_6d745.dir/build.make CMakeFiles/cmTC_6d745.dir/build
gmake[1]: Entering directory `/annie/app/users/neverett/WCSim/wcsim/build/CMakeFiles/CMakeTmp'
Building CXX object CMakeFiles/cmTC_6d745.dir/feature_tests.cxx.o
/grid/fermiapp/products/larsoft/gcc/v6_4_0/Linux64bit+3.10-2.17/bin/g++    -std=c++1z -o CMakeFiles/cmTC_6d745.dir/feature_tests.cxx.o -c /annie/app/users/neverett/WCSim/wcsim/build/CMakeFiles/feature_tests.cxx
Linking CXX executable cmTC_6d745
/grid/fermiapp/products/larsoft/cmake/v3_10_1/Linux64bit+3.10-2.17/bin/cmake -E cmake_link_script CMakeFiles/cmTC_6d745.dir/link.txt --verbose=1
/grid/fermiapp/products/larsoft/gcc/v6_4_0/Linux64bit+3.10-2.17/bin/g++       -rdynamic CMakeFiles/cmTC_6d745.dir/feature_tests.cxx.o  -o cmTC_6d745 
gmake[1]: Leaving directory `/annie/app/users/neverett/WCSim/wcsim/build/CMakeFiles/CMakeTmp'


    Feature record: CXX_FEATURE:1cxx_aggregate_default_initializers
    Feature record: CXX_FEATURE:1cxx_alias_templates
    Feature record: CXX_FEATURE:1cxx_alignas
    Feature record: CXX_FEATURE:1cxx_alignof
    Feature record: CXX_FEATURE:1cxx_attributes
    Feature record: CXX_FEATURE:1cxx_attribute_deprecated
    Feature record: CXX_FEATURE:1cxx_auto_type
    Feature record: CXX_FEATURE:1cxx_binary_literals
    Feature record: CXX_FEATURE:1cxx_constexpr
    Feature record: CXX_FEATURE:1cxx_contextual_conversions
    Feature record: CXX_FEATURE:1cxx_decltype
    Feature record: CXX_FEATURE:1cxx_decltype_auto
    Feature record: CXX_FEATURE:1cxx_decltype_incomplete_return_types
    Feature record: CXX_FEATURE:1cxx_default_function_template_args
    Feature record: CXX_FEATURE:1cxx_defaulted_functions
    Feature record: CXX_FEATURE:1cxx_defaulted_move_initializers
    Feature record: CXX_FEATURE:1cxx_delegating_constructors
    Feature record: CXX_FEATURE:1cxx_deleted_functions
    Feature record: CXX_FEATURE:1cxx_digit_separators
    Feature record: CXX_FEATURE:1cxx_enum_forward_declarations
    Feature record: CXX_FEATURE:1cxx_explicit_conversions
    Feature record: CXX_FEATURE:1cxx_extended_friend_declarations
    Feature record: CXX_FEATURE:1cxx_extern_templates
    Feature record: CXX_FEATURE:1cxx_final
    Feature record: CXX_FEATURE:1cxx_func_identifier
    Feature record: CXX_FEATURE:1cxx_generalized_initializers
    Feature record: CXX_FEATURE:1cxx_generic_lambdas
    Feature record: CXX_FEATURE:1cxx_inheriting_constructors
    Feature record: CXX_FEATURE:1cxx_inline_namespaces
    Feature record: CXX_FEATURE:1cxx_lambdas
    Feature record: CXX_FEATURE:1cxx_lambda_init_captures
    Feature record: CXX_FEATURE:1cxx_local_type_template_args
    Feature record: CXX_FEATURE:1cxx_long_long_type
    Feature record: CXX_FEATURE:1cxx_noexcept
    Feature record: CXX_FEATURE:1cxx_nonstatic_member_init
    Feature record: CXX_FEATURE:1cxx_nullptr
    Feature record: CXX_FEATURE:1cxx_override
    Feature record: CXX_FEATURE:1cxx_range_for
    Feature record: CXX_FEATURE:1cxx_raw_string_literals
    Feature record: CXX_FEATURE:1cxx_reference_qualified_functions
    Feature record: CXX_FEATURE:1cxx_relaxed_constexpr
    Feature record: CXX_FEATURE:1cxx_return_type_deduction
    Feature record: CXX_FEATURE:1cxx_right_angle_brackets
    Feature record: CXX_FEATURE:1cxx_rvalue_references
    Feature record: CXX_FEATURE:1cxx_sizeof_member
    Feature record: CXX_FEATURE:1cxx_static_assert
    Feature record: CXX_FEATURE:1cxx_strong_enums
    Feature record: CXX_FEATURE:1cxx_template_template_parameters
    Feature record: CXX_FEATURE:1cxx_thread_local
    Feature record: CXX_FEATURE:1cxx_trailing_return_types
    Feature record: CXX_FEATURE:1cxx_unicode_literals
    Feature record: CXX_FEATURE:1cxx_uniform_initialization
    Feature record: CXX_FEATURE:1cxx_unrestricted_unions
    Feature record: CXX_FEATURE:1cxx_user_literals
    Feature record: CXX_FEATURE:1cxx_variable_templates
    Feature record: CXX_FEATURE:1cxx_variadic_macros
    Feature record: CXX_FEATURE:1cxx_variadic_templates


Detecting CXX [-std=c++14] compiler features compiled with the following output:
Change Dir: /annie/app/users/neverett/WCSim/wcsim/build/CMakeFiles/CMakeTmp

Run Build Command:"/usr/bin/gmake" "cmTC_a6d01/fast"
/usr/bin/gmake -f CMakeFiles/cmTC_a6d01.dir/build.make CMakeFiles/cmTC_a6d01.dir/build
gmake[1]: Entering directory `/annie/app/users/neverett/WCSim/wcsim/build/CMakeFiles/CMakeTmp'
Building CXX object CMakeFiles/cmTC_a6d01.dir/feature_tests.cxx.o
/grid/fermiapp/products/larsoft/gcc/v6_4_0/Linux64bit+3.10-2.17/bin/g++    -std=c++14 -o CMakeFiles/cmTC_a6d01.dir/feature_tests.cxx.o -c /annie/app/users/neverett/WCSim/wcsim/build/CMakeFiles/feature_tests.cxx
Linking CXX executable cmTC_a6d01
/grid/fermiapp/products/larsoft/cmake/v3_10_1/Linux64bit+3.10-2.17/bin/cmake -E cmake_link_script CMakeFiles/cmTC_a6d01.dir/link.txt --verbose=1
/grid/fermiapp/products/larsoft/gcc/v6_4_0/Linux64bit+3.10-2.17/bin/g++       -rdynamic CMakeFiles/cmTC_a6d01.dir/feature_tests.cxx.o  -o cmTC_a6d01 
gmake[1]: Leaving directory `/annie/app/users/neverett/WCSim/wcsim/build/CMakeFiles/CMakeTmp'


    Feature record: CXX_FEATURE:1cxx_aggregate_default_initializers
    Feature record: CXX_FEATURE:1cxx_alias_templates
    Feature record: CXX_FEATURE:1cxx_alignas
    Feature record: CXX_FEATURE:1cxx_alignof
    Feature record: CXX_FEATURE:1cxx_attributes
    Feature record: CXX_FEATURE:1cxx_attribute_deprecated
    Feature record: CXX_FEATURE:1cxx_auto_type
    Feature record: CXX_FEATURE:1cxx_binary_literals
    Feature record: CXX_FEATURE:1cxx_constexpr
    Feature record: CXX_FEATURE:1cxx_contextual_conversions
    Feature record: CXX_FEATURE:1cxx_decltype
    Feature record: CXX_FEATURE:1cxx_decltype_auto
    Feature record: CXX_FEATURE:1cxx_decltype_incomplete_return_types
    Feature record: CXX_FEATURE:1cxx_default_function_template_args
    Feature record: CXX_FEATURE:1cxx_defaulted_functions
    Feature record: CXX_FEATURE:1cxx_defaulted_move_initializers
    Feature record: CXX_FEATURE:1cxx_delegating_constructors
    Feature record: CXX_FEATURE:1cxx_deleted_functions
    Feature record: CXX_FEATURE:1cxx_digit_separators
    Feature record: CXX_FEATURE:1cxx_enum_forward_declarations
    Feature record: CXX_FEATURE:1cxx_explicit_conversions
    Feature record: CXX_FEATURE:1cxx_extended_friend_declarations
    Feature record: CXX_FEATURE:1cxx_extern_templates
    Feature record: CXX_FEATURE:1cxx_final
    Feature record: CXX_FEATURE:1cxx_func_identifier
    Feature record: CXX_FEATURE:1cxx_generalized_initializers
    Feature record: CXX_FEATURE:1cxx_generic_lambdas
    Feature record: CXX_FEATURE:1cxx_inheriting_constructors
    Feature record: CXX_FEATURE:1cxx_inline_namespaces
    Feature record: CXX_FEATURE:1cxx_lambdas
    Feature record: CXX_FEATURE:1cxx_lambda_init_captures
    Feature record: CXX_FEATURE:1cxx_local_type_template_args
    Feature record: CXX_FEATURE:1cxx_long_long_type
    Feature record: CXX_FEATURE:1cxx_noexcept
    Feature record: CXX_FEATURE:1cxx_nonstatic_member_init
    Feature record: CXX_FEATURE:1cxx_nullptr
    Feature record: CXX_FEATURE:1cxx_override
    Feature record: CXX_FEATURE:1cxx_range_for
    Feature record: CXX_FEATURE:1cxx_raw_string_literals
    Feature record: CXX_FEATURE:1cxx_reference_qualified_functions
    Feature record: CXX_FEATURE:1cxx_relaxed_constexpr
    Feature record: CXX_FEATURE:1cxx_return_type_deduction
    Feature record: CXX_FEATURE:1cxx_right_angle_brackets
    Feature record: CXX_FEATURE:1cxx_rvalue_references
    Feature record: CXX_FEATURE:1cxx_sizeof_member
    Feature record: CXX_FEATURE:1cxx_static_assert
    Feature record: CXX_FEATURE:1cxx_strong_enums
    Feature record: CXX_FEATURE:1cxx_template_template_parameters
    Feature record: CXX_FEATURE:1cxx_thread_local
    Feature record: CXX_FEATURE:1cxx_trailing_return_types
    Feature record: CXX_FEATURE:1cxx_unicode_literals
    Feature record: CXX_FEATURE:1cxx_uniform_initialization
    Feature record: CXX_FEATURE:1cxx_unrestricted_unions
    Feature record: CXX_FEATURE:1cxx_user_literals
    Feature record: CXX_FEATURE:1cxx_variable_templates
    Feature record: CXX_FEATURE:1cxx_variadic_macros
    Feature record: CXX_FEATURE:1cxx_variadic_templates


Detecting CXX [-std=c++11] compiler features compiled with the following output:
Change Dir: /annie/app/users/neverett/WCSim/wcsim/build/CMakeFiles/CMakeTmp

Run Build Command:"/usr/bin/gmake" "cmTC_b95d7/fast"
/usr/bin/gmake -f CMakeFiles/cmTC_b95d7.dir/build.make CMakeFiles/cmTC_b95d7.dir/build
gmake[1]: Entering directory `/annie/app/users/neverett/WCSim/wcsim/build/CMakeFiles/CMakeTmp'
Building CXX object CMakeFiles/cmTC_b95d7.dir/feature_tests.cxx.o
/grid/fermiapp/products/larsoft/gcc/v6_4_0/Linux64bit+3.10-2.17/bin/g++    -std=c++11 -o CMakeFiles/cmTC_b95d7.dir/feature_tests.cxx.o -c /annie/app/users/neverett/WCSim/wcsim/build/CMakeFiles/feature_tests.cxx
Linking CXX executable cmTC_b95d7
/grid/fermiapp/products/larsoft/cmake/v3_10_1/Linux64bit+3.10-2.17/bin/cmake -E cmake_link_script CMakeFiles/cmTC_b95d7.dir/link.txt --verbose=1
/grid/fermiapp/products/larsoft/gcc/v6_4_0/Linux64bit+3.10-2.17/bin/g++       -rdynamic CMakeFiles/cmTC_b95d7.dir/feature_tests.cxx.o  -o cmTC_b95d7 
gmake[1]: Leaving directory `/annie/app/users/neverett/WCSim/wcsim/build/CMakeFiles/CMakeTmp'


    Feature record: CXX_FEATURE:0cxx_aggregate_default_initializers
    Feature record: CXX_FEATURE:1cxx_alias_templates
    Feature record: CXX_FEATURE:1cxx_alignas
    Feature record: CXX_FEATURE:1cxx_alignof
    Feature record: CXX_FEATURE:1cxx_attributes
    Feature record: CXX_FEATURE:0cxx_attribute_deprecated
    Feature record: CXX_FEATURE:1cxx_auto_type
    Feature record: CXX_FEATURE:0cxx_binary_literals
    Feature record: CXX_FEATURE:1cxx_constexpr
    Feature record: CXX_FEATURE:0cxx_contextual_conversions
    Feature record: CXX_FEATURE:1cxx_decltype
    Feature record: CXX_FEATURE:0cxx_decltype_auto
    Feature record: CXX_FEATURE:1cxx_decltype_incomplete_return_types
    Feature record: CXX_FEATURE:1cxx_default_function_template_args
    Feature record: CXX_FEATURE:1cxx_defaulted_functions
    Feature record: CXX_FEATURE:1cxx_defaulted_move_initializers
    Feature record: CXX_FEATURE:1cxx_delegating_constructors
    Feature record: CXX_FEATURE:1cxx_deleted_functions
    Feature record: CXX_FEATURE:0cxx_digit_separators
    Feature record: CXX_FEATURE:1cxx_enum_forward_declarations
    Feature record: CXX_FEATURE:1cxx_explicit_conversions
    Feature record: CXX_FEATURE:1cxx_extended_friend_declarations
    Feature record: CXX_FEATURE:1cxx_extern_templates
    Feature record: CXX_FEATURE:1cxx_final
    Feature record: CXX_FEATURE:1cxx_func_identifier
    Feature record: CXX_FEATURE:1cxx_generalized_initializers
    Feature record: CXX_FEATURE:0cxx_generic_lambdas
    Feature record: CXX_FEATURE:1cxx_inheriting_constructors
    Feature record: CXX_FEATURE:1cxx_inline_namespaces
    Feature record: CXX_FEATURE:1cxx_lambdas
    Feature record: CXX_FEATURE:0cxx_lambda_init_captures
    Feature record: CXX_FEATURE:1cxx_local_type_template_args
    Feature record: CXX_FEATURE:1cxx_long_long_type
    Feature record: CXX_FEATURE:1cxx_noexcept
    Feature record: CXX_FEATURE:1cxx_nonstatic_member_init
    Feature record: CXX_FEATURE:1cxx_nullptr
    Feature record: CXX_FEATURE:1cxx_override
    Feature record: CXX_FEATURE:1cxx_range_for
    Feature record: CXX_FEATURE:1cxx_raw_string_literals
    Feature record: CXX_FEATURE:1cxx_reference_qualified_functions
    Feature record: CXX_FEATURE:0cxx_relaxed_constexpr
    Feature record: CXX_FEATURE:0cxx_return_type_deduction
    Feature record: CXX_FEATURE:1cxx_right_angle_brackets
    Feature record: CXX_FEATURE:1cxx_rvalue_references
    Feature record: CXX_FEATURE:1cxx_sizeof_member
    Feature record: CXX_FEATURE:1cxx_static_assert
    Feature record: CXX_FEATURE:1cxx_strong_enums
    Feature record: CXX_FEATURE:1cxx_template_template_parameters
    Feature record: CXX_FEATURE:1cxx_thread_local
    Feature record: CXX_FEATURE:1cxx_trailing_return_types
    Feature record: CXX_FEATURE:1cxx_unicode_literals
    Feature record: CXX_FEATURE:1cxx_uniform_initialization
    Feature record: CXX_FEATURE:1cxx_unrestricted_unions
    Feature record: CXX_FEATURE:1cxx_user_literals
    Feature record: CXX_FEATURE:0cxx_variable_templates
    Feature record: CXX_FEATURE:1cxx_variadic_macros
    Feature record: CXX_FEATURE:1cxx_variadic_templates


Detecting CXX [-std=c++98] compiler features compiled with the following output:
Change Dir: /annie/app/users/neverett/WCSim/wcsim/build/CMakeFiles/CMakeTmp

Run Build Command:"/usr/bin/gmake" "cmTC_78193/fast"
/usr/bin/gmake -f CMakeFiles/cmTC_78193.dir/build.make CMakeFiles/cmTC_78193.dir/build
gmake[1]: Entering directory `/annie/app/users/neverett/WCSim/wcsim/build/CMakeFiles/CMakeTmp'
Building CXX object CMakeFiles/cmTC_78193.dir/feature_tests.cxx.o
/grid/fermiapp/products/larsoft/gcc/v6_4_0/Linux64bit+3.10-2.17/bin/g++    -std=c++98 -o CMakeFiles/cmTC_78193.dir/feature_tests.cxx.o -c /annie/app/users/neverett/WCSim/wcsim/build/CMakeFiles/feature_tests.cxx
Linking CXX executable cmTC_78193
/grid/fermiapp/products/larsoft/cmake/v3_10_1/Linux64bit+3.10-2.17/bin/cmake -E cmake_link_script CMakeFiles/cmTC_78193.dir/link.txt --verbose=1
/grid/fermiapp/products/larsoft/gcc/v6_4_0/Linux64bit+3.10-2.17/bin/g++       -rdynamic CMakeFiles/cmTC_78193.dir/feature_tests.cxx.o  -o cmTC_78193 
gmake[1]: Leaving directory `/annie/app/users/neverett/WCSim/wcsim/build/CMakeFiles/CMakeTmp'


    Feature record: CXX_FEATURE:0cxx_aggregate_default_initializers
    Feature record: CXX_FEATURE:0cxx_alias_templates
    Feature record: CXX_FEATURE:0cxx_alignas
    Feature record: CXX_FEATURE:0cxx_alignof
    Feature record: CXX_FEATURE:0cxx_attributes
    Feature record: CXX_FEATURE:0cxx_attribute_deprecated
    Feature record: CXX_FEATURE:0cxx_auto_type
    Feature record: CXX_FEATURE:0cxx_binary_literals
    Feature record: CXX_FEATURE:0cxx_constexpr
    Feature record: CXX_FEATURE:0cxx_contextual_conversions
    Feature record: CXX_FEATURE:0cxx_decltype
    Feature record: CXX_FEATURE:0cxx_decltype_auto
    Feature record: CXX_FEATURE:0cxx_decltype_incomplete_return_types
    Feature record: CXX_FEATURE:0cxx_default_function_template_args
    Feature record: CXX_FEATURE:0cxx_defaulted_functions
    Feature record: CXX_FEATURE:0cxx_defaulted_move_initializers
    Feature record: CXX_FEATURE:0cxx_delegating_constructors
    Feature record: CXX_FEATURE:0cxx_deleted_functions
    Feature record: CXX_FEATURE:0cxx_digit_separators
    Feature record: CXX_FEATURE:0cxx_enum_forward_declarations
    Feature record: CXX_FEATURE:0cxx_explicit_conversions
    Feature record: CXX_FEATURE:0cxx_extended_friend_declarations
    Feature record: CXX_FEATURE:0cxx_extern_templates
    Feature record: CXX_FEATURE:0cxx_final
    Feature record: CXX_FEATURE:0cxx_func_identifier
    Feature record: CXX_FEATURE:0cxx_generalized_initializers
    Feature record: CXX_FEATURE:0cxx_generic_lambdas
    Feature record: CXX_FEATURE:0cxx_inheriting_constructors
    Feature record: CXX_FEATURE:0cxx_inline_namespaces
    Feature record: CXX_FEATURE:0cxx_lambdas
    Feature record: CXX_FEATURE:0cxx_lambda_init_captures
    Feature record: CXX_FEATURE:0cxx_local_type_template_args
    Feature record: CXX_FEATURE:0cxx_long_long_type
    Feature record: CXX_FEATURE:0cxx_noexcept
    Feature record: CXX_FEATURE:0cxx_nonstatic_member_init
    Feature record: CXX_FEATURE:0cxx_nullptr
    Feature record: CXX_FEATURE:0cxx_override
    Feature record: CXX_FEATURE:0cxx_range_for
    Feature record: CXX_FEATURE:0cxx_raw_string_literals
    Feature record: CXX_FEATURE:0cxx_reference_qualified_functions
    Feature record: CXX_FEATURE:0cxx_relaxed_constexpr
    Feature record: CXX_FEATURE:0cxx_return_type_deduction
    Feature record: CXX_FEATURE:0cxx_right_angle_brackets
    Feature record: CXX_FEATURE:0cxx_rvalue_references
    Feature record: CXX_FEATURE:0cxx_sizeof_member
    Feature record: CXX_FEATURE:0cxx_static_assert
    Feature record: CXX_FEATURE:0cxx_strong_enums
    Feature record: CXX_FEATURE:1cxx_template_template_parameters
    Feature record: CXX_FEATURE:0cxx_thread_local
    Feature record: CXX_FEATURE:0cxx_trailing_return_types
    Feature record: CXX_FEATURE:0cxx_unicode_literals
    Feature record: CXX_FEATURE:0cxx_uniform_initialization
    Feature record: CXX_FEATURE:0cxx_unrestricted_unions
    Feature record: CXX_FEATURE:0cxx_user_literals
    Feature record: CXX_FEATURE:0cxx_variable_templates
    Feature record: CXX_FEATURE:0cxx_variadic_macros
    Feature record: CXX_FEATURE:0cxx_variadic_templates
