

********************************************************************************************************

oooooo   oooooo     oooo       .o.       ooooooooo.   ooooo      ooo ooooo ooooo      ooo   .oooooo.    
 `888.    `888.     .8'       .888.      `888   `Y88. `888b.     `8' `888' `888b.     `8'  d8P'  `Y8b   
  `888.   .8888.   .8'       .8"888.      888   .d88'  8 `88b.    8   888   8 `88b.    8  888           
   `888  .8'`888. .8'       .8' `888.     888ooo88P'   8   `88b.  8   888   8   `88b.  8  888           
    `888.8'  `888.8'       .88ooo8888.    888`88b.     8     `88b.8   888   8     `88b.8  888     ooooo 
     `888'    `888'       .8'     `888.   888  `88b.   8       `888   888   8       `888  `88.    .88'  
      `8'      `8'       o88o     o8888o o888o  o888o o8o        `8  o888o o8o        `8   `Y8bood8P'   
                                                                                                        

********************************************************************************************************

                                THIS IS A DEVELOPMENT VERSION OF GENIE.
                      IT HAS *NOT* BEEN FULLY VALIDATED AND IT HAS EXPERIMENTAL FEATURES.

                                   USE THIS VERSION AT YOUR OWN RISK.

 If you prefer to use a version with validated physics content, please see http://releases.genie-mc.org

                            Site managers, please don't remove this notice!


 GENIE will continue running in 15 seconds...





*****************************************************************************************************************
*                                                                                                               *
*                                                   .oooooo.    oooooooooooo ooooo      ooo ooooo oooooooooooo  *
*                                                  d8P'  `Y8b   `888'     `8 `888b.     `8' `888' `888'     `8  *
*                                                 888            888          8 `88b.    8   888   888          * 
*                        Ndyooym          dN      888            888oooo8     8   `88b.  8   888   888oooo8     *
*                     Nds//+sdmoy       d+m       888     ooooo  888    "     8     `88b.8   888   888    "     * 
*                   Nh+//ohN  m+s      N//syyN    `88.    .88'   888       o  8       `888   888   888       o  *
*                 Ny+//od   Nh+oN       o///+      `Y8bood8P'   o888ooooood8 o8o        `8  o888o o888ooooood8  *
*               Nh+//om   Nh+/yN       o///s                                                                    *
*              d+//+d   my+/smmyhN    m///h                                      NEUTRINO MONTE CARLO GENERATOR *   
*            Ns///yN NdyoshNNs///d   h////yN                                                                    *
*           mo//om        ms///+m   d///////oyhmN                                           Version 999.999.999 *
*          N+//yN       ms////+N    h////////////oym                                                            *
*          s//h       ho/+///sN     N///////////////od                                  http://www.genie-mc.org *
*         N+/h     my++yh+//y       s/////////////////oN                                                        *
*         Ns/m Nmy++ymNh//+d        s//////////////////+m                                                       *
*          NhssoshN  Ny//sN         m///////////////////+                                                       *
*                  Nmo/+ohdmN        mo//////////////////h            NmmN                                      *
*              ms/+s//o/-----:+sdN     mhso+ooys/////////o      mhs+/------/ohN                                 *
*    Nhd     N+-/o+/o+------------/shN     Ndy+//////////+ mhs+:---------------om                               *
*  mo/sN    m:/oo/oo:-----------------:://////////////////-----------------------y                              *
*  y//d    Noo++o+:----------:------------:://///////////:-------:/+osyso/:-------h                             *
*  Nyo+syysooo+/--------------::--------------:://///////:----::////+ossyso/------:                             *
*     NNNNNs--------------------:/::-------------:://///:-:://////////oosyo+:------                             *
*          y---------------------:////:::-----------:////////////////+o++++/:-----/                             *
*          m-----------------------://////////////////////////////+so/--:---------y                             *
*           +------------------------://////////////////////////+yy:---+oh/--:y+-/N                             *
*           N/-------------------------://////////////////////ohy/-------yy--os-/m                              *
*            No--------------------------://///////////////+shs/---------/d++/-oN                               *
*              mo--------------------------:////////////+shyo:------------sy/sm                                 *
*                Ny+:------------------------::://///oyhyo:--------------/sd                                    *
*                    mhso+/:------------------:/+oyhyo/----------:/+syhm                                        *
*                           NmddhyyyssssyyyhdmmNNNmhhhyyyyhhddmN                                                *
*                                                                                                               *
*                                                             Copyright (c) 2003-2019, The GENIE Collaboration  *
*                                                                                                               *
*                                                                                                               *
*            Luis Alvarez-Ruso [8], Costas Andreopoulos [4,6], Christopher Barry [4], Francis Bench [4],        *
*            Steve Dennis [4], Steve Dytman [5], Hugh Gallagher [7], Steven Gardiner [3], Walter Giele [3],     *
*            Robert Hatcher [3], Libo Jiang [5], Rhiannon Jones [4], Igor Kakorin [2], Konstantin Kuzmin [2],   *
*            Anselmo Meregaglia [1], Donna Naples [5], Vadim Naumov [2], Gabriel Perdue [3], Marco Roda [4],    *
*            Vladyslav Syrotenko [7], Julia Tena Vidal [4], Jeremy Wolcott [7], and Julia Yarba [3]             *
*                                                                                                               *
*                                               (The GENIE Collaboration)                                       *
*                                                                                                               *
*                      [1] CENBG, Université de Bordeaux, CNRS/IN2P3, 33175 Gradignan, France                   *
*              [2] Joint Institute for Nuclear Research (JINR), Dubna, Moscow region, 141980, Russia            *
*                     [3] Fermi National Accelerator Laboratory, Batavia, Illinois 60510, USA                   *
*                      [4] University of Liverpool, Dept. of Physics, Liverpool L69 7ZE, UK                     *
*              [5] University of Pittsburgh, Dept. of Physics and Astronomy, Pittsburgh PA 15260, USA           *
*             [6] STFC Rutherford Appleton Laboratory, Particle Physics Dept., Oxfordshire OX11 0QX, UK         *
*                    [7] Tufts University, Dept. of Physics and Astronomy, Medford MA 02155, USA                *
*                                       [8] University of Valencia, Valencia, Spain                             *
*                                                                                                               *
*  Corresponding Author:                                                                                        *
*  Dr. Costas Andreopoulos  <costas.andreopoulos \at stfc.ac.uk>                                                *
*                                                                                                               *
*  University of Liverpool  |  STFC Rutherford Appleton Laboratory                                              *
*  Physics Department       |  Particle Physics Department                                                      *
*  Oliver Lodge Lab 316     |  Harwell Oxford Campus, R1 2.89                                                   *
*  Liverpool L69 7ZE, UK    |  Oxfordshire OX11 0QX, UK                                                         *
*  +44-(0)1517-943201 (tel) |  +44-(0)1235-445091 (tel)                                                         *
*****************************************************************************************************************


1652986744 NOTICE Messenger : [s] <SetPrioritiesFromXmlFile (158)> : Reading msg stream priorities from XML file: /cvmfs/larsoft.opensciencegrid.org/products/genie/v3_00_04_ub3/Linux64bit+3.10-2.17-e17-prof/GENIE-Generator/config/Messenger.xml
1652986744 INFO TuneId : [n] <TuneId.cxx::Build (133)> : G18_02a_00_000 Tune configured 
1652986744 INFO gntpc : [n] <gNtpConv.cxx::GetCommandLineArgs (2962)> : Reading input filename
1652986744 INFO gntpc : [n] <gNtpConv.cxx::GetCommandLineArgs (2984)> : Reading output file format
1652986744 INFO gntpc : [n] <gNtpConv.cxx::GetCommandLineArgs (3017)> : Unspecified output filename - Using default
1652986744 INFO gntpc : [n] <gNtpConv.cxx::GetCommandLineArgs (3027)> : Unspecified number of events to analyze - Use all
1652986744 INFO gntpc : [n] <gNtpConv.cxx::GetCommandLineArgs (3039)> : Unspecified version number - Use latest
1652986744 INFO gntpc : [n] <gNtpConv.cxx::GetCommandLineArgs (3042)> : Latest version number: 1
1652986744 INFO gntpc : [n] <gNtpConv.cxx::GetCommandLineArgs (3054)> : Unspecified random number seed - Using default
1652986744 NOTICE gntpc : [n] <gNtpConv.cxx::GetCommandLineArgs (3058)> : Input filename  = gntp.60.ghep.root
1652986744 NOTICE gntpc : [n] <gNtpConv.cxx::GetCommandLineArgs (3059)> : Output filename = gntp.60.gst.root
1652986744 NOTICE gntpc : [n] <gNtpConv.cxx::GetCommandLineArgs (3060)> : Conversion to format = -1, vrs = 1
1652986744 NOTICE gntpc : [n] <gNtpConv.cxx::GetCommandLineArgs (3062)> : Number of events to be converted = -1
1652986744 NOTICE gntpc : [n] <gNtpConv.cxx::GetCommandLineArgs (3063)> : Copy metadata? = No
1652986744 NOTICE gntpc : [n] <gNtpConv.cxx::GetCommandLineArgs (3064)> : Random number seed = -1
1652986744 NOTICE gntpc : [n] <gNtpConv.cxx::GetCommandLineArgs (3066)> : Global running options:
 GENIE tune: Custom GENIE tune: G18_02a_00_000
 - Prefix ............... : G
 - Year ................. : 18
 - Major model ID ....... : 02
 - Minor model ID ....... : a
 - Tuned param set ID ... : 00
 - Fit dataset ID ....... : 000
 - Tune directory ....... : /cvmfs/larsoft.opensciencegrid.org/products/genie/v3_00_04_ub3/Linux64bit+3.10-2.17-e17-prof/GENIE-Generator/config/G18_02a
 - Base directory ....... : /cvmfs/larsoft.opensciencegrid.org/products/genie/v3_00_04_ub3/Linux64bit+3.10-2.17-e17-prof/GENIE-Generator/config
 - Custom directory ..... : /cvmfs/larsoft.opensciencegrid.org/products/genie_xsec/v3_00_04_ub2/NULL/G1810a0211a-k250-e1000/data

 Event generator list: Default
 User-specified message thresholds : 
 Cache file : 
 Unphysical event mask (bits: 15 -> 0) : 1111111111111111
 Event record print level : 3
 MC job status file refresh rate: 50
 Pre-calculate all free-nucleon cross-sections? : Yes

1652986744 INFO PDG : [n] <PDGLibrary.cxx::Instance (46)> : PDGLibrary late initialization
1652986744 INFO PDG : [n] <PDGLibrary.cxx::LoadDBase (90)> : Load PDG data from: /cvmfs/larsoft.opensciencegrid.org/products/genie/v3_00_04_ub3/Linux64bit+3.10-2.17-e17-prof/GENIE-Generator/data/evgen/catalogues/pdg/genie_pdg_table.txt
1652986744 NOTICE gntpc : [n] <gNtpConv.cxx::ConvertToGST (403)> : *** Saving summary tree to: gntp.60.gst.root
1652986745 INFO gntpc : [n] <gNtpConv.cxx::ConvertToGST (516)> : Input tree header: Tree Header Info:
MC run number     -> 60
NtpRecord Format  -> [NtpMCEventRecord]
GENIE CVS Vrs Nu  -> 3.0.6
File generated at -> DATE (dd/mm/yyyy): 19/5/2022, TIME (hr:min:sec): 18:50:31


1652986745 NOTICE gntpc : [n] <gNtpConv.cxx::ConvertToGST (534)> : *** Analyzing: 1 events
1652986745 INFO gntpc : [n] <gNtpConv.cxx::ConvertToGST (545)> : 

*** Event #: 0
1652986745 INFO gntpc : [n] <gNtpConv.cxx::ConvertToGST (546)> : 

|------------------------------------------------------------------------------------------------------------------|
|GENIE GHEP Event Record [print level:   3]                                                                        |
|------------------------------------------------------------------------------------------------------------------|
| Idx |          Name | Ist |        PDG |   Mother  | Daughter  |      Px |      Py |      Pz |       E |      m  | 
|------------------------------------------------------------------------------------------------------------------|
|   0 |         nu_mu |   0 |         14 |  -1 |  -1 |   4 |   4 |   0.002 |   0.001 |   1.208 |   1.208 |   0.000 | 
|   1 |          Ar40 |   0 | 1000180400 |  -1 |  -1 |   2 |   3 |   0.000 |   0.000 |   0.000 |  37.216 |  37.216 | 
|   2 |       neutron |  11 |       2112 |   1 |  -1 |   5 |   5 |   0.084 |  -0.154 |   0.155 |   0.909 | **0.940 | M = 0.879 
|   3 |          Ar39 |   2 | 1000180390 |   1 |  -1 |   7 |   7 |  -0.084 |   0.154 |  -0.155 |  36.306 | *36.286 | M = 36.305 
|   4 |           mu- |   1 |         13 |   0 |  -1 |  -1 |  -1 |   0.442 |  -0.350 |   0.321 |   0.657 |   0.106 | 
|   5 |        proton |  14 |       2212 |   2 |  -1 |   6 |   6 |  -0.356 |   0.197 |   1.042 |   1.460 |   0.938 | FSI = 1
|   6 |        proton |   1 |       2212 |   5 |  -1 |  -1 |  -1 |  -0.356 |   0.197 |   1.042 |   1.460 |   0.938 | 
|   7 |      HadrBlob |  15 | 2000000002 |   3 |  -1 |  -1 |  -1 |  -0.084 |   0.154 |  -0.155 |  36.306 | **0.000 | M = 36.305 
|------------------------------------------------------------------------------------------------------------------|
|       Fin-Init:                                                |   0.000 |  -0.000 |   0.000 |  -0.000 |         | 
|------------------------------------------------------------------------------------------------------------------|
|       Vertex:          nu_mu @ (x =    -0.18600 m, y =    -0.21970 m, z =     1.74078 m, t =    6.676867e-06 s)  |
|------------------------------------------------------------------------------------------------------------------|
| Err flag [bits:15->0] : 0000000000000000    |  1st set:                                                     none | 
| Err mask [bits:15->0] : 1111111111111111    |  Is unphysical:    NO |   Accepted:   YES                          |
|------------------------------------------------------------------------------------------------------------------|
| sig(Ev) =       1.88655e-37 cm^2  | dsig(Ev;{K_s})/dK   =     1.41363e-38 cm^2/{K}   | Weight =          1.00000 |
|------------------------------------------------------------------------------------------------------------------|

--------------------------------------------------------------------------------------------------------------
GENIE Interaction Summary
--------------------------------------------------------------------------------------------------------------
[-] [Init-State] 
 |--> probe        : PDG-code = 14 (nu_mu)
 |--> nucl. target : Z = 18, A = 40, PDG-Code = 1000180400 (Ar40)
 |--> hit nucleon  : PDC-Code = 2112 (neutron)
 |--> hit quark    : no set
 |--> probe 4P     : (E =     1.207924, Px =     0.001814, Py =     0.000571, Pz =     1.207922)
 |--> target 4P    : (E =    37.215526, Px =     0.000000, Py =     0.000000, Pz =     0.000000)
 |--> nucleon 4P   : (E =     0.909309, Px =     0.084113, Py =    -0.153904, Pz =     0.155362)
[-] [Process-Info]  
 |--> Interaction : Weak[CC]
 |--> Scattering  : QES
[-] [Kinematics]
 |--> *Selected* Bjorken x = 0.880575
 |--> *Selected* Inelasticity y = 0.498418
 |--> *Selected* Momentum transfer Q2 (>0) = 0.799355
 |--> *Selected* Hadronic invariant mass W = 0.938272
[-] [Exclusive Process Info] 
 |--> charm prod.  : false |--> strange prod.  : false
 |--> f/s nucleons : N(p) = 0 N(n) = 0
 |--> f/s pions    : N(pi^0) = 0 N(pi^+) = 0 N(pi^-) = 0
 |--> resonance    : [not set]
--------------------------------------------------------------------------------------------------------------


1652986745 INFO gntpc : [n] <gNtpConv.cxx::ConvertToGST (956)> : Counting in primary hadronic system: idx = 5 -> proton
1652986745 INFO gntpc : [n] <gNtpConv.cxx::ConvertToGST (961)> : N(p):1, N(n):0, N(pi+):0, N(pi-):0, N(pi0):0, N(K+,K-,K0):0, N(gamma,e-,e+):0, N(etc):0

1652986745 INFO gntpc : [n] <gNtpConv.cxx::ConvertToGST (1027)> : Counting in f/s system from hadronic vtx: idx = 6 -> proton
1652986745 INFO gntpc : [n] <gNtpConv.cxx::ConvertToGST (1032)> : N(p):1, N(n):0, N(pi+):0, N(pi-):0, N(pi0):0, N(K+,K-,K0):0, N(gamma,e-,e+):0, N(etc):0

