#===== SETTINGS =====#
            Program: /cvmfs/larsoft.opensciencegrid.org/products/genie/v3_00_06k/Linux64bit+3.10-2.17-e20-debug/bin/gevgen_fnal
                Run: 02
               Seed: 261556014
            Top Vol: EXP_HALL_LV
               Flux: /srv/no_xfer/2/TRANSFERRED_INPUT_FILES/grid_genie/annie/data/flux/bnb/bnb_annie_*.root,ANNIE-tank
           Geometry: /srv/no_xfer/2/TRANSFERRED_INPUT_FILES/grid_genie//annie/app/users/neverett/geometry/annie_v02_tube_argon_gas_20atm/annie_v02_2.gdml
              Units: -L cm -D g_cm3
     Cross Sections: /srv/gxspl-FNALbig.xml

               Tune: G18_10a_02_11a
Maximum Path Length: +annie_v02_2.maxpl.xml
 Message Thresholds: /srv/no_xfer/2/TRANSFERRED_INPUT_FILES/grid_genie//annie/app/users/neverett/config/Messenger_warn.xml

#===== COMMAND =====#
/cvmfs/larsoft.opensciencegrid.org/products/genie/v3_00_06k/Linux64bit+3.10-2.17-e20-debug/bin/gevgen_fnal -r 02 --seed 261556014 -t EXP_HALL_LV -f /srv/no_xfer/2/TRANSFERRED_INPUT_FILES/grid_genie/annie/data/flux/bnb/bnb_annie_*.root,ANNIE-tank -g /srv/no_xfer/2/TRANSFERRED_INPUT_FILES/grid_genie//annie/app/users/neverett/geometry/annie_v02_tube_argon_gas_20atm/annie_v02_2.gdml -L cm -D g_cm3 --cross-sections /srv/gxspl-FNALbig.xml --tune G18_10a_02_11a -n 1 -m +annie_v02_2.maxpl.xml -S 30000 --message-thresholds /srv/no_xfer/2/TRANSFERRED_INPUT_FILES/grid_genie//annie/app/users/neverett/config/Messenger_warn.xml

#===== ls =====#
Messenger_warn.xml
_condor_stderr
_condor_stdout
annie
annie_v02_2.gdml
condor_exec.exe
docker_stderror
gxspl-FNALbig.xml
jsb_tmp
no_xfer
run_grid_genie_maxpl.sh
tmp
var
x509cc_neverett_Analysis
