#===== SETTINGS =====#
            Program: /cvmfs/larsoft.opensciencegrid.org/products/genie/v3_00_06k/Linux64bit+3.10-2.17-e20-debug/bin/gevgen_fnal
                Run: 09
               Seed: 967112643
            Top Vol: EXP_HALL_LV
               Flux: /cvmfs/fifeuser2.opensciencegrid.org/sw/annie/a2e365c72086603f9c50a7dd921d2efd66d28fb1b92b470f38fefe0158a03e4c/annie/data/flux/bnb/bnb_annie_*.root,ANNIE-tank
           Geometry: /cvmfs/fifeuser2.opensciencegrid.org/sw/annie/a2e365c72086603f9c50a7dd921d2efd66d28fb1b92b470f38fefe0158a03e4c//exp/annie/app/users/neverett/geometry/annie_v02_tube_argon_gas_300atm/annie_v02_9.gdml
              Units: -L cm -D g_cm3
     Cross Sections: /srv/gxspl-FNALbig.xml

               Tune: G18_10a_02_11a
Maximum Path Length: +annie_v02_9.maxpl.xml
 Message Thresholds: /cvmfs/fifeuser2.opensciencegrid.org/sw/annie/a2e365c72086603f9c50a7dd921d2efd66d28fb1b92b470f38fefe0158a03e4c//exp/annie/app/users/neverett/config/Messenger_warn.xml

#===== COMMAND =====#
/cvmfs/larsoft.opensciencegrid.org/products/genie/v3_00_06k/Linux64bit+3.10-2.17-e20-debug/bin/gevgen_fnal -r 09 --seed 967112643 -t EXP_HALL_LV -f /cvmfs/fifeuser2.opensciencegrid.org/sw/annie/a2e365c72086603f9c50a7dd921d2efd66d28fb1b92b470f38fefe0158a03e4c/annie/data/flux/bnb/bnb_annie_*.root,ANNIE-tank -g /cvmfs/fifeuser2.opensciencegrid.org/sw/annie/a2e365c72086603f9c50a7dd921d2efd66d28fb1b92b470f38fefe0158a03e4c//exp/annie/app/users/neverett/geometry/annie_v02_tube_argon_gas_300atm/annie_v02_9.gdml -L cm -D g_cm3 --cross-sections /srv/gxspl-FNALbig.xml --tune G18_10a_02_11a -n 1 -m +annie_v02_9.maxpl.xml -S 30000 --message-thresholds /cvmfs/fifeuser2.opensciencegrid.org/sw/annie/a2e365c72086603f9c50a7dd921d2efd66d28fb1b92b470f38fefe0158a03e4c//exp/annie/app/users/neverett/config/Messenger_warn.xml

#===== ls =====#
Messenger_warn.xml
_condor_stderr
_condor_stdout
annie_v02_9.gdml
condor_exec.exe
gxspl-FNALbig.xml
jsb_tmp
no_xfer
run_grid_genie_maxpl.sh
x509up_annie_Analysis_58778
