

********************************************************************************************************

oooooo   oooooo     oooo       .o.       ooooooooo.   ooooo      ooo ooooo ooooo      ooo   .oooooo.    
 `888.    `888.     .8'       .888.      `888   `Y88. `888b.     `8' `888' `888b.     `8'  d8P'  `Y8b   
  `888.   .8888.   .8'       .8"888.      888   .d88'  8 `88b.    8   888   8 `88b.    8  888           
   `888  .8'`888. .8'       .8' `888.     888ooo88P'   8   `88b.  8   888   8   `88b.  8  888           
    `888.8'  `888.8'       .88ooo8888.    888`88b.     8     `88b.8   888   8     `88b.8  888     ooooo 
     `888'    `888'       .8'     `888.   888  `88b.   8       `888   888   8       `888  `88.    .88'  
      `8'      `8'       o88o     o8888o o888o  o888o o8o        `8  o888o o8o        `8   `Y8bood8P'   
                                                                                                        

********************************************************************************************************

                                THIS IS A DEVELOPMENT VERSION OF GENIE.
                      IT HAS *NOT* BEEN FULLY VALIDATED AND IT HAS EXPERIMENTAL FEATURES.

                                   USE THIS VERSION AT YOUR OWN RISK.

 If you prefer to use a version with validated physics content, please see http://releases.genie-mc.org

                            Site managers, please don't remove this notice!


 GENIE will continue running in 15 seconds...





*****************************************************************************************************************
*                                                                                                               *
*                                                   .oooooo.    oooooooooooo ooooo      ooo ooooo oooooooooooo  *
*                                                  d8P'  `Y8b   `888'     `8 `888b.     `8' `888' `888'     `8  *
*                                                 888            888          8 `88b.    8   888   888          * 
*                        Ndyooym          dN      888            888oooo8     8   `88b.  8   888   888oooo8     *
*                     Nds//+sdmoy       d+m       888     ooooo  888    "     8     `88b.8   888   888    "     * 
*                   Nh+//ohN  m+s      N//syyN    `88.    .88'   888       o  8       `888   888   888       o  *
*                 Ny+//od   Nh+oN       o///+      `Y8bood8P'   o888ooooood8 o8o        `8  o888o o888ooooood8  *
*               Nh+//om   Nh+/yN       o///s                                                                    *
*              d+//+d   my+/smmyhN    m///h                                      NEUTRINO MONTE CARLO GENERATOR *   
*            Ns///yN NdyoshNNs///d   h////yN                                                                    *
*           mo//om        ms///+m   d///////oyhmN                                           Version 999.999.999 *
*          N+//yN       ms////+N    h////////////oym                                                            *
*          s//h       ho/+///sN     N///////////////od                                  http://www.genie-mc.org *
*         N+/h     my++yh+//y       s/////////////////oN                                                        *
*         Ns/m Nmy++ymNh//+d        s//////////////////+m                                                       *
*          NhssoshN  Ny//sN         m///////////////////+                                                       *
*                  Nmo/+ohdmN        mo//////////////////h            NmmN                                      *
*              ms/+s//o/-----:+sdN     mhso+ooys/////////o      mhs+/------/ohN                                 *
*    Nhd     N+-/o+/o+------------/shN     Ndy+//////////+ mhs+:---------------om                               *
*  mo/sN    m:/oo/oo:-----------------:://////////////////-----------------------y                              *
*  y//d    Noo++o+:----------:------------:://///////////:-------:/+osyso/:-------h                             *
*  Nyo+syysooo+/--------------::--------------:://///////:----::////+ossyso/------:                             *
*     NNNNNs--------------------:/::-------------:://///:-:://////////oosyo+:------                             *
*          y---------------------:////:::-----------:////////////////+o++++/:-----/                             *
*          m-----------------------://////////////////////////////+so/--:---------y                             *
*           +------------------------://////////////////////////+yy:---+oh/--:y+-/N                             *
*           N/-------------------------://////////////////////ohy/-------yy--os-/m                              *
*            No--------------------------://///////////////+shs/---------/d++/-oN                               *
*              mo--------------------------:////////////+shyo:------------sy/sm                                 *
*                Ny+:------------------------::://///oyhyo:--------------/sd                                    *
*                    mhso+/:------------------:/+oyhyo/----------:/+syhm                                        *
*                           NmddhyyyssssyyyhdmmNNNmhhhyyyyhhddmN                                                *
*                                                                                                               *
*                                                             Copyright (c) 2003-2019, The GENIE Collaboration  *
*                                                                                                               *
*                                                                                                               *
*            Luis Alvarez-Ruso [8], Costas Andreopoulos [4,6], Christopher Barry [4], Francis Bench [4],        *
*            Steve Dennis [4], Steve Dytman [5], Hugh Gallagher [7], Steven Gardiner [3], Walter Giele [3],     *
*            Robert Hatcher [3], Libo Jiang [5], Rhiannon Jones [4], Igor Kakorin [2], Konstantin Kuzmin [2],   *
*            Anselmo Meregaglia [1], Donna Naples [5], Vadim Naumov [2], Gabriel Perdue [3], Marco Roda [4],    *
*            Vladyslav Syrotenko [7], Julia Tena Vidal [4], Jeremy Wolcott [7], and Julia Yarba [3]             *
*                                                                                                               *
*                                               (The GENIE Collaboration)                                       *
*                                                                                                               *
*                      [1] CENBG, Université de Bordeaux, CNRS/IN2P3, 33175 Gradignan, France                   *
*              [2] Joint Institute for Nuclear Research (JINR), Dubna, Moscow region, 141980, Russia            *
*                     [3] Fermi National Accelerator Laboratory, Batavia, Illinois 60510, USA                   *
*                      [4] University of Liverpool, Dept. of Physics, Liverpool L69 7ZE, UK                     *
*              [5] University of Pittsburgh, Dept. of Physics and Astronomy, Pittsburgh PA 15260, USA           *
*             [6] STFC Rutherford Appleton Laboratory, Particle Physics Dept., Oxfordshire OX11 0QX, UK         *
*                    [7] Tufts University, Dept. of Physics and Astronomy, Medford MA 02155, USA                *
*                                       [8] University of Valencia, Valencia, Spain                             *
*                                                                                                               *
*  Corresponding Author:                                                                                        *
*  Dr. Costas Andreopoulos  <costas.andreopoulos \at stfc.ac.uk>                                                *
*                                                                                                               *
*  University of Liverpool  |  STFC Rutherford Appleton Laboratory                                              *
*  Physics Department       |  Particle Physics Department                                                      *
*  Oliver Lodge Lab 316     |  Harwell Oxford Campus, R1 2.89                                                   *
*  Liverpool L69 7ZE, UK    |  Oxfordshire OX11 0QX, UK                                                         *
*  +44-(0)1517-943201 (tel) |  +44-(0)1235-445091 (tel)                                                         *
*****************************************************************************************************************


1652983616 NOTICE Messenger : [s] <SetPrioritiesFromXmlFile (158)> : Reading msg stream priorities from XML file: /cvmfs/larsoft.opensciencegrid.org/products/genie/v3_00_04_ub3/Linux64bit+3.10-2.17-e17-prof/GENIE-Generator/config/Messenger.xml
1652983616 INFO TuneId : [n] <TuneId.cxx::Build (133)> : G18_02a_00_000 Tune configured 
1652983616 INFO gntpc : [n] <gNtpConv.cxx::GetCommandLineArgs (2962)> : Reading input filename
1652983616 INFO gntpc : [n] <gNtpConv.cxx::GetCommandLineArgs (2984)> : Reading output file format
1652983616 INFO gntpc : [n] <gNtpConv.cxx::GetCommandLineArgs (3017)> : Unspecified output filename - Using default
1652983616 INFO gntpc : [n] <gNtpConv.cxx::GetCommandLineArgs (3027)> : Unspecified number of events to analyze - Use all
1652983616 INFO gntpc : [n] <gNtpConv.cxx::GetCommandLineArgs (3039)> : Unspecified version number - Use latest
1652983616 INFO gntpc : [n] <gNtpConv.cxx::GetCommandLineArgs (3042)> : Latest version number: 1
1652983616 INFO gntpc : [n] <gNtpConv.cxx::GetCommandLineArgs (3054)> : Unspecified random number seed - Using default
1652983616 NOTICE gntpc : [n] <gNtpConv.cxx::GetCommandLineArgs (3058)> : Input filename  = gntp.2.ghep.root
1652983616 NOTICE gntpc : [n] <gNtpConv.cxx::GetCommandLineArgs (3059)> : Output filename = gntp.2.gst.root
1652983616 NOTICE gntpc : [n] <gNtpConv.cxx::GetCommandLineArgs (3060)> : Conversion to format = -1, vrs = 1
1652983616 NOTICE gntpc : [n] <gNtpConv.cxx::GetCommandLineArgs (3062)> : Number of events to be converted = -1
1652983616 NOTICE gntpc : [n] <gNtpConv.cxx::GetCommandLineArgs (3063)> : Copy metadata? = No
1652983616 NOTICE gntpc : [n] <gNtpConv.cxx::GetCommandLineArgs (3064)> : Random number seed = -1
1652983616 NOTICE gntpc : [n] <gNtpConv.cxx::GetCommandLineArgs (3066)> : Global running options:
 GENIE tune: Custom GENIE tune: G18_02a_00_000
 - Prefix ............... : G
 - Year ................. : 18
 - Major model ID ....... : 02
 - Minor model ID ....... : a
 - Tuned param set ID ... : 00
 - Fit dataset ID ....... : 000
 - Tune directory ....... : /cvmfs/larsoft.opensciencegrid.org/products/genie/v3_00_04_ub3/Linux64bit+3.10-2.17-e17-prof/GENIE-Generator/config/G18_02a
 - Base directory ....... : /cvmfs/larsoft.opensciencegrid.org/products/genie/v3_00_04_ub3/Linux64bit+3.10-2.17-e17-prof/GENIE-Generator/config
 - Custom directory ..... : /cvmfs/larsoft.opensciencegrid.org/products/genie_xsec/v3_00_04_ub2/NULL/G1810a0211a-k250-e1000/data

 Event generator list: Default
 User-specified message thresholds : 
 Cache file : 
 Unphysical event mask (bits: 15 -> 0) : 1111111111111111
 Event record print level : 3
 MC job status file refresh rate: 50
 Pre-calculate all free-nucleon cross-sections? : Yes

1652983616 INFO PDG : [n] <PDGLibrary.cxx::Instance (46)> : PDGLibrary late initialization
1652983616 INFO PDG : [n] <PDGLibrary.cxx::LoadDBase (90)> : Load PDG data from: /cvmfs/larsoft.opensciencegrid.org/products/genie/v3_00_04_ub3/Linux64bit+3.10-2.17-e17-prof/GENIE-Generator/data/evgen/catalogues/pdg/genie_pdg_table.txt
1652983616 NOTICE gntpc : [n] <gNtpConv.cxx::ConvertToGST (403)> : *** Saving summary tree to: gntp.2.gst.root
1652983616 INFO gntpc : [n] <gNtpConv.cxx::ConvertToGST (516)> : Input tree header: Tree Header Info:
MC run number     -> 2
NtpRecord Format  -> [NtpMCEventRecord]
GENIE CVS Vrs Nu  -> 3.0.6
File generated at -> DATE (dd/mm/yyyy): 19/5/2022, TIME (hr:min:sec): 17:46:25


1652983616 NOTICE gntpc : [n] <gNtpConv.cxx::ConvertToGST (534)> : *** Analyzing: 10 events
1652983616 INFO gntpc : [n] <gNtpConv.cxx::ConvertToGST (545)> : 

*** Event #: 0
1652983616 INFO gntpc : [n] <gNtpConv.cxx::ConvertToGST (546)> : 

|------------------------------------------------------------------------------------------------------------------|
|GENIE GHEP Event Record [print level:   3]                                                                        |
|------------------------------------------------------------------------------------------------------------------|
| Idx |          Name | Ist |        PDG |   Mother  | Daughter  |      Px |      Py |      Pz |       E |      m  | 
|------------------------------------------------------------------------------------------------------------------|
|   0 |         nu_mu |   0 |         14 |  -1 |  -1 |   4 |   4 |  -0.003 |  -0.002 |   1.020 |   1.020 |   0.000 | 
|   1 |          Ar40 |   0 | 1000180400 |  -1 |  -1 |   2 |   3 |   0.000 |   0.000 |   0.000 |  37.216 |  37.216 | 
|   2 |       neutron |  11 |       2112 |   1 |  -1 |   5 |   5 |   0.002 |  -0.087 |   0.110 |   0.910 | **0.940 | M = 0.899 
|   3 |          Ar39 |   2 | 1000180390 |   1 |  -1 |   7 |   7 |  -0.002 |   0.087 |  -0.110 |  36.306 | *36.286 | M = 36.305 
|   4 |           mu- |   1 |         13 |   0 |  -1 |  -1 |  -1 |  -0.216 |   0.370 |   0.113 |   0.456 |   0.106 | 
|   5 |        proton |  14 |       2212 |   2 |  -1 |   6 |   6 |   0.216 |  -0.460 |   1.017 |   1.474 |   0.938 | FSI = 1
|   6 |        proton |   1 |       2212 |   5 |  -1 |  -1 |  -1 |   0.216 |  -0.460 |   1.017 |   1.474 |   0.938 | 
|   7 |      HadrBlob |  15 | 2000000002 |   3 |  -1 |  -1 |  -1 |  -0.002 |   0.087 |  -0.110 |  36.306 | **0.000 | M = 36.305 
|------------------------------------------------------------------------------------------------------------------|
|       Fin-Init:                                                |  -0.000 |   0.000 |  -0.000 |   0.000 |         | 
|------------------------------------------------------------------------------------------------------------------|
|       Vertex:          nu_mu @ (x =    -0.11432 m, y =    -0.17701 m, z =     1.68898 m, t =    6.676727e-06 s)  |
|------------------------------------------------------------------------------------------------------------------|
| Err flag [bits:15->0] : 0000000000000000    |  1st set:                                                     none | 
| Err mask [bits:15->0] : 1111111111111111    |  Is unphysical:    NO |   Accepted:   YES                          |
|------------------------------------------------------------------------------------------------------------------|
| sig(Ev) =       1.82860e-37 cm^2  | dsig(Ev;{K_s})/dK   =     1.37154e-38 cm^2/{K}   | Weight =          1.00000 |
|------------------------------------------------------------------------------------------------------------------|

--------------------------------------------------------------------------------------------------------------
GENIE Interaction Summary
--------------------------------------------------------------------------------------------------------------
[-] [Init-State] 
 |--> probe        : PDG-code = 14 (nu_mu)
 |--> nucl. target : Z = 18, A = 40, PDG-Code = 1000180400 (Ar40)
 |--> hit nucleon  : PDC-Code = 2112 (neutron)
 |--> hit quark    : no set
 |--> probe 4P     : (E =     1.020407, Px =    -0.002543, Py =    -0.002467, Pz =     1.020401)
 |--> target 4P    : (E =    37.215526, Px =     0.000000, Py =     0.000000, Pz =     0.000000)
 |--> nucleon 4P   : (E =     0.909794, Px =     0.002228, Py =    -0.087251, Pz =     0.109982)
[-] [Process-Info]  
 |--> Interaction : Weak[CC]
 |--> Scattering  : QES
[-] [Kinematics]
 |--> *Selected* Bjorken x = 0.905002
 |--> *Selected* Inelasticity y = 0.466663
 |--> *Selected* Momentum transfer Q2 (>0) = 0.689180
 |--> *Selected* Hadronic invariant mass W = 0.938272
[-] [Exclusive Process Info] 
 |--> charm prod.  : false |--> strange prod.  : false
 |--> f/s nucleons : N(p) = 0 N(n) = 0
 |--> f/s pions    : N(pi^0) = 0 N(pi^+) = 0 N(pi^-) = 0
 |--> resonance    : [not set]
--------------------------------------------------------------------------------------------------------------


1652983616 INFO gntpc : [n] <gNtpConv.cxx::ConvertToGST (956)> : Counting in primary hadronic system: idx = 5 -> proton
1652983616 INFO gntpc : [n] <gNtpConv.cxx::ConvertToGST (961)> : N(p):1, N(n):0, N(pi+):0, N(pi-):0, N(pi0):0, N(K+,K-,K0):0, N(gamma,e-,e+):0, N(etc):0

1652983616 INFO gntpc : [n] <gNtpConv.cxx::ConvertToGST (1027)> : Counting in f/s system from hadronic vtx: idx = 6 -> proton
1652983616 INFO gntpc : [n] <gNtpConv.cxx::ConvertToGST (1032)> : N(p):1, N(n):0, N(pi+):0, N(pi-):0, N(pi0):0, N(K+,K-,K0):0, N(gamma,e-,e+):0, N(etc):0

1652983616 INFO gntpc : [n] <gNtpConv.cxx::ConvertToGST (545)> : 

*** Event #: 1
1652983616 INFO gntpc : [n] <gNtpConv.cxx::ConvertToGST (546)> : 

|------------------------------------------------------------------------------------------------------------------|
|GENIE GHEP Event Record [print level:   3]                                                                        |
|------------------------------------------------------------------------------------------------------------------|
| Idx |          Name | Ist |        PDG |   Mother  | Daughter  |      Px |      Py |      Pz |       E |      m  | 
|------------------------------------------------------------------------------------------------------------------|
|   0 |         nu_mu |   0 |         14 |  -1 |  -1 |   4 |   4 |   0.007 |   0.058 |   5.114 |   5.114 |   0.000 | 
|   1 |          Ar40 |   0 | 1000180400 |  -1 |  -1 |   2 |   3 |   0.000 |   0.000 |   0.000 |  37.216 |  37.216 | 
|   2 |       neutron |  11 |       2112 |   1 |  -1 |   5 |   5 |   0.046 |   0.055 |   0.042 |   0.930 | **0.940 | M = 0.926 
|   3 |          Ar39 |   2 | 1000180390 |   1 |  -1 |  28 |  28 |  -0.046 |  -0.055 |  -0.042 |  36.286 |  36.286 | 
|   4 |           mu- |   1 |         13 |   0 |  -1 |  -1 |  -1 |   0.572 |  -0.552 |   2.214 |   2.355 |   0.106 | P = (-0.243,0.235,-0.941)
|   5 |      HadrSyst |  12 | 2000000001 |   2 |  -1 |   6 |  10 |  -0.519 |   0.665 |   2.942 |   3.689 | **0.000 | M = 2.060 
|   6 |       neutron |  14 |       2112 |   5 |  -1 |  11 |  11 |  -0.057 |  -0.111 |   0.874 |   1.289 |   0.940 | FSI = 4
|   7 |           pi+ |  14 |        211 |   5 |  -1 |  20 |  20 |  -0.017 |   0.260 |   0.720 |   0.779 |   0.140 | FSI = 1
|   8 |           pi0 |  14 |        111 |   5 |  -1 |  21 |  21 |  -0.224 |   0.224 |   0.804 |   0.875 |   0.135 | FSI = 1
|   9 |           pi0 |  14 |        111 |   5 |  -1 |  22 |  23 |  -0.161 |   0.031 |   0.221 |   0.307 |   0.135 | FSI = 3
|  10 |           pi0 |  14 |        111 |   5 |  -1 |  24 |  24 |  -0.059 |   0.261 |   0.322 |   0.440 |   0.135 | FSI = 4
|  11 |      HadrClus |  16 | 2000000300 |   6 |  -1 |  12 |  19 |  -0.057 |  -0.111 |   0.874 |   0.390 | **0.000 | M = -0.792 
|  12 |        proton |   1 |       2212 |  11 |  -1 |  -1 |  -1 |  -0.023 |  -0.113 |   0.198 |   0.966 |   0.938 | 
|  13 |        proton |   1 |       2212 |  11 |  -1 |  -1 |  -1 |   0.014 |   0.109 |   0.123 |   0.953 |   0.938 | 
|  14 |        proton |   1 |       2212 |  11 |  -1 |  -1 |  -1 |  -0.361 |  -0.161 |   0.346 |   1.075 |   0.938 | 
|  15 |        proton |   1 |       2212 |  11 |  -1 |  -1 |  -1 |   0.329 |  -0.349 |   0.036 |   1.054 |   0.938 | 
|  16 |       neutron |   1 |       2112 |  11 |  -1 |  -1 |  -1 |  -0.017 |   0.140 |   0.144 |   0.961 |   0.940 | 
|  17 |       neutron |   1 |       2112 |  11 |  -1 |  -1 |  -1 |  -0.041 |   0.130 |   0.086 |   0.953 |   0.940 | 
|  18 |       neutron |   1 |       2112 |  11 |  -1 |  -1 |  -1 |  -0.181 |   0.100 |  -0.127 |   0.970 |   0.940 | 
|  19 |       neutron |   1 |       2112 |  11 |  -1 |  -1 |  -1 |   0.223 |   0.033 |   0.069 |   0.969 |   0.940 | 
|  20 |           pi+ |   1 |        211 |   7 |  -1 |  -1 |  -1 |  -0.017 |   0.260 |   0.720 |   0.779 |   0.140 | 
|  21 |           pi0 |   1 |        111 |   8 |  -1 |  -1 |  -1 |  -0.224 |   0.224 |   0.804 |   0.875 |   0.135 | 
|  22 |           pi0 |   1 |        111 |   9 |  -1 |  -1 |  -1 |   0.162 |   0.061 |  -0.112 |   0.246 |   0.135 | 
|  23 |       neutron |   1 |       2112 |   9 |  -1 |  -1 |  -1 |  -0.220 |   0.143 |   0.229 |   1.002 |   0.940 | 
|  24 |      HadrClus |  16 | 2000000300 |  10 |  -1 |  25 |  27 |  -0.059 |   0.261 |   0.322 |   0.320 | **0.000 | M = -0.270 
|  25 |       neutron |   1 |       2112 |  24 |  -1 |  -1 |  -1 |   0.299 |  -0.056 |  -0.136 |   0.997 |   0.940 | 
|  26 |       neutron |   1 |       2112 |  24 |  -1 |  -1 |  -1 |  -0.242 |  -0.036 |   0.569 |   1.125 |   0.940 | 
|  27 |       neutron |   1 |       2112 |  24 |  -1 |  -1 |  -1 |  -0.116 |   0.352 |  -0.111 |   1.016 |   0.940 | 
|  28 |      HadrBlob |  15 | 2000000002 |   3 |  -1 |  -1 |  -1 |  -0.149 |  -0.227 |   0.063 |  26.034 | **0.000 | M = 26.032 
|------------------------------------------------------------------------------------------------------------------|
|       Fin-Init:                                                |   0.000 |  -0.000 |  -0.000 |  -0.000 |         | 
|------------------------------------------------------------------------------------------------------------------|
|       Vertex:          nu_mu @ (x =    -0.12653 m, y =    -0.22750 m, z =     1.54063 m, t =    6.676634e-06 s)  |
|------------------------------------------------------------------------------------------------------------------|
| Err flag [bits:15->0] : 0000000000000000    |  1st set:                                                     none | 
| Err mask [bits:15->0] : 1111111111111111    |  Is unphysical:    NO |   Accepted:   YES                          |
|------------------------------------------------------------------------------------------------------------------|
| sig(Ev) =       6.20851e-37 cm^2  | d2sig(x,y;E)/dxdy =       1.73440e-36 cm^2       | Weight =          1.00000 |
|------------------------------------------------------------------------------------------------------------------|

--------------------------------------------------------------------------------------------------------------
GENIE Interaction Summary
--------------------------------------------------------------------------------------------------------------
[-] [Init-State] 
 |--> probe        : PDG-code = 14 (nu_mu)
 |--> nucl. target : Z = 18, A = 40, PDG-Code = 1000180400 (Ar40)
 |--> hit nucleon  : PDC-Code = 2112 (neutron)
 |--> hit quark    : PDC-Code = 1 (d) [valence]
 |--> probe 4P     : (E =     5.113994, Px =     0.006706, Py =     0.058475, Pz =     5.113655)
 |--> target 4P    : (E =    37.215526, Px =     0.000000, Py =     0.000000, Pz =     0.000000)
 |--> nucleon 4P   : (E =     0.929602, Px =     0.046250, Py =     0.054755, Pz =     0.041712)
[-] [Process-Info]  
 |--> Interaction : Weak[CC]
 |--> Scattering  : DIS
[-] [Kinematics]
 |-->  *Running* Hadronic invariant mass W = 2.059882
 |--> *Selected* Bjorken x = 0.305314
 |--> *Selected* Inelasticity y = 0.537109
 |--> *Selected* Momentum transfer Q2 (>0) = 1.488072
 |--> *Selected* Hadronic invariant mass W = 2.059882
[-] [Exclusive Process Info] 
 |--> charm prod.  : false |--> strange prod.  : false
 |--> f/s nucleons : N(p) = 0 N(n) = 0
 |--> f/s pions    : N(pi^0) = 0 N(pi^+) = 0 N(pi^-) = 0
 |--> resonance    : [not set]
--------------------------------------------------------------------------------------------------------------


1652983616 INFO gntpc : [n] <gNtpConv.cxx::ConvertToGST (956)> : Counting in primary hadronic system: idx = 6 -> neutron
1652983616 INFO gntpc : [n] <gNtpConv.cxx::ConvertToGST (956)> : Counting in primary hadronic system: idx = 7 -> pi+
1652983616 INFO gntpc : [n] <gNtpConv.cxx::ConvertToGST (956)> : Counting in primary hadronic system: idx = 8 -> pi0
1652983616 INFO gntpc : [n] <gNtpConv.cxx::ConvertToGST (956)> : Counting in primary hadronic system: idx = 9 -> pi0
1652983616 INFO gntpc : [n] <gNtpConv.cxx::ConvertToGST (956)> : Counting in primary hadronic system: idx = 10 -> pi0
1652983616 INFO gntpc : [n] <gNtpConv.cxx::ConvertToGST (961)> : N(p):0, N(n):1, N(pi+):1, N(pi-):0, N(pi0):3, N(K+,K-,K0):0, N(gamma,e-,e+):0, N(etc):0

1652983616 INFO gntpc : [n] <gNtpConv.cxx::ConvertToGST (1027)> : Counting in f/s system from hadronic vtx: idx = 12 -> proton
1652983616 INFO gntpc : [n] <gNtpConv.cxx::ConvertToGST (1027)> : Counting in f/s system from hadronic vtx: idx = 13 -> proton
1652983616 INFO gntpc : [n] <gNtpConv.cxx::ConvertToGST (1027)> : Counting in f/s system from hadronic vtx: idx = 14 -> proton
1652983616 INFO gntpc : [n] <gNtpConv.cxx::ConvertToGST (1027)> : Counting in f/s system from hadronic vtx: idx = 15 -> proton
1652983616 INFO gntpc : [n] <gNtpConv.cxx::ConvertToGST (1027)> : Counting in f/s system from hadronic vtx: idx = 16 -> neutron
1652983616 INFO gntpc : [n] <gNtpConv.cxx::ConvertToGST (1027)> : Counting in f/s system from hadronic vtx: idx = 17 -> neutron
1652983616 INFO gntpc : [n] <gNtpConv.cxx::ConvertToGST (1027)> : Counting in f/s system from hadronic vtx: idx = 18 -> neutron
1652983616 INFO gntpc : [n] <gNtpConv.cxx::ConvertToGST (1027)> : Counting in f/s system from hadronic vtx: idx = 19 -> neutron
1652983616 INFO gntpc : [n] <gNtpConv.cxx::ConvertToGST (1027)> : Counting in f/s system from hadronic vtx: idx = 20 -> pi+
1652983616 INFO gntpc : [n] <gNtpConv.cxx::ConvertToGST (1027)> : Counting in f/s system from hadronic vtx: idx = 21 -> pi0
1652983616 INFO gntpc : [n] <gNtpConv.cxx::ConvertToGST (1027)> : Counting in f/s system from hadronic vtx: idx = 22 -> pi0
1652983616 INFO gntpc : [n] <gNtpConv.cxx::ConvertToGST (1027)> : Counting in f/s system from hadronic vtx: idx = 23 -> neutron
1652983616 INFO gntpc : [n] <gNtpConv.cxx::ConvertToGST (1027)> : Counting in f/s system from hadronic vtx: idx = 25 -> neutron
1652983616 INFO gntpc : [n] <gNtpConv.cxx::ConvertToGST (1027)> : Counting in f/s system from hadronic vtx: idx = 26 -> neutron
1652983616 INFO gntpc : [n] <gNtpConv.cxx::ConvertToGST (1027)> : Counting in f/s system from hadronic vtx: idx = 27 -> neutron
1652983616 INFO gntpc : [n] <gNtpConv.cxx::ConvertToGST (1032)> : N(p):4, N(n):8, N(pi+):1, N(pi-):0, N(pi0):2, N(K+,K-,K0):0, N(gamma,e-,e+):0, N(etc):0

1652983616 INFO gntpc : [n] <gNtpConv.cxx::ConvertToGST (545)> : 

*** Event #: 2
1652983616 INFO gntpc : [n] <gNtpConv.cxx::ConvertToGST (546)> : 

|------------------------------------------------------------------------------------------------------------------|
|GENIE GHEP Event Record [print level:   3]                                                                        |
|------------------------------------------------------------------------------------------------------------------|
| Idx |          Name | Ist |        PDG |   Mother  | Daughter  |      Px |      Py |      Pz |       E |      m  | 
|------------------------------------------------------------------------------------------------------------------|
|   0 |         nu_mu |   0 |         14 |  -1 |  -1 |   4 |   4 |  -0.006 |  -0.003 |   0.593 |   0.593 |   0.000 | 
|   1 |          Ar40 |   0 | 1000180400 |  -1 |  -1 |   2 |   3 |   0.000 |   0.000 |   0.000 |  37.216 |  37.216 | 
|   2 |       neutron |  11 |       2112 |   1 |  -1 |   5 |   5 |  -0.146 |  -0.086 |  -0.083 |   0.929 | **0.940 | M = 0.910 
|   3 |          Ar39 |   2 | 1000180390 |   1 |  -1 |  11 |  11 |   0.146 |   0.086 |   0.083 |  36.286 |  36.286 | 
|   4 |         nu_mu |   1 |         14 |   0 |  -1 |  -1 |  -1 |  -0.073 |   0.139 |  -0.050 |   0.164 |   0.000 | P = (0.443,-0.843,0.305)
|   5 |        Delta0 |   3 |       2114 |   2 |  -1 |   6 |   7 |  -0.080 |  -0.227 |   0.560 |   1.358 | **1.233 | M = 1.214 
|   6 |       neutron |  14 |       2112 |   5 |  -1 |   8 |   8 |  -0.059 |   0.015 |   0.525 |   1.078 |   0.940 | FSI = 1
|   7 |           pi0 |  14 |        111 |   5 |  -1 |   9 |  10 |  -0.020 |  -0.242 |   0.035 |   0.280 |   0.135 | FSI = 3
|   8 |       neutron |   1 |       2112 |   6 |  -1 |  -1 |  -1 |  -0.059 |   0.015 |   0.525 |   1.078 |   0.940 | 
|   9 |           pi0 |   1 |        111 |   7 |  -1 |  -1 |  -1 |   0.061 |   0.092 |  -0.049 |   0.181 |   0.135 | 
|  10 |        proton |   1 |       2212 |   7 |  -1 |  -1 |  -1 |  -0.127 |  -0.320 |   0.220 |   1.023 |   0.938 | 
|  11 |      HadrBlob |  15 | 2000000002 |   3 |  -1 |  -1 |  -1 |   0.192 |   0.072 |  -0.053 |  35.362 | **0.000 | M = 35.361 
|------------------------------------------------------------------------------------------------------------------|
|       Fin-Init:                                                |  -0.000 |   0.000 |  -0.000 |   0.000 |         | 
|------------------------------------------------------------------------------------------------------------------|
|       Vertex:          nu_mu @ (x =     0.06858 m, y =     0.03265 m, z =     1.90942 m, t =    6.677888e-06 s)  |
|------------------------------------------------------------------------------------------------------------------|
| Err flag [bits:15->0] : 0000000000000000    |  1st set:                                                     none | 
| Err mask [bits:15->0] : 1111111111111111    |  Is unphysical:    NO |   Accepted:   YES                          |
|------------------------------------------------------------------------------------------------------------------|
| sig(Ev) =       9.09287e-39 cm^2  | d2sig(W,Q2;E)/dWdQ2 =     3.51229e-37 cm^2/GeV^3 | Weight =          1.00000 |
|------------------------------------------------------------------------------------------------------------------|

--------------------------------------------------------------------------------------------------------------
GENIE Interaction Summary
--------------------------------------------------------------------------------------------------------------
[-] [Init-State] 
 |--> probe        : PDG-code = 14 (nu_mu)
 |--> nucl. target : Z = 18, A = 40, PDG-Code = 1000180400 (Ar40)
 |--> hit nucleon  : PDC-Code = 2112 (neutron)
 |--> hit quark    : no set
 |--> probe 4P     : (E =     0.593313, Px =    -0.006478, Py =    -0.002689, Pz =     0.593271)
 |--> target 4P    : (E =    37.215526, Px =     0.000000, Py =     0.000000, Pz =     0.000000)
 |--> nucleon 4P   : (E =     0.929206, Px =    -0.145827, Py =    -0.086269, Pz =    -0.083171)
[-] [Process-Info]  
 |--> Interaction : Weak[NC]
 |--> Scattering  : RES
[-] [Kinematics]
 |--> *Selected* Bjorken x = 0.282878
 |--> *Selected* Inelasticity y = 0.750007
 |--> *Selected* Momentum transfer Q2 (>0) = 0.254370
 |--> *Selected* Hadronic invariant mass W = 1.213528
[-] [Exclusive Process Info] 
 |--> charm prod.  : false |--> strange prod.  : false
 |--> f/s nucleons : N(p) = 0 N(n) = 0
 |--> f/s pions    : N(pi^0) = 0 N(pi^+) = 0 N(pi^-) = 0
 |--> resonance    : P33(1232)
--------------------------------------------------------------------------------------------------------------


1652983616 NOTICE GHepUtils : [n] <GHepUtils.cxx::NeutReactionCode (115)> : Current event is RES or DIS with W<2
1652983616 NOTICE GHepUtils : [n] <GHepUtils.cxx::NeutReactionCode (162)> : Num of primary particles: 
 p = 0, n = 1, pi+ = 0, pi- = 0, pi0 = 1, eta = 0, K+ = 0, K- = 0, K0 = 0, Lambda's = 0, gamma's = 0
1652983616 INFO gntpc : [n] <gNtpConv.cxx::ConvertToGST (956)> : Counting in primary hadronic system: idx = 6 -> neutron
1652983616 INFO gntpc : [n] <gNtpConv.cxx::ConvertToGST (956)> : Counting in primary hadronic system: idx = 7 -> pi0
1652983616 INFO gntpc : [n] <gNtpConv.cxx::ConvertToGST (961)> : N(p):0, N(n):1, N(pi+):0, N(pi-):0, N(pi0):1, N(K+,K-,K0):0, N(gamma,e-,e+):0, N(etc):0

1652983616 INFO gntpc : [n] <gNtpConv.cxx::ConvertToGST (1027)> : Counting in f/s system from hadronic vtx: idx = 8 -> neutron
1652983616 INFO gntpc : [n] <gNtpConv.cxx::ConvertToGST (1027)> : Counting in f/s system from hadronic vtx: idx = 9 -> pi0
1652983616 INFO gntpc : [n] <gNtpConv.cxx::ConvertToGST (1027)> : Counting in f/s system from hadronic vtx: idx = 10 -> proton
1652983616 INFO gntpc : [n] <gNtpConv.cxx::ConvertToGST (1032)> : N(p):1, N(n):1, N(pi+):0, N(pi-):0, N(pi0):1, N(K+,K-,K0):0, N(gamma,e-,e+):0, N(etc):0

1652983616 INFO gntpc : [n] <gNtpConv.cxx::ConvertToGST (545)> : 

*** Event #: 3
1652983616 INFO gntpc : [n] <gNtpConv.cxx::ConvertToGST (546)> : 

|------------------------------------------------------------------------------------------------------------------|
|GENIE GHEP Event Record [print level:   3]                                                                        |
|------------------------------------------------------------------------------------------------------------------|
| Idx |          Name | Ist |        PDG |   Mother  | Daughter  |      Px |      Py |      Pz |       E |      m  | 
|------------------------------------------------------------------------------------------------------------------|
|   0 |         nu_mu |   0 |         14 |  -1 |  -1 |   4 |   4 |  -0.003 |  -0.003 |   0.894 |   0.894 |   0.000 | 
|   1 |          Ar40 |   0 | 1000180400 |  -1 |  -1 |   2 |   3 |   0.000 |   0.000 |   0.000 |  37.216 |  37.216 | 
|   2 |       neutron |  11 |       2112 |   1 |  -1 |   5 |   5 |   0.014 |  -0.074 |   0.038 |   0.910 | **0.940 | M = 0.906 
|   3 |          Ar39 |   2 | 1000180390 |   1 |  -1 |   7 |   7 |  -0.014 |   0.074 |  -0.038 |  36.306 | *36.286 | M = 36.305 
|   4 |           mu- |   1 |         13 |   0 |  -1 |  -1 |  -1 |   0.184 |  -0.392 |   0.020 |   0.447 |   0.106 | 
|   5 |        proton |  14 |       2212 |   2 |  -1 |   6 |   6 |  -0.172 |   0.315 |   0.912 |   1.357 |   0.938 | FSI = 1
|   6 |        proton |   1 |       2212 |   5 |  -1 |  -1 |  -1 |  -0.172 |   0.315 |   0.912 |   1.357 |   0.938 | 
|   7 |      HadrBlob |  15 | 2000000002 |   3 |  -1 |  -1 |  -1 |  -0.014 |   0.074 |  -0.038 |  36.306 | **0.000 | M = 36.305 
|------------------------------------------------------------------------------------------------------------------|
|       Fin-Init:                                                |   0.000 |   0.000 |   0.000 |   0.000 |         | 
|------------------------------------------------------------------------------------------------------------------|
|       Vertex:          nu_mu @ (x =    -0.20556 m, y =    -0.34893 m, z =     1.80944 m, t =    6.677149e-06 s)  |
|------------------------------------------------------------------------------------------------------------------|
| Err flag [bits:15->0] : 0000000000000000    |  1st set:                                                     none | 
| Err mask [bits:15->0] : 1111111111111111    |  Is unphysical:    NO |   Accepted:   YES                          |
|------------------------------------------------------------------------------------------------------------------|
| sig(Ev) =       1.73447e-37 cm^2  | dsig(Ev;{K_s})/dK   =     1.11445e-38 cm^2/{K}   | Weight =          1.00000 |
|------------------------------------------------------------------------------------------------------------------|

--------------------------------------------------------------------------------------------------------------
GENIE Interaction Summary
--------------------------------------------------------------------------------------------------------------
[-] [Init-State] 
 |--> probe        : PDG-code = 14 (nu_mu)
 |--> nucl. target : Z = 18, A = 40, PDG-Code = 1000180400 (Ar40)
 |--> hit nucleon  : PDC-Code = 2112 (neutron)
 |--> hit quark    : no set
 |--> probe 4P     : (E =     0.893533, Px =    -0.002541, Py =    -0.002856, Pz =     0.893525)
 |--> target 4P    : (E =    37.215526, Px =     0.000000, Py =     0.000000, Pz =     0.000000)
 |--> nucleon 4P   : (E =     0.909966, Px =     0.014383, Py =    -0.074211, Pz =     0.038434)
[-] [Process-Info]  
 |--> Interaction : Weak[CC]
 |--> Scattering  : QES
[-] [Kinematics]
 |--> *Selected* Bjorken x = 0.926497
 |--> *Selected* Inelasticity y = 0.519919
 |--> *Selected* Momentum transfer Q2 (>0) = 0.750078
 |--> *Selected* Hadronic invariant mass W = 0.938272
[-] [Exclusive Process Info] 
 |--> charm prod.  : false |--> strange prod.  : false
 |--> f/s nucleons : N(p) = 0 N(n) = 0
 |--> f/s pions    : N(pi^0) = 0 N(pi^+) = 0 N(pi^-) = 0
 |--> resonance    : [not set]
--------------------------------------------------------------------------------------------------------------


1652983616 INFO gntpc : [n] <gNtpConv.cxx::ConvertToGST (956)> : Counting in primary hadronic system: idx = 5 -> proton
1652983616 INFO gntpc : [n] <gNtpConv.cxx::ConvertToGST (961)> : N(p):1, N(n):0, N(pi+):0, N(pi-):0, N(pi0):0, N(K+,K-,K0):0, N(gamma,e-,e+):0, N(etc):0

1652983616 INFO gntpc : [n] <gNtpConv.cxx::ConvertToGST (1027)> : Counting in f/s system from hadronic vtx: idx = 6 -> proton
1652983616 INFO gntpc : [n] <gNtpConv.cxx::ConvertToGST (1032)> : N(p):1, N(n):0, N(pi+):0, N(pi-):0, N(pi0):0, N(K+,K-,K0):0, N(gamma,e-,e+):0, N(etc):0

1652983616 INFO gntpc : [n] <gNtpConv.cxx::ConvertToGST (545)> : 

*** Event #: 4
1652983616 INFO gntpc : [n] <gNtpConv.cxx::ConvertToGST (546)> : 

|------------------------------------------------------------------------------------------------------------------|
|GENIE GHEP Event Record [print level:   3]                                                                        |
|------------------------------------------------------------------------------------------------------------------|
| Idx |          Name | Ist |        PDG |   Mother  | Daughter  |      Px |      Py |      Pz |       E |      m  | 
|------------------------------------------------------------------------------------------------------------------|
|   0 |         nu_mu |   0 |         14 |  -1 |  -1 |   4 |   4 |  -0.005 |  -0.002 |   1.292 |   1.292 |   0.000 | 
|   1 |          Ar40 |   0 | 1000180400 |  -1 |  -1 |   2 |   3 |   0.000 |   0.000 |   0.000 |  37.216 |  37.216 | 
|   2 |       neutron |  11 |       2112 |   1 |  -1 |   5 |   5 |  -0.006 |  -0.097 |   0.214 |   0.929 | **0.940 | M = 0.899 
|   3 |          Ar39 |   2 | 1000180390 |   1 |  -1 |  12 |  12 |   0.006 |   0.097 |  -0.214 |  36.287 |  36.286 | 
|   4 |         nu_mu |   1 |         14 |   0 |  -1 |  -1 |  -1 |   0.365 |  -0.070 |   0.350 |   0.511 |   0.000 | P = (-0.715,0.136,-0.686)
|   5 |        Delta0 |   3 |       2114 |   2 |  -1 |   6 |   7 |  -0.376 |  -0.029 |   1.155 |   1.710 | **1.233 | M = 1.203 
|   6 |       neutron |  14 |       2112 |   5 |  -1 |   8 |   9 |  -0.368 |  -0.078 |   0.696 |   1.228 |   0.940 | FSI = 2
|   7 |           pi0 |  14 |        111 |   5 |  -1 |  10 |  11 |  -0.008 |   0.049 |   0.459 |   0.481 |   0.135 | FSI = 3
|   8 |        proton |   1 |       2212 |   6 |  -1 |  -1 |  -1 |  -0.595 |  -0.137 |   0.302 |   1.159 |   0.938 | 
|   9 |       neutron |   1 |       2112 |   6 |  -1 |  -1 |  -1 |   0.187 |   0.117 |   0.248 |   0.996 |   0.940 | 
|  10 |           pi0 |   1 |        111 |   7 |  -1 |  -1 |  -1 |   0.403 |   0.008 |   0.067 |   0.430 |   0.135 | 
|  11 |        proton |   1 |       2212 |   7 |  -1 |  -1 |  -1 |  -0.254 |   0.078 |   0.204 |   0.996 |   0.938 | 
|  12 |      HadrBlob |  15 | 2000000002 |   3 |  -1 |  -1 |  -1 |  -0.110 |   0.001 |   0.120 |  34.414 | **0.000 | M = 34.414 
|------------------------------------------------------------------------------------------------------------------|
|       Fin-Init:                                                |   0.000 |   0.000 |  -0.000 |   0.000 |         | 
|------------------------------------------------------------------------------------------------------------------|
|       Vertex:          nu_mu @ (x =    -0.20663 m, y =    -0.12551 m, z =     1.78538 m, t =    6.677061e-06 s)  |
|------------------------------------------------------------------------------------------------------------------|
| Err flag [bits:15->0] : 0000000000000000    |  1st set:                                                     none | 
| Err mask [bits:15->0] : 1111111111111111    |  Is unphysical:    NO |   Accepted:   YES                          |
|------------------------------------------------------------------------------------------------------------------|
| sig(Ev) =       3.17582e-38 cm^2  | d2sig(W,Q2;E)/dWdQ2 =     2.35303e-37 cm^2/GeV^3 | Weight =          1.00000 |
|------------------------------------------------------------------------------------------------------------------|

--------------------------------------------------------------------------------------------------------------
GENIE Interaction Summary
--------------------------------------------------------------------------------------------------------------
[-] [Init-State] 
 |--> probe        : PDG-code = 14 (nu_mu)
 |--> nucl. target : Z = 18, A = 40, PDG-Code = 1000180400 (Ar40)
 |--> hit nucleon  : PDC-Code = 2112 (neutron)
 |--> hit quark    : no set
 |--> probe 4P     : (E =     1.291623, Px =    -0.004763, Py =    -0.002021, Pz =     1.291613)
 |--> target 4P    : (E =    37.215526, Px =     0.000000, Py =     0.000000, Pz =     0.000000)
 |--> nucleon 4P   : (E =     0.928935, Px =    -0.005774, Py =    -0.097070, Pz =     0.213980)
[-] [Process-Info]  
 |--> Interaction : Weak[NC]
 |--> Scattering  : RES
[-] [Kinematics]
 |--> *Selected* Bjorken x = 0.395744
 |--> *Selected* Inelasticity y = 0.572254
 |--> *Selected* Momentum transfer Q2 (>0) = 0.418161
 |--> *Selected* Hadronic invariant mass W = 1.202565
[-] [Exclusive Process Info] 
 |--> charm prod.  : false |--> strange prod.  : false
 |--> f/s nucleons : N(p) = 0 N(n) = 0
 |--> f/s pions    : N(pi^0) = 0 N(pi^+) = 0 N(pi^-) = 0
 |--> resonance    : P33(1232)
--------------------------------------------------------------------------------------------------------------


1652983616 NOTICE GHepUtils : [n] <GHepUtils.cxx::NeutReactionCode (115)> : Current event is RES or DIS with W<2
1652983616 NOTICE GHepUtils : [n] <GHepUtils.cxx::NeutReactionCode (162)> : Num of primary particles: 
 p = 0, n = 1, pi+ = 0, pi- = 0, pi0 = 1, eta = 0, K+ = 0, K- = 0, K0 = 0, Lambda's = 0, gamma's = 0
1652983616 INFO gntpc : [n] <gNtpConv.cxx::ConvertToGST (956)> : Counting in primary hadronic system: idx = 6 -> neutron
1652983616 INFO gntpc : [n] <gNtpConv.cxx::ConvertToGST (956)> : Counting in primary hadronic system: idx = 7 -> pi0
1652983616 INFO gntpc : [n] <gNtpConv.cxx::ConvertToGST (961)> : N(p):0, N(n):1, N(pi+):0, N(pi-):0, N(pi0):1, N(K+,K-,K0):0, N(gamma,e-,e+):0, N(etc):0

1652983616 INFO gntpc : [n] <gNtpConv.cxx::ConvertToGST (1027)> : Counting in f/s system from hadronic vtx: idx = 8 -> proton
1652983616 INFO gntpc : [n] <gNtpConv.cxx::ConvertToGST (1027)> : Counting in f/s system from hadronic vtx: idx = 9 -> neutron
1652983616 INFO gntpc : [n] <gNtpConv.cxx::ConvertToGST (1027)> : Counting in f/s system from hadronic vtx: idx = 10 -> pi0
1652983616 INFO gntpc : [n] <gNtpConv.cxx::ConvertToGST (1027)> : Counting in f/s system from hadronic vtx: idx = 11 -> proton
1652983616 INFO gntpc : [n] <gNtpConv.cxx::ConvertToGST (1032)> : N(p):2, N(n):1, N(pi+):0, N(pi-):0, N(pi0):1, N(K+,K-,K0):0, N(gamma,e-,e+):0, N(etc):0

1652983616 INFO gntpc : [n] <gNtpConv.cxx::ConvertToGST (545)> : 

*** Event #: 5
1652983616 INFO gntpc : [n] <gNtpConv.cxx::ConvertToGST (546)> : 

|------------------------------------------------------------------------------------------------------------------|
|GENIE GHEP Event Record [print level:   3]                                                                        |
|------------------------------------------------------------------------------------------------------------------|
| Idx |          Name | Ist |        PDG |   Mother  | Daughter  |      Px |      Py |      Pz |       E |      m  | 
|------------------------------------------------------------------------------------------------------------------|
|   0 |         nu_mu |   0 |         14 |  -1 |  -1 |   4 |   4 |  -0.004 |  -0.002 |   1.441 |   1.441 |   0.000 | 
|   1 |          Ar40 |   0 | 1000180400 |  -1 |  -1 |   2 |   3 |   0.000 |   0.000 |   0.000 |  37.216 |  37.216 | 
|   2 |       neutron |  11 |       2112 |   1 |  -1 |   5 |   5 |  -0.172 |   0.093 |   0.046 |   0.929 | **0.940 | M = 0.907 
|   3 |          Ar39 |   2 | 1000180390 |   1 |  -1 |  10 |  10 |   0.172 |  -0.093 |  -0.046 |  36.286 |  36.286 | 
|   4 |         nu_mu |   1 |         14 |   0 |  -1 |  -1 |  -1 |  -0.456 |   0.065 |   0.616 |   0.769 |   0.000 | P = (0.593,-0.085,-0.800)
|   5 |        Delta0 |   3 |       2114 |   2 |  -1 |   6 |   7 |   0.281 |   0.025 |   0.872 |   1.601 | **1.233 | M = 1.313 
|   6 |       neutron |  14 |       2112 |   5 |  -1 |   8 |   8 |   0.305 |  -0.139 |   0.946 |   1.375 |   0.940 | FSI = 1
|   7 |           pi0 |  14 |        111 |   5 |  -1 |   9 |   9 |  -0.025 |   0.164 |  -0.074 |   0.226 |   0.135 | FSI = 1
|   8 |       neutron |   1 |       2112 |   6 |  -1 |  -1 |  -1 |   0.305 |  -0.139 |   0.946 |   1.375 |   0.940 | 
|   9 |           pi0 |   1 |        111 |   7 |  -1 |  -1 |  -1 |  -0.025 |   0.164 |  -0.074 |   0.226 |   0.135 | 
|  10 |      HadrBlob |  15 | 2000000002 |   3 |  -1 |  -1 |  -1 |   0.172 |  -0.093 |  -0.046 |  36.286 | **0.000 | M = 36.286 
|------------------------------------------------------------------------------------------------------------------|
|       Fin-Init:                                                |  -0.000 |   0.000 |  -0.000 |   0.000 |         | 
|------------------------------------------------------------------------------------------------------------------|
|       Vertex:          nu_mu @ (x =    -0.19010 m, y =    -0.21794 m, z =     1.74873 m, t =    6.676916e-06 s)  |
|------------------------------------------------------------------------------------------------------------------|
| Err flag [bits:15->0] : 0000000000000000    |  1st set:                                                     none | 
| Err mask [bits:15->0] : 1111111111111111    |  Is unphysical:    NO |   Accepted:   YES                          |
|------------------------------------------------------------------------------------------------------------------|
| sig(Ev) =       3.37779e-38 cm^2  | d2sig(W,Q2;E)/dWdQ2 =     6.20664e-38 cm^2/GeV^3 | Weight =          1.00000 |
|------------------------------------------------------------------------------------------------------------------|

--------------------------------------------------------------------------------------------------------------
GENIE Interaction Summary
--------------------------------------------------------------------------------------------------------------
[-] [Init-State] 
 |--> probe        : PDG-code = 14 (nu_mu)
 |--> nucl. target : Z = 18, A = 40, PDG-Code = 1000180400 (Ar40)
 |--> hit nucleon  : PDC-Code = 2112 (neutron)
 |--> hit quark    : no set
 |--> probe 4P     : (E =     1.441472, Px =    -0.003829, Py =    -0.002049, Pz =     1.441466)
 |--> target 4P    : (E =    37.215526, Px =     0.000000, Py =     0.000000, Pz =     0.000000)
 |--> nucleon 4P   : (E =     0.929141, Px =    -0.171925, Py =     0.092618, Pz =     0.046334)
[-] [Process-Info]  
 |--> Interaction : Weak[NC]
 |--> Scattering  : RES
[-] [Kinematics]
 |--> *Selected* Bjorken x = 0.327650
 |--> *Selected* Inelasticity y = 0.527066
 |--> *Selected* Momentum transfer Q2 (>0) = 0.439357
 |--> *Selected* Hadronic invariant mass W = 1.313239
[-] [Exclusive Process Info] 
 |--> charm prod.  : false |--> strange prod.  : false
 |--> f/s nucleons : N(p) = 0 N(n) = 0
 |--> f/s pions    : N(pi^0) = 0 N(pi^+) = 0 N(pi^-) = 0
 |--> resonance    : P33(1232)
--------------------------------------------------------------------------------------------------------------


1652983616 NOTICE GHepUtils : [n] <GHepUtils.cxx::NeutReactionCode (115)> : Current event is RES or DIS with W<2
1652983616 NOTICE GHepUtils : [n] <GHepUtils.cxx::NeutReactionCode (162)> : Num of primary particles: 
 p = 0, n = 1, pi+ = 0, pi- = 0, pi0 = 1, eta = 0, K+ = 0, K- = 0, K0 = 0, Lambda's = 0, gamma's = 0
1652983616 INFO gntpc : [n] <gNtpConv.cxx::ConvertToGST (956)> : Counting in primary hadronic system: idx = 6 -> neutron
1652983616 INFO gntpc : [n] <gNtpConv.cxx::ConvertToGST (956)> : Counting in primary hadronic system: idx = 7 -> pi0
1652983616 INFO gntpc : [n] <gNtpConv.cxx::ConvertToGST (961)> : N(p):0, N(n):1, N(pi+):0, N(pi-):0, N(pi0):1, N(K+,K-,K0):0, N(gamma,e-,e+):0, N(etc):0

1652983616 INFO gntpc : [n] <gNtpConv.cxx::ConvertToGST (1027)> : Counting in f/s system from hadronic vtx: idx = 8 -> neutron
1652983616 INFO gntpc : [n] <gNtpConv.cxx::ConvertToGST (1027)> : Counting in f/s system from hadronic vtx: idx = 9 -> pi0
1652983616 INFO gntpc : [n] <gNtpConv.cxx::ConvertToGST (1032)> : N(p):0, N(n):1, N(pi+):0, N(pi-):0, N(pi0):1, N(K+,K-,K0):0, N(gamma,e-,e+):0, N(etc):0

1652983616 INFO gntpc : [n] <gNtpConv.cxx::ConvertToGST (545)> : 

*** Event #: 6
1652983616 INFO gntpc : [n] <gNtpConv.cxx::ConvertToGST (546)> : 

|------------------------------------------------------------------------------------------------------------------|
|GENIE GHEP Event Record [print level:   3]                                                                        |
|------------------------------------------------------------------------------------------------------------------|
| Idx |          Name | Ist |        PDG |   Mother  | Daughter  |      Px |      Py |      Pz |       E |      m  | 
|------------------------------------------------------------------------------------------------------------------|
|   0 |         nu_mu |   0 |         14 |  -1 |  -1 |   4 |   4 |   0.001 |  -0.001 |   0.721 |   0.721 |   0.000 | 
|   1 |          Ar40 |   0 | 1000180400 |  -1 |  -1 |   2 |   3 |   0.000 |   0.000 |   0.000 |  37.216 |  37.216 | 
|   2 |       neutron |  11 |       2112 |   1 |  -1 |   5 |   5 |   0.088 |  -0.115 |   0.008 |   0.910 | **0.940 | M = 0.898 
|   3 |          Ar39 |   2 | 1000180390 |   1 |  -1 |  10 |  10 |  -0.088 |   0.115 |  -0.008 |  36.306 | *36.286 | M = 36.305 
|   4 |           mu- |   1 |         13 |   0 |  -1 |  -1 |  -1 |   0.259 |  -0.345 |   0.396 |   0.595 |   0.106 | 
|   5 |        proton |  14 |       2212 |   2 |  -1 |   6 |   6 |  -0.170 |   0.229 |   0.333 |   1.036 |   0.938 | FSI = 4
|   6 |      HadrClus |  16 | 2000000300 |   5 |  -1 |   7 |   9 |  -0.170 |   0.229 |   0.333 |   0.112 | **0.000 | M = -0.424 
|   7 |        proton |   1 |       2212 |   6 |  -1 |  -1 |  -1 |  -0.113 |  -0.089 |   0.043 |   0.950 |   0.938 | 
|   8 |        proton |   1 |       2212 |   6 |  -1 |  -1 |  -1 |  -0.252 |   0.163 |   0.154 |   0.997 |   0.938 | 
|   9 |       neutron |   1 |       2112 |   6 |  -1 |  -1 |  -1 |   0.195 |   0.155 |   0.136 |   0.981 |   0.940 | 
|  10 |      HadrBlob |  15 | 2000000002 |   3 |  -1 |  -1 |  -1 |  -0.088 |   0.115 |  -0.008 |  34.413 | **0.000 | M = 34.413 
|------------------------------------------------------------------------------------------------------------------|
|       Fin-Init:                                                |   0.000 |   0.000 |  -0.000 |   0.000 |         | 
|------------------------------------------------------------------------------------------------------------------|
|       Vertex:          nu_mu @ (x =     0.05479 m, y =    -0.29377 m, z =     1.75227 m, t =    6.676911e-06 s)  |
|------------------------------------------------------------------------------------------------------------------|
| Err flag [bits:15->0] : 0000000000000000    |  1st set:                                                     none | 
| Err mask [bits:15->0] : 1111111111111111    |  Is unphysical:    NO |   Accepted:   YES                          |
|------------------------------------------------------------------------------------------------------------------|
| sig(Ev) =       1.52555e-37 cm^2  | dsig(Ev;{K_s})/dK   =     1.40703e-38 cm^2/{K}   | Weight =          1.00000 |
|------------------------------------------------------------------------------------------------------------------|

--------------------------------------------------------------------------------------------------------------
GENIE Interaction Summary
--------------------------------------------------------------------------------------------------------------
[-] [Init-State] 
 |--> probe        : PDG-code = 14 (nu_mu)
 |--> nucl. target : Z = 18, A = 40, PDG-Code = 1000180400 (Ar40)
 |--> hit nucleon  : PDC-Code = 2112 (neutron)
 |--> hit quark    : no set
 |--> probe 4P     : (E =     0.720943, Px =     0.000931, Py =    -0.001090, Pz =     0.720942)
 |--> target 4P    : (E =    37.215526, Px =     0.000000, Py =     0.000000, Pz =     0.000000)
 |--> nucleon 4P   : (E =     0.909777, Px =     0.087833, Py =    -0.114656, Pz =     0.008287)
[-] [Process-Info]  
 |--> Interaction : Weak[CC]
 |--> Scattering  : QES
[-] [Kinematics]
 |--> *Selected* Bjorken x = 0.788492
 |--> *Selected* Inelasticity y = 0.267752
 |--> *Selected* Momentum transfer Q2 (>0) = 0.274337
 |--> *Selected* Hadronic invariant mass W = 0.938272
[-] [Exclusive Process Info] 
 |--> charm prod.  : false |--> strange prod.  : false
 |--> f/s nucleons : N(p) = 0 N(n) = 0
 |--> f/s pions    : N(pi^0) = 0 N(pi^+) = 0 N(pi^-) = 0
 |--> resonance    : [not set]
--------------------------------------------------------------------------------------------------------------


1652983616 INFO gntpc : [n] <gNtpConv.cxx::ConvertToGST (956)> : Counting in primary hadronic system: idx = 5 -> proton
1652983616 INFO gntpc : [n] <gNtpConv.cxx::ConvertToGST (961)> : N(p):1, N(n):0, N(pi+):0, N(pi-):0, N(pi0):0, N(K+,K-,K0):0, N(gamma,e-,e+):0, N(etc):0

1652983616 INFO gntpc : [n] <gNtpConv.cxx::ConvertToGST (1027)> : Counting in f/s system from hadronic vtx: idx = 7 -> proton
1652983616 INFO gntpc : [n] <gNtpConv.cxx::ConvertToGST (1027)> : Counting in f/s system from hadronic vtx: idx = 8 -> proton
1652983616 INFO gntpc : [n] <gNtpConv.cxx::ConvertToGST (1027)> : Counting in f/s system from hadronic vtx: idx = 9 -> neutron
1652983616 INFO gntpc : [n] <gNtpConv.cxx::ConvertToGST (1032)> : N(p):2, N(n):1, N(pi+):0, N(pi-):0, N(pi0):0, N(K+,K-,K0):0, N(gamma,e-,e+):0, N(etc):0

1652983616 INFO gntpc : [n] <gNtpConv.cxx::ConvertToGST (545)> : 

*** Event #: 7
1652983616 INFO gntpc : [n] <gNtpConv.cxx::ConvertToGST (546)> : 

|------------------------------------------------------------------------------------------------------------------|
|GENIE GHEP Event Record [print level:   3]                                                                        |
|------------------------------------------------------------------------------------------------------------------|
| Idx |          Name | Ist |        PDG |   Mother  | Daughter  |      Px |      Py |      Pz |       E |      m  | 
|------------------------------------------------------------------------------------------------------------------|
|   0 |         nu_mu |   0 |         14 |  -1 |  -1 |   4 |   4 |  -0.002 |  -0.002 |   1.916 |   1.916 |   0.000 | 
|   1 |          Ar40 |   0 | 1000180400 |  -1 |  -1 |   2 |   3 |   0.000 |   0.000 |   0.000 |  37.216 |  37.216 | 
|   2 |       neutron |  11 |       2112 |   1 |  -1 |   5 |   5 |  -0.098 |   0.128 |   0.107 |   0.929 | **0.940 | M = 0.909 
|   3 |          Ar39 |   2 | 1000180390 |   1 |  -1 |   7 |   7 |   0.098 |  -0.128 |  -0.107 |  36.286 |  36.286 | 
|   4 |         nu_mu |   1 |         14 |   0 |  -1 |  -1 |  -1 |  -0.280 |  -0.670 |   0.515 |   0.890 |   0.000 | P = (0.315,0.752,-0.579)
|   5 |       neutron |  14 |       2112 |   2 |  -1 |   6 |   6 |   0.179 |   0.795 |   1.508 |   1.955 |   0.940 | FSI = 1
|   6 |       neutron |   1 |       2112 |   5 |  -1 |  -1 |  -1 |   0.176 |   0.780 |   1.478 |   1.926 |   0.940 | 
|   7 |      HadrBlob |  15 | 2000000002 |   3 |  -1 |  -1 |  -1 |   0.098 |  -0.128 |  -0.107 |  36.286 | **0.000 | M = 36.286 
|   8 |      NucBindE |   1 | 2000000101 |  -1 |  -1 |  -1 |  -1 |   0.004 |   0.016 |   0.030 |   0.029 | **0.000 | M = -0.016 
|------------------------------------------------------------------------------------------------------------------|
|       Fin-Init:                                                |   0.000 |  -0.000 |  -0.000 |   0.000 |         | 
|------------------------------------------------------------------------------------------------------------------|
|       Vertex:          nu_mu @ (x =    -0.10727 m, y =    -0.06980 m, z =     1.65566 m, t =    6.676584e-06 s)  |
|------------------------------------------------------------------------------------------------------------------|
| Err flag [bits:15->0] : 0000000000000000    |  1st set:                                                     none | 
| Err mask [bits:15->0] : 1111111111111111    |  Is unphysical:    NO |   Accepted:   YES                          |
|------------------------------------------------------------------------------------------------------------------|
| sig(Ev) =       3.35378e-38 cm^2  | dsig(Q2;E)/dQ2 =          1.83166e-40 cm^2/GeV^2 | Weight =          1.00000 |
|------------------------------------------------------------------------------------------------------------------|

--------------------------------------------------------------------------------------------------------------
GENIE Interaction Summary
--------------------------------------------------------------------------------------------------------------
[-] [Init-State] 
 |--> probe        : PDG-code = 14 (nu_mu)
 |--> nucl. target : Z = 18, A = 40, PDG-Code = 1000180400 (Ar40)
 |--> hit nucleon  : PDC-Code = 2112 (neutron)
 |--> hit quark    : no set
 |--> probe 4P     : (E =     1.916322, Px =    -0.002390, Py =    -0.002129, Pz =     1.916319)
 |--> target 4P    : (E =    37.215526, Px =     0.000000, Py =     0.000000, Pz =     0.000000)
 |--> nucleon 4P   : (E =     0.929180, Px =    -0.098394, Py =     0.127696, Pz =     0.107305)
[-] [Process-Info]  
 |--> Interaction : Weak[NC]
 |--> Scattering  : QES
[-] [Kinematics]
 |--> *Selected* Bjorken x = 0.961803
 |--> *Selected* Inelasticity y = 0.472982
 |--> *Selected* Momentum transfer Q2 (>0) = 1.432994
 |--> *Selected* Hadronic invariant mass W = 0.939565
[-] [Exclusive Process Info] 
 |--> charm prod.  : false |--> strange prod.  : false
 |--> f/s nucleons : N(p) = 0 N(n) = 0
 |--> f/s pions    : N(pi^0) = 0 N(pi^+) = 0 N(pi^-) = 0
 |--> resonance    : [not set]
--------------------------------------------------------------------------------------------------------------


1652983616 INFO gntpc : [n] <gNtpConv.cxx::ConvertToGST (956)> : Counting in primary hadronic system: idx = 5 -> neutron
1652983616 INFO gntpc : [n] <gNtpConv.cxx::ConvertToGST (961)> : N(p):0, N(n):1, N(pi+):0, N(pi-):0, N(pi0):0, N(K+,K-,K0):0, N(gamma,e-,e+):0, N(etc):0

1652983616 INFO gntpc : [n] <gNtpConv.cxx::ConvertToGST (1027)> : Counting in f/s system from hadronic vtx: idx = 6 -> neutron
1652983616 INFO gntpc : [n] <gNtpConv.cxx::ConvertToGST (1032)> : N(p):0, N(n):1, N(pi+):0, N(pi-):0, N(pi0):0, N(K+,K-,K0):0, N(gamma,e-,e+):0, N(etc):0

1652983616 INFO gntpc : [n] <gNtpConv.cxx::ConvertToGST (545)> : 

*** Event #: 8
1652983616 INFO gntpc : [n] <gNtpConv.cxx::ConvertToGST (546)> : 

|------------------------------------------------------------------------------------------------------------------|
|GENIE GHEP Event Record [print level:   3]                                                                        |
|------------------------------------------------------------------------------------------------------------------|
| Idx |          Name | Ist |        PDG |   Mother  | Daughter  |      Px |      Py |      Pz |       E |      m  | 
|------------------------------------------------------------------------------------------------------------------|
|   0 |         nu_mu |   0 |         14 |  -1 |  -1 |   4 |   4 |   0.006 |  -0.005 |   0.902 |   0.902 |   0.000 | 
|   1 |          Ar40 |   0 | 1000180400 |  -1 |  -1 |   2 |   3 |   0.000 |   0.000 |   0.000 |  37.216 |  37.216 | 
|   2 |       neutron |  11 |       2112 |   1 |  -1 |   5 |   5 |   0.098 |  -0.101 |  -0.027 |   0.910 | **0.940 | M = 0.898 
|   3 |          Ar39 |   2 | 1000180390 |   1 |  -1 |   8 |   8 |  -0.098 |   0.101 |   0.027 |  36.306 | *36.286 | M = 36.305 
|   4 |           mu- |   1 |         13 |   0 |  -1 |  -1 |  -1 |   0.417 |   0.171 |   0.581 |   0.743 |   0.106 | 
|   5 |        proton |  14 |       2212 |   2 |  -1 |   6 |   7 |  -0.313 |  -0.277 |   0.293 |   1.068 |   0.938 | FSI = 3
|   6 |        proton |   1 |       2212 |   5 |  -1 |  -1 |  -1 |  -0.109 |  -0.163 |   0.220 |   0.983 |   0.938 | 
|   7 |       neutron |   1 |       2112 |   5 |  -1 |  -1 |  -1 |  -0.232 |  -0.175 |   0.308 |   1.031 |   0.940 | 
|   8 |      HadrBlob |  15 | 2000000002 |   3 |  -1 |  -1 |  -1 |  -0.071 |   0.162 |  -0.208 |  35.360 | **0.000 | M = 35.359 
|------------------------------------------------------------------------------------------------------------------|
|       Fin-Init:                                                |  -0.000 |   0.000 |   0.000 |   0.000 |         | 
|------------------------------------------------------------------------------------------------------------------|
|       Vertex:          nu_mu @ (x =    -0.22536 m, y =    -0.09351 m, z =     1.73411 m, t =    6.677064e-06 s)  |
|------------------------------------------------------------------------------------------------------------------|
| Err flag [bits:15->0] : 0000000000000000    |  1st set:                                                     none | 
| Err mask [bits:15->0] : 1111111111111111    |  Is unphysical:    NO |   Accepted:   YES                          |
|------------------------------------------------------------------------------------------------------------------|
| sig(Ev) =       1.74207e-37 cm^2  | dsig(Ev;{K_s})/dK   =     1.86150e-38 cm^2/{K}   | Weight =          1.00000 |
|------------------------------------------------------------------------------------------------------------------|

--------------------------------------------------------------------------------------------------------------
GENIE Interaction Summary
--------------------------------------------------------------------------------------------------------------
[-] [Init-State] 
 |--> probe        : PDG-code = 14 (nu_mu)
 |--> nucl. target : Z = 18, A = 40, PDG-Code = 1000180400 (Ar40)
 |--> hit nucleon  : PDC-Code = 2112 (neutron)
 |--> hit quark    : no set
 |--> probe 4P     : (E =     0.901621, Px =     0.005639, Py =    -0.004851, Pz =     0.901590)
 |--> target 4P    : (E =    37.215526, Px =     0.000000, Py =     0.000000, Pz =     0.000000)
 |--> nucleon 4P   : (E =     0.909781, Px =     0.098293, Py =    -0.101175, Pz =    -0.027345)
[-] [Process-Info]  
 |--> Interaction : Weak[CC]
 |--> Scattering  : QES
[-] [Kinematics]
 |--> *Selected* Bjorken x = 0.791154
 |--> *Selected* Inelasticity y = 0.207948
 |--> *Selected* Momentum transfer Q2 (>0) = 0.277671
 |--> *Selected* Hadronic invariant mass W = 0.938272
[-] [Exclusive Process Info] 
 |--> charm prod.  : false |--> strange prod.  : false
 |--> f/s nucleons : N(p) = 0 N(n) = 0
 |--> f/s pions    : N(pi^0) = 0 N(pi^+) = 0 N(pi^-) = 0
 |--> resonance    : [not set]
--------------------------------------------------------------------------------------------------------------


1652983616 INFO gntpc : [n] <gNtpConv.cxx::ConvertToGST (956)> : Counting in primary hadronic system: idx = 5 -> proton
1652983616 INFO gntpc : [n] <gNtpConv.cxx::ConvertToGST (961)> : N(p):1, N(n):0, N(pi+):0, N(pi-):0, N(pi0):0, N(K+,K-,K0):0, N(gamma,e-,e+):0, N(etc):0

1652983616 INFO gntpc : [n] <gNtpConv.cxx::ConvertToGST (1027)> : Counting in f/s system from hadronic vtx: idx = 6 -> proton
1652983616 INFO gntpc : [n] <gNtpConv.cxx::ConvertToGST (1027)> : Counting in f/s system from hadronic vtx: idx = 7 -> neutron
1652983616 INFO gntpc : [n] <gNtpConv.cxx::ConvertToGST (1032)> : N(p):1, N(n):1, N(pi+):0, N(pi-):0, N(pi0):0, N(K+,K-,K0):0, N(gamma,e-,e+):0, N(etc):0

1652983616 INFO gntpc : [n] <gNtpConv.cxx::ConvertToGST (545)> : 

*** Event #: 9
1652983616 INFO gntpc : [n] <gNtpConv.cxx::ConvertToGST (546)> : 

|------------------------------------------------------------------------------------------------------------------|
|GENIE GHEP Event Record [print level:   3]                                                                        |
|------------------------------------------------------------------------------------------------------------------|
| Idx |          Name | Ist |        PDG |   Mother  | Daughter  |      Px |      Py |      Pz |       E |      m  | 
|------------------------------------------------------------------------------------------------------------------|
|   0 |         nu_mu |   0 |         14 |  -1 |  -1 |   4 |   4 |  -0.000 |  -0.003 |   1.041 |   1.041 |   0.000 | 
|   1 |          Ar40 |   0 | 1000180400 |  -1 |  -1 |   2 |   3 |   0.000 |   0.000 |   0.000 |  37.216 |  37.216 | 
|   2 |        proton |  11 |       2212 |   1 |  -1 |   5 |   5 |  -0.059 |   0.051 |   0.079 |   0.926 | **0.938 | M = 0.919 
|   3 |          Cl39 |   2 | 1000170390 |   1 |  -1 |  11 |  11 |   0.059 |  -0.051 |  -0.079 |  36.290 |  36.290 | 
|   4 |           mu- |   1 |         13 |   0 |  -1 |  -1 |  -1 |   0.040 |   0.282 |  -0.016 |   0.304 |   0.106 | P = (-0.141,-0.988,0.057)
|   5 |       Delta++ |   3 |       2224 |   2 |  -1 |   6 |   7 |  -0.099 |  -0.234 |   1.136 |   1.662 | **1.231 | M = 1.186 
|   6 |        proton |  14 |       2212 |   5 |  -1 |   8 |   8 |  -0.150 |  -0.018 |   0.913 |   1.318 |   0.938 | FSI = 1
|   7 |           pi+ |  14 |        211 |   5 |  -1 |   9 |  10 |   0.051 |  -0.216 |   0.224 |   0.345 |   0.140 | FSI = 3
|   8 |        proton |   1 |       2212 |   6 |  -1 |  -1 |  -1 |  -0.150 |  -0.018 |   0.913 |   1.318 |   0.938 | 
|   9 |           pi+ |   1 |        211 |   7 |  -1 |  -1 |  -1 |  -0.165 |   0.084 |  -0.008 |   0.232 |   0.140 | 
|  10 |       neutron |   1 |       2112 |   7 |  -1 |  -1 |  -1 |   0.436 |  -0.184 |   0.152 |   1.063 |   0.940 | 
|  11 |      HadrBlob |  15 | 2000000002 |   3 |  -1 |  -1 |  -1 |  -0.161 |  -0.167 |   0.000 |  35.340 | **0.000 | M = 35.339 
|------------------------------------------------------------------------------------------------------------------|
|       Fin-Init:                                                |   0.000 |  -0.000 |   0.000 |   0.000 |         | 
|------------------------------------------------------------------------------------------------------------------|
|       Vertex:          nu_mu @ (x =     0.05895 m, y =    -0.06065 m, z =     1.70805 m, t =    6.676774e-06 s)  |
|------------------------------------------------------------------------------------------------------------------|
| Err flag [bits:15->0] : 0000000000000000    |  1st set:                                                     none | 
| Err mask [bits:15->0] : 1111111111111111    |  Is unphysical:    NO |   Accepted:   YES                          |
|------------------------------------------------------------------------------------------------------------------|
| sig(Ev) =       8.16024e-38 cm^2  | d2sig(W,Q2;E)/dWdQ2 =     3.73267e-37 cm^2/GeV^3 | Weight =          1.00000 |
|------------------------------------------------------------------------------------------------------------------|

--------------------------------------------------------------------------------------------------------------
GENIE Interaction Summary
--------------------------------------------------------------------------------------------------------------
[-] [Init-State] 
 |--> probe        : PDG-code = 14 (nu_mu)
 |--> nucl. target : Z = 18, A = 40, PDG-Code = 1000180400 (Ar40)
 |--> hit nucleon  : PDC-Code = 2212 (proton)
 |--> hit quark    : no set
 |--> probe 4P     : (E =     1.040717, Px =    -0.000043, Py =    -0.002777, Pz =     1.040714)
 |--> target 4P    : (E =    37.215526, Px =     0.000000, Py =     0.000000, Pz =     0.000000)
 |--> nucleon 4P   : (E =     0.925573, Px =    -0.059058, Py =     0.051019, Pz =     0.079186)
[-] [Process-Info]  
 |--> Interaction : Weak[CC]
 |--> Scattering  : RES
[-] [Kinematics]
 |--> *Selected* Bjorken x = 0.538527
 |--> *Selected* Inelasticity y = 0.692671
 |--> *Selected* Momentum transfer Q2 (>0) = 0.657257
 |--> *Selected* Hadronic invariant mass W = 1.186398
[-] [Exclusive Process Info] 
 |--> charm prod.  : false |--> strange prod.  : false
 |--> f/s nucleons : N(p) = 0 N(n) = 0
 |--> f/s pions    : N(pi^0) = 0 N(pi^+) = 0 N(pi^-) = 0
 |--> resonance    : P33(1232)
--------------------------------------------------------------------------------------------------------------


1652983616 NOTICE GHepUtils : [n] <GHepUtils.cxx::NeutReactionCode (115)> : Current event is RES or DIS with W<2
1652983616 NOTICE GHepUtils : [n] <GHepUtils.cxx::NeutReactionCode (162)> : Num of primary particles: 
 p = 1, n = 0, pi+ = 1, pi- = 0, pi0 = 0, eta = 0, K+ = 0, K- = 0, K0 = 0, Lambda's = 0, gamma's = 0
1652983616 INFO gntpc : [n] <gNtpConv.cxx::ConvertToGST (956)> : Counting in primary hadronic system: idx = 6 -> proton
1652983616 INFO gntpc : [n] <gNtpConv.cxx::ConvertToGST (956)> : Counting in primary hadronic system: idx = 7 -> pi+
1652983616 INFO gntpc : [n] <gNtpConv.cxx::ConvertToGST (961)> : N(p):1, N(n):0, N(pi+):1, N(pi-):0, N(pi0):0, N(K+,K-,K0):0, N(gamma,e-,e+):0, N(etc):0

1652983616 INFO gntpc : [n] <gNtpConv.cxx::ConvertToGST (1027)> : Counting in f/s system from hadronic vtx: idx = 8 -> proton
1652983616 INFO gntpc : [n] <gNtpConv.cxx::ConvertToGST (1027)> : Counting in f/s system from hadronic vtx: idx = 9 -> pi+
1652983616 INFO gntpc : [n] <gNtpConv.cxx::ConvertToGST (1027)> : Counting in f/s system from hadronic vtx: idx = 10 -> neutron
1652983616 INFO gntpc : [n] <gNtpConv.cxx::ConvertToGST (1032)> : N(p):1, N(n):1, N(pi+):1, N(pi-):0, N(pi0):0, N(K+,K-,K0):0, N(gamma,e-,e+):0, N(etc):0

