

********************************************************************************************************

oooooo   oooooo     oooo       .o.       ooooooooo.   ooooo      ooo ooooo ooooo      ooo   .oooooo.    
 `888.    `888.     .8'       .888.      `888   `Y88. `888b.     `8' `888' `888b.     `8'  d8P'  `Y8b   
  `888.   .8888.   .8'       .8"888.      888   .d88'  8 `88b.    8   888   8 `88b.    8  888           
   `888  .8'`888. .8'       .8' `888.     888ooo88P'   8   `88b.  8   888   8   `88b.  8  888           
    `888.8'  `888.8'       .88ooo8888.    888`88b.     8     `88b.8   888   8     `88b.8  888     ooooo 
     `888'    `888'       .8'     `888.   888  `88b.   8       `888   888   8       `888  `88.    .88'  
      `8'      `8'       o88o     o8888o o888o  o888o o8o        `8  o888o o8o        `8   `Y8bood8P'   
                                                                                                        

********************************************************************************************************

                                THIS IS A DEVELOPMENT VERSION OF GENIE.
                      IT HAS *NOT* BEEN FULLY VALIDATED AND IT HAS EXPERIMENTAL FEATURES.

                                   USE THIS VERSION AT YOUR OWN RISK.

 If you prefer to use a version with validated physics content, please see http://releases.genie-mc.org

                            Site managers, please don't remove this notice!


 GENIE will continue running in 15 seconds...





*****************************************************************************************************************
*                                                                                                               *
*                                                   .oooooo.    oooooooooooo ooooo      ooo ooooo oooooooooooo  *
*                                                  d8P'  `Y8b   `888'     `8 `888b.     `8' `888' `888'     `8  *
*                                                 888            888          8 `88b.    8   888   888          * 
*                        Ndyooym          dN      888            888oooo8     8   `88b.  8   888   888oooo8     *
*                     Nds//+sdmoy       d+m       888     ooooo  888    "     8     `88b.8   888   888    "     * 
*                   Nh+//ohN  m+s      N//syyN    `88.    .88'   888       o  8       `888   888   888       o  *
*                 Ny+//od   Nh+oN       o///+      `Y8bood8P'   o888ooooood8 o8o        `8  o888o o888ooooood8  *
*               Nh+//om   Nh+/yN       o///s                                                                    *
*              d+//+d   my+/smmyhN    m///h                                      NEUTRINO MONTE CARLO GENERATOR *   
*            Ns///yN NdyoshNNs///d   h////yN                                                                    *
*           mo//om        ms///+m   d///////oyhmN                                           Version 999.999.999 *
*          N+//yN       ms////+N    h////////////oym                                                            *
*          s//h       ho/+///sN     N///////////////od                                  http://www.genie-mc.org *
*         N+/h     my++yh+//y       s/////////////////oN                                                        *
*         Ns/m Nmy++ymNh//+d        s//////////////////+m                                                       *
*          NhssoshN  Ny//sN         m///////////////////+                                                       *
*                  Nmo/+ohdmN        mo//////////////////h            NmmN                                      *
*              ms/+s//o/-----:+sdN     mhso+ooys/////////o      mhs+/------/ohN                                 *
*    Nhd     N+-/o+/o+------------/shN     Ndy+//////////+ mhs+:---------------om                               *
*  mo/sN    m:/oo/oo:-----------------:://////////////////-----------------------y                              *
*  y//d    Noo++o+:----------:------------:://///////////:-------:/+osyso/:-------h                             *
*  Nyo+syysooo+/--------------::--------------:://///////:----::////+ossyso/------:                             *
*     NNNNNs--------------------:/::-------------:://///:-:://////////oosyo+:------                             *
*          y---------------------:////:::-----------:////////////////+o++++/:-----/                             *
*          m-----------------------://////////////////////////////+so/--:---------y                             *
*           +------------------------://////////////////////////+yy:---+oh/--:y+-/N                             *
*           N/-------------------------://////////////////////ohy/-------yy--os-/m                              *
*            No--------------------------://///////////////+shs/---------/d++/-oN                               *
*              mo--------------------------:////////////+shyo:------------sy/sm                                 *
*                Ny+:------------------------::://///oyhyo:--------------/sd                                    *
*                    mhso+/:------------------:/+oyhyo/----------:/+syhm                                        *
*                           NmddhyyyssssyyyhdmmNNNmhhhyyyyhhddmN                                                *
*                                                                                                               *
*                                                             Copyright (c) 2003-2019, The GENIE Collaboration  *
*                                                                                                               *
*                                                                                                               *
*            Luis Alvarez-Ruso [8], Costas Andreopoulos [4,6], Christopher Barry [4], Francis Bench [4],        *
*            Steve Dennis [4], Steve Dytman [5], Hugh Gallagher [7], Steven Gardiner [3], Walter Giele [3],     *
*            Robert Hatcher [3], Libo Jiang [5], Rhiannon Jones [4], Igor Kakorin [2], Konstantin Kuzmin [2],   *
*            Anselmo Meregaglia [1], Donna Naples [5], Vadim Naumov [2], Gabriel Perdue [3], Marco Roda [4],    *
*            Vladyslav Syrotenko [7], Julia Tena Vidal [4], Jeremy Wolcott [7], and Julia Yarba [3]             *
*                                                                                                               *
*                                               (The GENIE Collaboration)                                       *
*                                                                                                               *
*                      [1] CENBG, Université de Bordeaux, CNRS/IN2P3, 33175 Gradignan, France                   *
*              [2] Joint Institute for Nuclear Research (JINR), Dubna, Moscow region, 141980, Russia            *
*                     [3] Fermi National Accelerator Laboratory, Batavia, Illinois 60510, USA                   *
*                      [4] University of Liverpool, Dept. of Physics, Liverpool L69 7ZE, UK                     *
*              [5] University of Pittsburgh, Dept. of Physics and Astronomy, Pittsburgh PA 15260, USA           *
*             [6] STFC Rutherford Appleton Laboratory, Particle Physics Dept., Oxfordshire OX11 0QX, UK         *
*                    [7] Tufts University, Dept. of Physics and Astronomy, Medford MA 02155, USA                *
*                                       [8] University of Valencia, Valencia, Spain                             *
*                                                                                                               *
*  Corresponding Author:                                                                                        *
*  Dr. Costas Andreopoulos  <costas.andreopoulos \at stfc.ac.uk>                                                *
*                                                                                                               *
*  University of Liverpool  |  STFC Rutherford Appleton Laboratory                                              *
*  Physics Department       |  Particle Physics Department                                                      *
*  Oliver Lodge Lab 316     |  Harwell Oxford Campus, R1 2.89                                                   *
*  Liverpool L69 7ZE, UK    |  Oxfordshire OX11 0QX, UK                                                         *
*  +44-(0)1517-943201 (tel) |  +44-(0)1235-445091 (tel)                                                         *
*****************************************************************************************************************


1652913588 NOTICE Messenger : [s] <SetPrioritiesFromXmlFile (158)> : Reading msg stream priorities from XML file: /cvmfs/larsoft.opensciencegrid.org/products/genie/v3_00_04_ub3/Linux64bit+3.10-2.17-e17-prof/GENIE-Generator/config/Messenger.xml
1652913588 INFO TuneId : [n] <TuneId.cxx::Build (133)> : G18_02a_00_000 Tune configured 
1652913588 INFO gntpc : [n] <gNtpConv.cxx::GetCommandLineArgs (2962)> : Reading input filename
1652913588 INFO gntpc : [n] <gNtpConv.cxx::GetCommandLineArgs (2984)> : Reading output file format
1652913588 INFO gntpc : [n] <gNtpConv.cxx::GetCommandLineArgs (3017)> : Unspecified output filename - Using default
1652913588 INFO gntpc : [n] <gNtpConv.cxx::GetCommandLineArgs (3027)> : Unspecified number of events to analyze - Use all
1652913588 INFO gntpc : [n] <gNtpConv.cxx::GetCommandLineArgs (3039)> : Unspecified version number - Use latest
1652913588 INFO gntpc : [n] <gNtpConv.cxx::GetCommandLineArgs (3042)> : Latest version number: 1
1652913588 INFO gntpc : [n] <gNtpConv.cxx::GetCommandLineArgs (3054)> : Unspecified random number seed - Using default
1652913588 NOTICE gntpc : [n] <gNtpConv.cxx::GetCommandLineArgs (3058)> : Input filename  = gntp.2.ghep.root
1652913588 NOTICE gntpc : [n] <gNtpConv.cxx::GetCommandLineArgs (3059)> : Output filename = gntp.2.gst.root
1652913588 NOTICE gntpc : [n] <gNtpConv.cxx::GetCommandLineArgs (3060)> : Conversion to format = -1, vrs = 1
1652913588 NOTICE gntpc : [n] <gNtpConv.cxx::GetCommandLineArgs (3062)> : Number of events to be converted = -1
1652913588 NOTICE gntpc : [n] <gNtpConv.cxx::GetCommandLineArgs (3063)> : Copy metadata? = No
1652913588 NOTICE gntpc : [n] <gNtpConv.cxx::GetCommandLineArgs (3064)> : Random number seed = -1
1652913588 NOTICE gntpc : [n] <gNtpConv.cxx::GetCommandLineArgs (3066)> : Global running options:
 GENIE tune: Custom GENIE tune: G18_02a_00_000
 - Prefix ............... : G
 - Year ................. : 18
 - Major model ID ....... : 02
 - Minor model ID ....... : a
 - Tuned param set ID ... : 00
 - Fit dataset ID ....... : 000
 - Tune directory ....... : /cvmfs/larsoft.opensciencegrid.org/products/genie/v3_00_04_ub3/Linux64bit+3.10-2.17-e17-prof/GENIE-Generator/config/G18_02a
 - Base directory ....... : /cvmfs/larsoft.opensciencegrid.org/products/genie/v3_00_04_ub3/Linux64bit+3.10-2.17-e17-prof/GENIE-Generator/config
 - Custom directory ..... : /cvmfs/larsoft.opensciencegrid.org/products/genie_xsec/v3_00_04_ub2/NULL/G1810a0211a-k250-e1000/data

 Event generator list: Default
 User-specified message thresholds : 
 Cache file : 
 Unphysical event mask (bits: 15 -> 0) : 1111111111111111
 Event record print level : 3
 MC job status file refresh rate: 50
 Pre-calculate all free-nucleon cross-sections? : Yes

1652913588 INFO PDG : [n] <PDGLibrary.cxx::Instance (46)> : PDGLibrary late initialization
1652913588 INFO PDG : [n] <PDGLibrary.cxx::LoadDBase (90)> : Load PDG data from: /cvmfs/larsoft.opensciencegrid.org/products/genie/v3_00_04_ub3/Linux64bit+3.10-2.17-e17-prof/GENIE-Generator/data/evgen/catalogues/pdg/genie_pdg_table.txt
1652913588 NOTICE gntpc : [n] <gNtpConv.cxx::ConvertToGST (403)> : *** Saving summary tree to: gntp.2.gst.root
1652913589 INFO gntpc : [n] <gNtpConv.cxx::ConvertToGST (516)> : Input tree header: Tree Header Info:
MC run number     -> 2
NtpRecord Format  -> [NtpMCEventRecord]
GENIE CVS Vrs Nu  -> 3.0.6
File generated at -> DATE (dd/mm/yyyy): 18/5/2022, TIME (hr:min:sec): 22:25:58


1652913589 NOTICE gntpc : [n] <gNtpConv.cxx::ConvertToGST (534)> : *** Analyzing: 10 events
1652913589 INFO gntpc : [n] <gNtpConv.cxx::ConvertToGST (545)> : 

*** Event #: 0
1652913589 INFO gntpc : [n] <gNtpConv.cxx::ConvertToGST (546)> : 

|------------------------------------------------------------------------------------------------------------------|
|GENIE GHEP Event Record [print level:   3]                                                                        |
|------------------------------------------------------------------------------------------------------------------|
| Idx |          Name | Ist |        PDG |   Mother  | Daughter  |      Px |      Py |      Pz |       E |      m  | 
|------------------------------------------------------------------------------------------------------------------|
|   0 |         nu_mu |   0 |         14 |  -1 |  -1 |   4 |   4 |   0.002 |   0.002 |   0.577 |   0.577 |   0.000 | 
|   1 |          Ar40 |   0 | 1000180400 |  -1 |  -1 |   2 |   3 |   0.000 |   0.000 |   0.000 |  37.216 |  37.216 | 
|   2 |       neutron |  11 |       2112 |   1 |  -1 |   5 |   5 |  -0.042 |   0.127 |   0.007 |   0.929 | **0.940 | M = 0.920 
|   3 |          Ar39 |   2 | 1000180390 |   1 |  -1 |  10 |  10 |   0.042 |  -0.127 |  -0.007 |  36.286 |  36.286 | 
|   4 |           mu- |   1 |         13 |   0 |  -1 |  -1 |  -1 |   0.041 |  -0.092 |   0.277 |   0.313 |   0.106 | P = (-0.138,0.311,-0.940)
|   5 |      N+(1535) |   3 |      22212 |   2 |  -1 |   6 |   7 |  -0.081 |   0.222 |   0.307 |   1.194 | **1.535 | M = 1.129 
|   6 |       neutron |  14 |       2112 |   5 |  -1 |   8 |   8 |  -0.032 |   0.288 |   0.213 |   1.006 |   0.940 | FSI = 1
|   7 |           pi+ |  14 |        211 |   5 |  -1 |   9 |   9 |  -0.049 |  -0.067 |   0.094 |   0.188 |   0.140 | FSI = 1
|   8 |       neutron |   1 |       2112 |   6 |  -1 |  -1 |  -1 |  -0.032 |   0.288 |   0.213 |   1.006 |   0.940 | 
|   9 |           pi+ |   1 |        211 |   7 |  -1 |  -1 |  -1 |  -0.049 |  -0.067 |   0.094 |   0.188 |   0.140 | 
|  10 |      HadrBlob |  15 | 2000000002 |   3 |  -1 |  -1 |  -1 |   0.042 |  -0.127 |  -0.007 |  36.286 | **0.000 | M = 36.286 
|------------------------------------------------------------------------------------------------------------------|
|       Fin-Init:                                                |   0.000 |   0.000 |  -0.000 |   0.000 |         | 
|------------------------------------------------------------------------------------------------------------------|
|       Vertex:          nu_mu @ (x =    -0.18724 m, y =    -0.02742 m, z =     1.62138 m, t =    6.676553e-06 s)  |
|------------------------------------------------------------------------------------------------------------------|
| Err flag [bits:15->0] : 0000000000000000    |  1st set:                                                     none | 
| Err mask [bits:15->0] : 1111111111111111    |  Is unphysical:    NO |   Accepted:   YES                          |
|------------------------------------------------------------------------------------------------------------------|
| sig(Ev) =       2.37458e-40 cm^2  | d2sig(W,Q2;E)/dWdQ2 =     2.81695e-39 cm^2/GeV^3 | Weight =          1.00000 |
|------------------------------------------------------------------------------------------------------------------|

--------------------------------------------------------------------------------------------------------------
GENIE Interaction Summary
--------------------------------------------------------------------------------------------------------------
[-] [Init-State] 
 |--> probe        : PDG-code = 14 (nu_mu)
 |--> nucl. target : Z = 18, A = 40, PDG-Code = 1000180400 (Ar40)
 |--> hit nucleon  : PDC-Code = 2112 (neutron)
 |--> hit quark    : no set
 |--> probe 4P     : (E =     0.577437, Px =     0.001801, Py =     0.002435, Pz =     0.577429)
 |--> target 4P    : (E =    37.215526, Px =     0.000000, Py =     0.000000, Pz =     0.000000)
 |--> nucleon 4P   : (E =     0.929448, Px =    -0.042010, Py =     0.127409, Pz =     0.006919)
[-] [Process-Info]  
 |--> Interaction : Weak[CC]
 |--> Scattering  : RES
[-] [Kinematics]
 |--> *Selected* Bjorken x = 0.066667
 |--> *Selected* Inelasticity y = 0.431991
 |--> *Selected* Momentum transfer Q2 (>0) = 0.030670
 |--> *Selected* Hadronic invariant mass W = 1.129248
[-] [Exclusive Process Info] 
 |--> charm prod.  : false |--> strange prod.  : false
 |--> f/s nucleons : N(p) = 0 N(n) = 0
 |--> f/s pions    : N(pi^0) = 0 N(pi^+) = 0 N(pi^-) = 0
 |--> resonance    : S11(1535)
--------------------------------------------------------------------------------------------------------------


1652913589 NOTICE GHepUtils : [n] <GHepUtils.cxx::NeutReactionCode (115)> : Current event is RES or DIS with W<2
1652913589 NOTICE GHepUtils : [n] <GHepUtils.cxx::NeutReactionCode (162)> : Num of primary particles: 
 p = 0, n = 1, pi+ = 1, pi- = 0, pi0 = 0, eta = 0, K+ = 0, K- = 0, K0 = 0, Lambda's = 0, gamma's = 0
1652913589 INFO gntpc : [n] <gNtpConv.cxx::ConvertToGST (956)> : Counting in primary hadronic system: idx = 6 -> neutron
1652913589 INFO gntpc : [n] <gNtpConv.cxx::ConvertToGST (956)> : Counting in primary hadronic system: idx = 7 -> pi+
1652913589 INFO gntpc : [n] <gNtpConv.cxx::ConvertToGST (961)> : N(p):0, N(n):1, N(pi+):1, N(pi-):0, N(pi0):0, N(K+,K-,K0):0, N(gamma,e-,e+):0, N(etc):0

1652913589 INFO gntpc : [n] <gNtpConv.cxx::ConvertToGST (1027)> : Counting in f/s system from hadronic vtx: idx = 8 -> neutron
1652913589 INFO gntpc : [n] <gNtpConv.cxx::ConvertToGST (1027)> : Counting in f/s system from hadronic vtx: idx = 9 -> pi+
1652913589 INFO gntpc : [n] <gNtpConv.cxx::ConvertToGST (1032)> : N(p):0, N(n):1, N(pi+):1, N(pi-):0, N(pi0):0, N(K+,K-,K0):0, N(gamma,e-,e+):0, N(etc):0

1652913589 INFO gntpc : [n] <gNtpConv.cxx::ConvertToGST (545)> : 

*** Event #: 1
1652913589 INFO gntpc : [n] <gNtpConv.cxx::ConvertToGST (546)> : 

|------------------------------------------------------------------------------------------------------------------|
|GENIE GHEP Event Record [print level:   3]                                                                        |
|------------------------------------------------------------------------------------------------------------------|
| Idx |          Name | Ist |        PDG |   Mother  | Daughter  |      Px |      Py |      Pz |       E |      m  | 
|------------------------------------------------------------------------------------------------------------------|
|   0 |         nu_mu |   0 |         14 |  -1 |  -1 |   4 |   4 |   0.003 |   0.001 |   1.341 |   1.341 |   0.000 | 
|   1 |          Ar40 |   0 | 1000180400 |  -1 |  -1 |   2 |   3 |   0.000 |   0.000 |   0.000 |  37.216 |  37.216 | 
|   2 |           p+p |  11 | 2000000202 |   1 |  -1 |   5 |   5 |  -0.025 |   0.067 |  -0.030 |   1.878 |   1.877 | 
|   3 |           S38 |   2 | 1000160380 |   1 |  -1 |  10 |  10 |   0.025 |  -0.067 |   0.030 |  35.337 | *35.362 | M = 35.337 
|   4 |         nu_mu |   1 |         14 |   0 |  -1 |  -1 |  -1 |  -0.428 |  -0.282 |   0.813 |   0.961 |   0.000 | 
|   5 |           p+p |   3 | 2000000202 |   2 |  -1 |   6 |   7 |   0.405 |   0.351 |   0.498 |   2.258 | **1.877 | M = 2.136 
|   6 |        proton |  14 |       2212 |   5 |  -1 |   8 |   8 |  -0.289 |   0.328 |   0.234 |   1.061 |   0.938 | FSI = 1
|   7 |        proton |  14 |       2212 |   5 |  -1 |   9 |   9 |   0.694 |   0.023 |   0.264 |   1.197 |   0.938 | FSI = 1
|   8 |        proton |   1 |       2212 |   6 |  -1 |  -1 |  -1 |  -0.289 |   0.328 |   0.234 |   1.061 |   0.938 | 
|   9 |        proton |   1 |       2212 |   7 |  -1 |  -1 |  -1 |   0.694 |   0.023 |   0.264 |   1.197 |   0.938 | 
|  10 |      HadrBlob |  15 | 2000000002 |   3 |  -1 |  -1 |  -1 |   0.025 |  -0.067 |   0.030 |  35.337 | **0.000 | M = 35.337 
|------------------------------------------------------------------------------------------------------------------|
|       Fin-Init:                                                |  -0.000 |  -0.000 |  -0.000 |  -0.000 |         | 
|------------------------------------------------------------------------------------------------------------------|
|       Vertex:          nu_mu @ (x =     0.06893 m, y =     0.06642 m, z =     1.81209 m, t =    6.677115e-06 s)  |
|------------------------------------------------------------------------------------------------------------------|
| Err flag [bits:15->0] : 0000000000000000    |  1st set:                                                     none | 
| Err mask [bits:15->0] : 1111111111111111    |  Is unphysical:    NO |   Accepted:   YES                          |
|------------------------------------------------------------------------------------------------------------------|
| sig(Ev) =       8.16316e-40 cm^2  | dsig(Ev;{K_s})/dK   =     0.00000e+00 cm^2/{K}   | Weight =          1.00000 |
|------------------------------------------------------------------------------------------------------------------|

--------------------------------------------------------------------------------------------------------------
GENIE Interaction Summary
--------------------------------------------------------------------------------------------------------------
[-] [Init-State] 
 |--> probe        : PDG-code = 14 (nu_mu)
 |--> nucl. target : Z = 18, A = 40, PDG-Code = 1000180400 (Ar40)
 |--> hit nucleon  : no set
 |--> hit quark    : no set
 |--> probe 4P     : (E =     1.341016, Px =     0.002910, Py =     0.001163, Pz =     1.341012)
 |--> target 4P    : (E =    37.215526, Px =     0.000000, Py =     0.000000, Pz =     0.000000)

[-] [Process-Info]  
 |--> Interaction : Weak[NC]
 |--> Scattering  : MEC
[-] [Kinematics]
 |--> *Selected* Bjorken x = 0.277589
 |--> *Selected* Inelasticity y = 0.281627
 |--> *Selected* Momentum transfer Q2 (>0) = 0.400066
 |--> *Selected* Hadronic invariant mass W = 2.136066
[-] [Exclusive Process Info] 
 |--> charm prod.  : false |--> strange prod.  : false
 |--> f/s nucleons : N(p) = 0 N(n) = 0
 |--> f/s pions    : N(pi^0) = 0 N(pi^+) = 0 N(pi^-) = 0
 |--> resonance    : [not set]
--------------------------------------------------------------------------------------------------------------


1652913589 INFO gntpc : [n] <gNtpConv.cxx::ConvertToGST (956)> : Counting in primary hadronic system: idx = 6 -> proton
1652913589 INFO gntpc : [n] <gNtpConv.cxx::ConvertToGST (956)> : Counting in primary hadronic system: idx = 7 -> proton
1652913589 INFO gntpc : [n] <gNtpConv.cxx::ConvertToGST (961)> : N(p):2, N(n):0, N(pi+):0, N(pi-):0, N(pi0):0, N(K+,K-,K0):0, N(gamma,e-,e+):0, N(etc):0

1652913589 INFO gntpc : [n] <gNtpConv.cxx::ConvertToGST (1027)> : Counting in f/s system from hadronic vtx: idx = 8 -> proton
1652913589 INFO gntpc : [n] <gNtpConv.cxx::ConvertToGST (1027)> : Counting in f/s system from hadronic vtx: idx = 9 -> proton
1652913589 INFO gntpc : [n] <gNtpConv.cxx::ConvertToGST (1032)> : N(p):2, N(n):0, N(pi+):0, N(pi-):0, N(pi0):0, N(K+,K-,K0):0, N(gamma,e-,e+):0, N(etc):0

1652913589 INFO gntpc : [n] <gNtpConv.cxx::ConvertToGST (545)> : 

*** Event #: 2
1652913589 INFO gntpc : [n] <gNtpConv.cxx::ConvertToGST (546)> : 

|------------------------------------------------------------------------------------------------------------------|
|GENIE GHEP Event Record [print level:   3]                                                                        |
|------------------------------------------------------------------------------------------------------------------|
| Idx |          Name | Ist |        PDG |   Mother  | Daughter  |      Px |      Py |      Pz |       E |      m  | 
|------------------------------------------------------------------------------------------------------------------|
|   0 |         nu_mu |   0 |         14 |  -1 |  -1 |   4 |   4 |   0.001 |  -0.000 |   0.912 |   0.912 |   0.000 | 
|   1 |          Ar40 |   0 | 1000180400 |  -1 |  -1 |   2 |   3 |   0.000 |   0.000 |   0.000 |  37.216 |  37.216 | 
|   2 |       neutron |  11 |       2112 |   1 |  -1 |   5 |   5 |   0.094 |  -0.166 |   0.001 |   0.910 | **0.940 | M = 0.889 
|   3 |          Ar39 |   2 | 1000180390 |   1 |  -1 |   7 |   7 |  -0.094 |   0.166 |  -0.001 |  36.306 | *36.286 | M = 36.305 
|   4 |           mu- |   1 |         13 |   0 |  -1 |  -1 |  -1 |   0.341 |   0.327 |   0.226 |   0.535 |   0.106 | 
|   5 |        proton |  14 |       2212 |   2 |  -1 |   6 |   6 |  -0.246 |  -0.494 |   0.687 |   1.287 |   0.938 | FSI = 1
|   6 |        proton |   1 |       2212 |   5 |  -1 |  -1 |  -1 |  -0.246 |  -0.494 |   0.687 |   1.287 |   0.938 | 
|   7 |      HadrBlob |  15 | 2000000002 |   3 |  -1 |  -1 |  -1 |  -0.094 |   0.166 |  -0.001 |  36.306 | **0.000 | M = 36.305 
|------------------------------------------------------------------------------------------------------------------|
|       Fin-Init:                                                |  -0.000 |   0.000 |  -0.000 |  -0.000 |         | 
|------------------------------------------------------------------------------------------------------------------|
|       Vertex:          nu_mu @ (x =    -0.01518 m, y =    -0.09937 m, z =     1.90140 m, t =    6.677399e-06 s)  |
|------------------------------------------------------------------------------------------------------------------|
| Err flag [bits:15->0] : 0000000000000000    |  1st set:                                                     none | 
| Err mask [bits:15->0] : 1111111111111111    |  Is unphysical:    NO |   Accepted:   YES                          |
|------------------------------------------------------------------------------------------------------------------|
| sig(Ev) =       1.75338e-37 cm^2  | dsig(Ev;{K_s})/dK   =     1.36548e-38 cm^2/{K}   | Weight =          1.00000 |
|------------------------------------------------------------------------------------------------------------------|

--------------------------------------------------------------------------------------------------------------
GENIE Interaction Summary
--------------------------------------------------------------------------------------------------------------
[-] [Init-State] 
 |--> probe        : PDG-code = 14 (nu_mu)
 |--> nucl. target : Z = 18, A = 40, PDG-Code = 1000180400 (Ar40)
 |--> hit nucleon  : PDC-Code = 2112 (neutron)
 |--> hit quark    : no set
 |--> probe 4P     : (E =     0.912388, Px =     0.000910, Py =    -0.000410, Pz =     0.912388)
 |--> target 4P    : (E =    37.215526, Px =     0.000000, Py =     0.000000, Pz =     0.000000)
 |--> nucleon 4P   : (E =     0.909566, Px =     0.093858, Py =    -0.165712, Pz =     0.001322)
[-] [Process-Info]  
 |--> Interaction : Weak[CC]
 |--> Scattering  : QES
[-] [Kinematics]
 |--> *Selected* Bjorken x = 0.860534
 |--> *Selected* Inelasticity y = 0.386483
 |--> *Selected* Momentum transfer Q2 (>0) = 0.551100
 |--> *Selected* Hadronic invariant mass W = 0.938272
[-] [Exclusive Process Info] 
 |--> charm prod.  : false |--> strange prod.  : false
 |--> f/s nucleons : N(p) = 0 N(n) = 0
 |--> f/s pions    : N(pi^0) = 0 N(pi^+) = 0 N(pi^-) = 0
 |--> resonance    : [not set]
--------------------------------------------------------------------------------------------------------------


1652913589 INFO gntpc : [n] <gNtpConv.cxx::ConvertToGST (956)> : Counting in primary hadronic system: idx = 5 -> proton
1652913589 INFO gntpc : [n] <gNtpConv.cxx::ConvertToGST (961)> : N(p):1, N(n):0, N(pi+):0, N(pi-):0, N(pi0):0, N(K+,K-,K0):0, N(gamma,e-,e+):0, N(etc):0

1652913589 INFO gntpc : [n] <gNtpConv.cxx::ConvertToGST (1027)> : Counting in f/s system from hadronic vtx: idx = 6 -> proton
1652913589 INFO gntpc : [n] <gNtpConv.cxx::ConvertToGST (1032)> : N(p):1, N(n):0, N(pi+):0, N(pi-):0, N(pi0):0, N(K+,K-,K0):0, N(gamma,e-,e+):0, N(etc):0

1652913589 INFO gntpc : [n] <gNtpConv.cxx::ConvertToGST (545)> : 

*** Event #: 3
1652913589 INFO gntpc : [n] <gNtpConv.cxx::ConvertToGST (546)> : 

|------------------------------------------------------------------------------------------------------------------|
|GENIE GHEP Event Record [print level:   3]                                                                        |
|------------------------------------------------------------------------------------------------------------------|
| Idx |          Name | Ist |        PDG |   Mother  | Daughter  |      Px |      Py |      Pz |       E |      m  | 
|------------------------------------------------------------------------------------------------------------------|
|   0 |         nu_mu |   0 |         14 |  -1 |  -1 |   4 |   4 |   0.000 |  -0.006 |   0.969 |   0.969 |   0.000 | 
|   1 |          Ar40 |   0 | 1000180400 |  -1 |  -1 |   2 |   3 |   0.000 |   0.000 |   0.000 |  37.216 |  37.216 | 
|   2 |           n+p |  11 | 2000000201 |   1 |  -1 |   5 |   5 |  -0.074 |  -0.100 |   0.056 |   1.883 |   1.878 | 
|   3 |          Cl38 |   2 | 1000170380 |   1 |  -1 |  12 |  12 |   0.074 |   0.100 |  -0.056 |  35.392 | *35.358 | M = 35.391 
|   4 |           mu- |   1 |         13 |   0 |  -1 |  -1 |  -1 |   0.166 |  -0.233 |   0.791 |   0.848 |   0.106 | 
|   5 |           p+p |   3 | 2000000202 |   2 |  -1 |   6 |   7 |  -0.239 |   0.128 |   0.234 |   1.945 | **1.877 | M = 1.911 
|   6 |        proton |  14 |       2212 |   5 |  -1 |   8 |   9 |  -0.087 |  -0.053 |  -0.021 |   0.944 |   0.938 | FSI = 2
|   7 |        proton |  14 |       2212 |   5 |  -1 |  10 |  11 |  -0.152 |   0.181 |   0.255 |   1.001 |   0.938 | FSI = 2
|   8 |       neutron |   1 |       2112 |   6 |  -1 |  -1 |  -1 |  -0.047 |  -0.064 |  -0.052 |   0.944 |   0.940 | 
|   9 |        proton |   1 |       2212 |   6 |  -1 |  -1 |  -1 |  -0.200 |  -0.005 |  -0.183 |   0.977 |   0.938 | 
|  10 |       neutron |   1 |       2112 |   7 |  -1 |  -1 |  -1 |   0.000 |   0.293 |   0.236 |   1.012 |   0.940 | 
|  11 |        proton |   1 |       2212 |   7 |  -1 |  -1 |  -1 |  -0.154 |   0.140 |   0.016 |   0.961 |   0.938 | 
|  12 |      HadrBlob |  15 | 2000000002 |   3 |  -1 |  -1 |  -1 |   0.237 |  -0.136 |   0.161 |  33.442 | **0.000 | M = 33.440 
|------------------------------------------------------------------------------------------------------------------|
|       Fin-Init:                                                |   0.000 |   0.000 |   0.000 |   0.000 |         | 
|------------------------------------------------------------------------------------------------------------------|
|       Vertex:          nu_mu @ (x =     0.01401 m, y =    -0.38644 m, z =     1.54095 m, t =    6.676306e-06 s)  |
|------------------------------------------------------------------------------------------------------------------|
| Err flag [bits:15->0] : 0000000000000000    |  1st set:                                                     none | 
| Err mask [bits:15->0] : 1111111111111111    |  Is unphysical:    NO |   Accepted:   YES                          |
|------------------------------------------------------------------------------------------------------------------|
| sig(Ev) =       4.75490e-38 cm^2  | dsig(Ev;{K_s})/dK   =     0.00000e+00 cm^2/{K}   | Weight =          1.00000 |
|------------------------------------------------------------------------------------------------------------------|

--------------------------------------------------------------------------------------------------------------
GENIE Interaction Summary
--------------------------------------------------------------------------------------------------------------
[-] [Init-State] 
 |--> probe        : PDG-code = 14 (nu_mu)
 |--> nucl. target : Z = 18, A = 40, PDG-Code = 1000180400 (Ar40)
 |--> hit nucleon  : no set
 |--> hit quark    : no set
 |--> probe 4P     : (E =     0.968894, Px =     0.000428, Py =    -0.005624, Pz =     0.968877)
 |--> target 4P    : (E =    37.215526, Px =     0.000000, Py =     0.000000, Pz =     0.000000)

[-] [Process-Info]  
 |--> Interaction : Weak[CC]
 |--> Scattering  : MEC
[-] [Kinematics]
 |-->  *Running* lepton kinetic energy = 0.742309
 |-->  *Running* cosine of lepton theta = 0.942061
 |--> *Selected* Bjorken x = 0.211609
 |--> *Selected* Inelasticity y = 0.124809
 |--> *Selected* Momentum transfer Q2 (>0) = 0.096104
 |--> *Selected* Hadronic invariant mass W = 1.970870
[-] [Exclusive Process Info] 
 |--> charm prod.  : false |--> strange prod.  : false
 |--> f/s nucleons : N(p) = 0 N(n) = 0
 |--> f/s pions    : N(pi^0) = 0 N(pi^+) = 0 N(pi^-) = 0
 |--> resonance    : P33(1232)
--------------------------------------------------------------------------------------------------------------


1652913589 INFO gntpc : [n] <gNtpConv.cxx::ConvertToGST (956)> : Counting in primary hadronic system: idx = 6 -> proton
1652913589 INFO gntpc : [n] <gNtpConv.cxx::ConvertToGST (956)> : Counting in primary hadronic system: idx = 7 -> proton
1652913589 INFO gntpc : [n] <gNtpConv.cxx::ConvertToGST (961)> : N(p):2, N(n):0, N(pi+):0, N(pi-):0, N(pi0):0, N(K+,K-,K0):0, N(gamma,e-,e+):0, N(etc):0

1652913589 INFO gntpc : [n] <gNtpConv.cxx::ConvertToGST (1027)> : Counting in f/s system from hadronic vtx: idx = 8 -> neutron
1652913589 INFO gntpc : [n] <gNtpConv.cxx::ConvertToGST (1027)> : Counting in f/s system from hadronic vtx: idx = 9 -> proton
1652913589 INFO gntpc : [n] <gNtpConv.cxx::ConvertToGST (1027)> : Counting in f/s system from hadronic vtx: idx = 10 -> neutron
1652913589 INFO gntpc : [n] <gNtpConv.cxx::ConvertToGST (1027)> : Counting in f/s system from hadronic vtx: idx = 11 -> proton
1652913589 INFO gntpc : [n] <gNtpConv.cxx::ConvertToGST (1032)> : N(p):2, N(n):2, N(pi+):0, N(pi-):0, N(pi0):0, N(K+,K-,K0):0, N(gamma,e-,e+):0, N(etc):0

1652913589 INFO gntpc : [n] <gNtpConv.cxx::ConvertToGST (545)> : 

*** Event #: 4
1652913589 INFO gntpc : [n] <gNtpConv.cxx::ConvertToGST (546)> : 

|------------------------------------------------------------------------------------------------------------------|
|GENIE GHEP Event Record [print level:   3]                                                                        |
|------------------------------------------------------------------------------------------------------------------|
| Idx |          Name | Ist |        PDG |   Mother  | Daughter  |      Px |      Py |      Pz |       E |      m  | 
|------------------------------------------------------------------------------------------------------------------|
|   0 |         nu_mu |   0 |         14 |  -1 |  -1 |   4 |   4 |   0.004 |  -0.004 |   1.798 |   1.798 |   0.000 | 
|   1 |          Ar40 |   0 | 1000180400 |  -1 |  -1 |   2 |   3 |   0.000 |   0.000 |   0.000 |  37.216 |  37.216 | 
|   2 |        proton |  11 |       2212 |   1 |  -1 |   5 |   5 |  -0.052 |  -0.045 |   0.028 |   0.926 | **0.938 | M = 0.923 
|   3 |          Cl39 |   2 | 1000170390 |   1 |  -1 |   8 |   8 |   0.052 |   0.045 |  -0.028 |  36.290 |  36.290 | 
|   4 |         nu_mu |   1 |         14 |   0 |  -1 |  -1 |  -1 |  -0.232 |  -0.192 |   1.726 |   1.752 |   0.000 | P = (0.133,0.109,-0.985)
|   5 |        proton |  14 |       2212 |   2 |  -1 |   6 |   7 |   0.184 |   0.142 |   0.101 |   0.972 |   0.938 | FSI = 2
|   6 |       neutron |   1 |       2112 |   5 |  -1 |  -1 |  -1 |  -0.000 |   0.000 |   0.000 |   0.940 |   0.940 | 
|   7 |        proton |   1 |       2212 |   5 |  -1 |  -1 |  -1 |   0.000 |   0.000 |  -0.000 |   0.938 |   0.938 | 
|   8 |      HadrBlob |  15 | 2000000002 |   3 |  -1 |  -1 |  -1 |   0.060 |  -0.017 |   0.028 |  35.347 | **0.000 | M = 35.346 
|   9 |      NucBindE |   1 | 2000000101 |  -1 |  -1 |  -1 |  -1 |  -0.019 |   0.144 |   0.081 |   0.029 | **0.000 | M = -0.164 
|  10 |      NucBindE |   1 | 2000000101 |  -1 |  -1 |  -1 |  -1 |   0.196 |   0.060 |  -0.037 |   0.029 | **0.000 | M = -0.206 
|------------------------------------------------------------------------------------------------------------------|
|       Fin-Init:                                                |   0.000 |   0.000 |  -0.000 |   0.022 |         | 
|------------------------------------------------------------------------------------------------------------------|
|       Vertex:          nu_mu @ (x =     0.11611 m, y =    -0.39133 m, z =     1.80061 m, t =    6.677095e-06 s)  |
|------------------------------------------------------------------------------------------------------------------|
| Err flag [bits:15->0] : 0000000000000000    |  1st set:                                                     none | 
| Err mask [bits:15->0] : 1111111111111111    |  Is unphysical:    NO |   Accepted:   YES                          |
|------------------------------------------------------------------------------------------------------------------|
| sig(Ev) =       2.63366e-38 cm^2  | dsig(Q2;E)/dQ2 =          3.20145e-39 cm^2/GeV^2 | Weight =          1.00000 |
|------------------------------------------------------------------------------------------------------------------|

--------------------------------------------------------------------------------------------------------------
GENIE Interaction Summary
--------------------------------------------------------------------------------------------------------------
[-] [Init-State] 
 |--> probe        : PDG-code = 14 (nu_mu)
 |--> nucl. target : Z = 18, A = 40, PDG-Code = 1000180400 (Ar40)
 |--> hit nucleon  : PDC-Code = 2212 (proton)
 |--> hit quark    : no set
 |--> probe 4P     : (E =     1.798480, Px =     0.004103, Py =    -0.004245, Pz =     1.798471)
 |--> target 4P    : (E =    37.215526, Px =     0.000000, Py =     0.000000, Pz =     0.000000)
 |--> nucleon 4P   : (E =     0.925666, Px =    -0.052144, Py =    -0.045416, Pz =     0.028427)
[-] [Process-Info]  
 |--> Interaction : Weak[NC]
 |--> Scattering  : QES
[-] [Kinematics]
 |--> *Selected* Bjorken x = 0.763775
 |--> *Selected* Inelasticity y = 0.038151
 |--> *Selected* Momentum transfer Q2 (>0) = 0.094042
 |--> *Selected* Hadronic invariant mass W = 0.938272
[-] [Exclusive Process Info] 
 |--> charm prod.  : false |--> strange prod.  : false
 |--> f/s nucleons : N(p) = 0 N(n) = 0
 |--> f/s pions    : N(pi^0) = 0 N(pi^+) = 0 N(pi^-) = 0
 |--> resonance    : [not set]
--------------------------------------------------------------------------------------------------------------


1652913589 INFO gntpc : [n] <gNtpConv.cxx::ConvertToGST (956)> : Counting in primary hadronic system: idx = 5 -> proton
1652913589 INFO gntpc : [n] <gNtpConv.cxx::ConvertToGST (961)> : N(p):1, N(n):0, N(pi+):0, N(pi-):0, N(pi0):0, N(K+,K-,K0):0, N(gamma,e-,e+):0, N(etc):0

1652913589 INFO gntpc : [n] <gNtpConv.cxx::ConvertToGST (1027)> : Counting in f/s system from hadronic vtx: idx = 6 -> neutron
1652913589 INFO gntpc : [n] <gNtpConv.cxx::ConvertToGST (1027)> : Counting in f/s system from hadronic vtx: idx = 7 -> proton
1652913589 INFO gntpc : [n] <gNtpConv.cxx::ConvertToGST (1032)> : N(p):1, N(n):1, N(pi+):0, N(pi-):0, N(pi0):0, N(K+,K-,K0):0, N(gamma,e-,e+):0, N(etc):0

1652913589 INFO gntpc : [n] <gNtpConv.cxx::ConvertToGST (545)> : 

*** Event #: 5
1652913589 INFO gntpc : [n] <gNtpConv.cxx::ConvertToGST (546)> : 

|------------------------------------------------------------------------------------------------------------------|
|GENIE GHEP Event Record [print level:   3]                                                                        |
|------------------------------------------------------------------------------------------------------------------|
| Idx |          Name | Ist |        PDG |   Mother  | Daughter  |      Px |      Py |      Pz |       E |      m  | 
|------------------------------------------------------------------------------------------------------------------|
|   0 |         nu_mu |   0 |         14 |  -1 |  -1 |   4 |   4 |  -0.008 |   0.003 |   0.862 |   0.862 |   0.000 | 
|   1 |          Ar40 |   0 | 1000180400 |  -1 |  -1 |   2 |   3 |   0.000 |   0.000 |   0.000 |  37.216 |  37.216 | 
|   2 |       neutron |  11 |       2112 |   1 |  -1 |   5 |   5 |  -0.120 |   0.045 |  -0.112 |   0.910 | **0.940 | M = 0.893 
|   3 |          Ar39 |   2 | 1000180390 |   1 |  -1 |   8 |   8 |   0.120 |  -0.045 |   0.112 |  36.306 | *36.286 | M = 36.305 
|   4 |           mu- |   1 |         13 |   0 |  -1 |  -1 |  -1 |  -0.526 |   0.008 |   0.059 |   0.540 |   0.106 | 
|   5 |        proton |  14 |       2212 |   2 |  -1 |   6 |   7 |   0.398 |   0.041 |   0.691 |   1.232 |   0.938 | FSI = 2
|   6 |       neutron |   1 |       2112 |   5 |  -1 |  -1 |  -1 |  -0.149 |   0.159 |  -0.073 |   0.967 |   0.940 | 
|   7 |        proton |   1 |       2212 |   5 |  -1 |  -1 |  -1 |   0.490 |   0.067 |   0.592 |   1.214 |   0.938 | 
|   8 |      HadrBlob |  15 | 2000000002 |   3 |  -1 |  -1 |  -1 |   0.178 |  -0.231 |   0.285 |  35.356 | **0.000 | M = 35.354 
|------------------------------------------------------------------------------------------------------------------|
|       Fin-Init:                                                |   0.000 |   0.000 |   0.000 |   0.000 |         | 
|------------------------------------------------------------------------------------------------------------------|
|       Vertex:          nu_mu @ (x =     0.13956 m, y =     0.05199 m, z =     1.47854 m, t =    6.676311e-06 s)  |
|------------------------------------------------------------------------------------------------------------------|
| Err flag [bits:15->0] : 0000000000000000    |  1st set:                                                     none | 
| Err mask [bits:15->0] : 1111111111111111    |  Is unphysical:    NO |   Accepted:   YES                          |
|------------------------------------------------------------------------------------------------------------------|
| sig(Ev) =       1.71194e-37 cm^2  | dsig(Ev;{K_s})/dK   =     1.39548e-38 cm^2/{K}   | Weight =          1.00000 |
|------------------------------------------------------------------------------------------------------------------|

--------------------------------------------------------------------------------------------------------------
GENIE Interaction Summary
--------------------------------------------------------------------------------------------------------------
[-] [Init-State] 
 |--> probe        : PDG-code = 14 (nu_mu)
 |--> nucl. target : Z = 18, A = 40, PDG-Code = 1000180400 (Ar40)
 |--> hit nucleon  : PDC-Code = 2112 (neutron)
 |--> hit quark    : no set
 |--> probe 4P     : (E =     0.862171, Px =    -0.007977, Py =     0.003032, Pz =     0.862129)
 |--> target 4P    : (E =    37.215526, Px =     0.000000, Py =     0.000000, Pz =     0.000000)
 |--> nucleon 4P   : (E =     0.909663, Px =    -0.120484, Py =     0.045338, Pz =    -0.112381)
[-] [Process-Info]  
 |--> Interaction : Weak[CC]
 |--> Scattering  : QES
[-] [Kinematics]
 |--> *Selected* Bjorken x = 0.907983
 |--> *Selected* Inelasticity y = 0.506714
 |--> *Selected* Momentum transfer Q2 (>0) = 0.809823
 |--> *Selected* Hadronic invariant mass W = 0.938272
[-] [Exclusive Process Info] 
 |--> charm prod.  : false |--> strange prod.  : false
 |--> f/s nucleons : N(p) = 0 N(n) = 0
 |--> f/s pions    : N(pi^0) = 0 N(pi^+) = 0 N(pi^-) = 0
 |--> resonance    : [not set]
--------------------------------------------------------------------------------------------------------------


1652913589 INFO gntpc : [n] <gNtpConv.cxx::ConvertToGST (956)> : Counting in primary hadronic system: idx = 5 -> proton
1652913589 INFO gntpc : [n] <gNtpConv.cxx::ConvertToGST (961)> : N(p):1, N(n):0, N(pi+):0, N(pi-):0, N(pi0):0, N(K+,K-,K0):0, N(gamma,e-,e+):0, N(etc):0

1652913589 INFO gntpc : [n] <gNtpConv.cxx::ConvertToGST (1027)> : Counting in f/s system from hadronic vtx: idx = 6 -> neutron
1652913589 INFO gntpc : [n] <gNtpConv.cxx::ConvertToGST (1027)> : Counting in f/s system from hadronic vtx: idx = 7 -> proton
1652913589 INFO gntpc : [n] <gNtpConv.cxx::ConvertToGST (1032)> : N(p):1, N(n):1, N(pi+):0, N(pi-):0, N(pi0):0, N(K+,K-,K0):0, N(gamma,e-,e+):0, N(etc):0

1652913589 INFO gntpc : [n] <gNtpConv.cxx::ConvertToGST (545)> : 

*** Event #: 6
1652913589 INFO gntpc : [n] <gNtpConv.cxx::ConvertToGST (546)> : 

|------------------------------------------------------------------------------------------------------------------|
|GENIE GHEP Event Record [print level:   3]                                                                        |
|------------------------------------------------------------------------------------------------------------------|
| Idx |          Name | Ist |        PDG |   Mother  | Daughter  |      Px |      Py |      Pz |       E |      m  | 
|------------------------------------------------------------------------------------------------------------------|
|   0 |         nu_mu |   0 |         14 |  -1 |  -1 |   4 |   4 |   0.000 |  -0.009 |   1.243 |   1.243 |   0.000 | 
|   1 |          Ar40 |   0 | 1000180400 |  -1 |  -1 |   2 |   3 |   0.000 |   0.000 |   0.000 |  37.216 |  37.216 | 
|   2 |       neutron |  11 |       2112 |   1 |  -1 |   5 |   5 |   0.012 |  -0.021 |   0.027 |   0.930 | **0.940 | M = 0.929 
|   3 |          Ar39 |   2 | 1000180390 |   1 |  -1 |  13 |  13 |  -0.012 |   0.021 |  -0.027 |  36.286 |  36.286 | 
|   4 |           mu- |   1 |         13 |   0 |  -1 |  -1 |  -1 |  -0.087 |  -0.156 |   0.012 |   0.208 |   0.106 | P = (0.485,0.872,-0.066)
|   5 |      N+(1520) |   3 |       2124 |   2 |  -1 |   6 |   7 |   0.099 |   0.127 |   1.258 |   1.965 | **1.520 | M = 1.500 
|   6 |        Delta+ |   3 |       2214 |   5 |  -1 |   8 |   9 |   0.007 |  -0.021 |   0.838 |   1.490 |   1.232 | 
|   7 |           pi0 |  14 |        111 |   5 |  -1 |  10 |  10 |   0.092 |   0.147 |   0.421 |   0.475 |   0.135 | FSI = 1
|   8 |        proton |  14 |       2212 |   6 |  -1 |  11 |  11 |  -0.181 |   0.117 |   0.671 |   1.173 |   0.938 | FSI = 1
|   9 |           pi0 |  14 |        111 |   6 |  -1 |  12 |  12 |   0.188 |  -0.138 |   0.167 |   0.317 |   0.135 | FSI = 1
|  10 |           pi0 |   1 |        111 |   7 |  -1 |  -1 |  -1 |   0.092 |   0.147 |   0.421 |   0.475 |   0.135 | 
|  11 |        proton |   1 |       2212 |   8 |  -1 |  -1 |  -1 |  -0.181 |   0.117 |   0.671 |   1.173 |   0.938 | 
|  12 |           pi0 |   1 |        111 |   9 |  -1 |  -1 |  -1 |   0.188 |  -0.138 |   0.167 |   0.317 |   0.135 | 
|  13 |      HadrBlob |  15 | 2000000002 |   3 |  -1 |  -1 |  -1 |  -0.012 |   0.021 |  -0.027 |  36.286 | **0.000 | M = 36.286 
|------------------------------------------------------------------------------------------------------------------|
|       Fin-Init:                                                |   0.000 |   0.000 |   0.000 |   0.000 |         | 
|------------------------------------------------------------------------------------------------------------------|
|       Vertex:          nu_mu @ (x =    -0.02249 m, y =    -0.11749 m, z =     1.57274 m, t =    6.676458e-06 s)  |
|------------------------------------------------------------------------------------------------------------------|
| Err flag [bits:15->0] : 0000000000000000    |  1st set:                                                     none | 
| Err mask [bits:15->0] : 1111111111111111    |  Is unphysical:    NO |   Accepted:   YES                          |
|------------------------------------------------------------------------------------------------------------------|
| sig(Ev) =       8.42451e-39 cm^2  | d2sig(W,Q2;E)/dWdQ2 =     1.12210e-37 cm^2/GeV^3 | Weight =          1.00000 |
|------------------------------------------------------------------------------------------------------------------|

--------------------------------------------------------------------------------------------------------------
GENIE Interaction Summary
--------------------------------------------------------------------------------------------------------------
[-] [Init-State] 
 |--> probe        : PDG-code = 14 (nu_mu)
 |--> nucl. target : Z = 18, A = 40, PDG-Code = 1000180400 (Ar40)
 |--> hit nucleon  : PDC-Code = 2112 (neutron)
 |--> hit quark    : no set
 |--> probe 4P     : (E =     1.243200, Px =     0.000285, Py =    -0.008589, Pz =     1.243171)
 |--> target 4P    : (E =    37.215526, Px =     0.000000, Py =     0.000000, Pz =     0.000000)
 |--> nucleon 4P   : (E =     0.929678, Px =     0.012098, Py =    -0.021089, Pz =     0.027064)
[-] [Process-Info]  
 |--> Interaction : Weak[CC]
 |--> Scattering  : RES
[-] [Kinematics]
 |--> *Selected* Bjorken x = 0.254597
 |--> *Selected* Inelasticity y = 0.829860
 |--> *Selected* Momentum transfer Q2 (>0) = 0.474090
 |--> *Selected* Hadronic invariant mass W = 1.500335
[-] [Exclusive Process Info] 
 |--> charm prod.  : false |--> strange prod.  : false
 |--> f/s nucleons : N(p) = 0 N(n) = 0
 |--> f/s pions    : N(pi^0) = 0 N(pi^+) = 0 N(pi^-) = 0
 |--> resonance    : D13(1520)
--------------------------------------------------------------------------------------------------------------


1652913589 NOTICE GHepUtils : [n] <GHepUtils.cxx::NeutReactionCode (115)> : Current event is RES or DIS with W<2
1652913589 NOTICE GHepUtils : [n] <GHepUtils.cxx::NeutReactionCode (162)> : Num of primary particles: 
 p = 1, n = 0, pi+ = 0, pi- = 0, pi0 = 2, eta = 0, K+ = 0, K- = 0, K0 = 0, Lambda's = 0, gamma's = 0
1652913589 INFO gntpc : [n] <gNtpConv.cxx::ConvertToGST (956)> : Counting in primary hadronic system: idx = 8 -> proton
1652913589 INFO gntpc : [n] <gNtpConv.cxx::ConvertToGST (956)> : Counting in primary hadronic system: idx = 9 -> pi0
1652913589 INFO gntpc : [n] <gNtpConv.cxx::ConvertToGST (961)> : N(p):1, N(n):0, N(pi+):0, N(pi-):0, N(pi0):1, N(K+,K-,K0):0, N(gamma,e-,e+):0, N(etc):0

1652913589 INFO gntpc : [n] <gNtpConv.cxx::ConvertToGST (1027)> : Counting in f/s system from hadronic vtx: idx = 10 -> pi0
1652913589 INFO gntpc : [n] <gNtpConv.cxx::ConvertToGST (1027)> : Counting in f/s system from hadronic vtx: idx = 11 -> proton
1652913589 INFO gntpc : [n] <gNtpConv.cxx::ConvertToGST (1027)> : Counting in f/s system from hadronic vtx: idx = 12 -> pi0
1652913589 INFO gntpc : [n] <gNtpConv.cxx::ConvertToGST (1032)> : N(p):1, N(n):0, N(pi+):0, N(pi-):0, N(pi0):2, N(K+,K-,K0):0, N(gamma,e-,e+):0, N(etc):0

1652913589 INFO gntpc : [n] <gNtpConv.cxx::ConvertToGST (545)> : 

*** Event #: 7
1652913589 INFO gntpc : [n] <gNtpConv.cxx::ConvertToGST (546)> : 

|------------------------------------------------------------------------------------------------------------------|
|GENIE GHEP Event Record [print level:   3]                                                                        |
|------------------------------------------------------------------------------------------------------------------|
| Idx |          Name | Ist |        PDG |   Mother  | Daughter  |      Px |      Py |      Pz |       E |      m  | 
|------------------------------------------------------------------------------------------------------------------|
|   0 |         nu_mu |   0 |         14 |  -1 |  -1 |   4 |   4 |   0.002 |  -0.005 |   2.139 |   2.139 |   0.000 | 
|   1 |          Ar40 |   0 | 1000180400 |  -1 |  -1 |   2 |   3 |   0.000 |   0.000 |   0.000 |  37.216 |  37.216 | 
|   2 |       neutron |  11 |       2112 |   1 |  -1 |   5 |   5 |   0.045 |  -0.234 |  -0.026 |   0.929 | **0.940 | M = 0.897 
|   3 |          Ar39 |   2 | 1000180390 |   1 |  -1 |  14 |  14 |  -0.045 |   0.234 |   0.026 |  36.287 |  36.286 | 
|   4 |         nu_mu |   1 |         14 |   0 |  -1 |  -1 |  -1 |   0.034 |   0.667 |   1.466 |   1.611 |   0.000 | P = (-0.021,-0.414,-0.910)
|   5 |       neutron |  14 |       2112 |   2 |  -1 |   6 |   6 |   0.014 |  -0.906 |   0.647 |   1.457 |   0.940 | FSI = 4
|   6 |      HadrClus |  16 | 2000000300 |   5 |  -1 |   7 |  13 |   0.014 |  -0.906 |   0.647 |   0.553 | **0.000 | M = -0.967 
|   7 |        proton |   1 |       2212 |   6 |  -1 |  -1 |  -1 |   0.184 |   0.143 |   0.242 |   0.997 |   0.938 | 
|   8 |        proton |   1 |       2212 |   6 |  -1 |  -1 |  -1 |  -0.324 |  -0.118 |  -0.142 |   1.010 |   0.938 | 
|   9 |        proton |   1 |       2212 |   6 |  -1 |  -1 |  -1 |  -0.046 |  -0.405 |   0.077 |   1.026 |   0.938 | 
|  10 |        proton |   1 |       2212 |   6 |  -1 |  -1 |  -1 |  -0.013 |   0.182 |  -0.046 |   0.957 |   0.938 | 
|  11 |       neutron |   1 |       2112 |   6 |  -1 |  -1 |  -1 |   0.177 |   0.124 |   0.238 |   0.993 |   0.940 | 
|  12 |       neutron |   1 |       2112 |   6 |  -1 |  -1 |  -1 |  -0.009 |  -0.705 |   0.141 |   1.183 |   0.940 | 
|  13 |       neutron |   1 |       2112 |   6 |  -1 |  -1 |  -1 |   0.044 |  -0.128 |   0.137 |   0.959 |   0.940 | 
|  14 |      HadrBlob |  15 | 2000000002 |   3 |  -1 |  -1 |  -1 |  -0.045 |   0.234 |   0.026 |  30.619 | **0.000 | M = 30.618 
|------------------------------------------------------------------------------------------------------------------|
|       Fin-Init:                                                |   0.000 |  -0.000 |   0.000 |   0.000 |         | 
|------------------------------------------------------------------------------------------------------------------|
|       Vertex:          nu_mu @ (x =     0.09733 m, y =    -0.13779 m, z =     1.64975 m, t =    6.676579e-06 s)  |
|------------------------------------------------------------------------------------------------------------------|
| Err flag [bits:15->0] : 0000000000000000    |  1st set:                                                     none | 
| Err mask [bits:15->0] : 1111111111111111    |  Is unphysical:    NO |   Accepted:   YES                          |
|------------------------------------------------------------------------------------------------------------------|
| sig(Ev) =       3.33393e-38 cm^2  | dsig(Q2;E)/dQ2 =          7.90188e-40 cm^2/GeV^2 | Weight =          1.00000 |
|------------------------------------------------------------------------------------------------------------------|

--------------------------------------------------------------------------------------------------------------
GENIE Interaction Summary
--------------------------------------------------------------------------------------------------------------
[-] [Init-State] 
 |--> probe        : PDG-code = 14 (nu_mu)
 |--> nucl. target : Z = 18, A = 40, PDG-Code = 1000180400 (Ar40)
 |--> hit nucleon  : PDC-Code = 2112 (neutron)
 |--> hit quark    : no set
 |--> probe 4P     : (E =     2.138986, Px =     0.002481, Py =    -0.005140, Pz =     2.138979)
 |--> target 4P    : (E =    37.215526, Px =     0.000000, Py =     0.000000, Pz =     0.000000)
 |--> nucleon 4P   : (E =     0.928902, Px =     0.045199, Py =    -0.234402, Pz =    -0.025971)
[-] [Process-Info]  
 |--> Interaction : Weak[NC]
 |--> Scattering  : QES
[-] [Kinematics]
 |--> *Selected* Bjorken x = 0.889827
 |--> *Selected* Inelasticity y = 0.172508
 |--> *Selected* Momentum transfer Q2 (>0) = 0.626638
 |--> *Selected* Hadronic invariant mass W = 0.939565
[-] [Exclusive Process Info] 
 |--> charm prod.  : false |--> strange prod.  : false
 |--> f/s nucleons : N(p) = 0 N(n) = 0
 |--> f/s pions    : N(pi^0) = 0 N(pi^+) = 0 N(pi^-) = 0
 |--> resonance    : [not set]
--------------------------------------------------------------------------------------------------------------


1652913589 INFO gntpc : [n] <gNtpConv.cxx::ConvertToGST (956)> : Counting in primary hadronic system: idx = 5 -> neutron
1652913589 INFO gntpc : [n] <gNtpConv.cxx::ConvertToGST (961)> : N(p):0, N(n):1, N(pi+):0, N(pi-):0, N(pi0):0, N(K+,K-,K0):0, N(gamma,e-,e+):0, N(etc):0

1652913589 INFO gntpc : [n] <gNtpConv.cxx::ConvertToGST (1027)> : Counting in f/s system from hadronic vtx: idx = 7 -> proton
1652913589 INFO gntpc : [n] <gNtpConv.cxx::ConvertToGST (1027)> : Counting in f/s system from hadronic vtx: idx = 8 -> proton
1652913589 INFO gntpc : [n] <gNtpConv.cxx::ConvertToGST (1027)> : Counting in f/s system from hadronic vtx: idx = 9 -> proton
1652913589 INFO gntpc : [n] <gNtpConv.cxx::ConvertToGST (1027)> : Counting in f/s system from hadronic vtx: idx = 10 -> proton
1652913589 INFO gntpc : [n] <gNtpConv.cxx::ConvertToGST (1027)> : Counting in f/s system from hadronic vtx: idx = 11 -> neutron
1652913589 INFO gntpc : [n] <gNtpConv.cxx::ConvertToGST (1027)> : Counting in f/s system from hadronic vtx: idx = 12 -> neutron
1652913589 INFO gntpc : [n] <gNtpConv.cxx::ConvertToGST (1027)> : Counting in f/s system from hadronic vtx: idx = 13 -> neutron
1652913589 INFO gntpc : [n] <gNtpConv.cxx::ConvertToGST (1032)> : N(p):4, N(n):3, N(pi+):0, N(pi-):0, N(pi0):0, N(K+,K-,K0):0, N(gamma,e-,e+):0, N(etc):0

1652913589 INFO gntpc : [n] <gNtpConv.cxx::ConvertToGST (545)> : 

*** Event #: 8
1652913589 INFO gntpc : [n] <gNtpConv.cxx::ConvertToGST (546)> : 

|------------------------------------------------------------------------------------------------------------------|
|GENIE GHEP Event Record [print level:   3]                                                                        |
|------------------------------------------------------------------------------------------------------------------|
| Idx |          Name | Ist |        PDG |   Mother  | Daughter  |      Px |      Py |      Pz |       E |      m  | 
|------------------------------------------------------------------------------------------------------------------|
|   0 |         nu_mu |   0 |         14 |  -1 |  -1 |   4 |   4 |  -0.002 |   0.006 |   0.778 |   0.778 |   0.000 | 
|   1 |          Ar40 |   0 | 1000180400 |  -1 |  -1 |   2 |   3 |   0.000 |   0.000 |   0.000 |  37.216 |  37.216 | 
|   2 |        proton |  11 |       2212 |   1 |  -1 |   5 |   5 |  -0.157 |   0.060 |  -0.107 |   0.925 | **0.938 | M = 0.903 
|   3 |          Cl39 |   2 | 1000170390 |   1 |  -1 |   7 |   7 |   0.157 |  -0.060 |   0.107 |  36.290 |  36.290 | 
|   4 |         nu_mu |   1 |         14 |   0 |  -1 |  -1 |  -1 |   0.362 |   0.214 |  -0.015 |   0.421 |   0.000 | P = (-0.860,-0.509,0.036)
|   5 |        proton |  14 |       2212 |   2 |  -1 |   6 |   6 |  -0.521 |  -0.148 |   0.686 |   1.282 |   0.938 | FSI = 1
|   6 |        proton |   1 |       2212 |   5 |  -1 |  -1 |  -1 |  -0.495 |  -0.141 |   0.651 |   1.253 |   0.938 | 
|   7 |      HadrBlob |  15 | 2000000002 |   3 |  -1 |  -1 |  -1 |   0.157 |  -0.060 |   0.107 |  36.290 | **0.000 | M = 36.290 
|   8 |      NucBindE |   1 | 2000000101 |  -1 |  -1 |  -1 |  -1 |  -0.026 |  -0.007 |   0.034 |   0.029 | **0.000 | M = -0.032 
|------------------------------------------------------------------------------------------------------------------|
|       Fin-Init:                                                |  -0.000 |   0.000 |  -0.000 |   0.000 |         | 
|------------------------------------------------------------------------------------------------------------------|
|       Vertex:          nu_mu @ (x =    -0.13208 m, y =    -0.22657 m, z =     1.60808 m, t =    6.676606e-06 s)  |
|------------------------------------------------------------------------------------------------------------------|
| Err flag [bits:15->0] : 0000000000000000    |  1st set:                                                     none | 
| Err mask [bits:15->0] : 1111111111111111    |  Is unphysical:    NO |   Accepted:   YES                          |
|------------------------------------------------------------------------------------------------------------------|
| sig(Ev) =       2.59994e-38 cm^2  | dsig(Q2;E)/dQ2 =          8.66128e-40 cm^2/GeV^2 | Weight =          1.00000 |
|------------------------------------------------------------------------------------------------------------------|

--------------------------------------------------------------------------------------------------------------
GENIE Interaction Summary
--------------------------------------------------------------------------------------------------------------
[-] [Init-State] 
 |--> probe        : PDG-code = 14 (nu_mu)
 |--> nucl. target : Z = 18, A = 40, PDG-Code = 1000180400 (Ar40)
 |--> hit nucleon  : PDC-Code = 2212 (proton)
 |--> hit quark    : no set
 |--> probe 4P     : (E =     0.778130, Px =    -0.001811, Py =     0.005573, Pz =     0.778108)
 |--> target 4P    : (E =    37.215526, Px =     0.000000, Py =     0.000000, Pz =     0.000000)
 |--> nucleon 4P   : (E =     0.925194, Px =    -0.157096, Py =     0.060324, Pz =    -0.107435)
[-] [Process-Info]  
 |--> Interaction : Weak[NC]
 |--> Scattering  : QES
[-] [Kinematics]
 |--> *Selected* Bjorken x = 0.913447
 |--> *Selected* Inelasticity y = 0.462136
 |--> *Selected* Momentum transfer Q2 (>0) = 0.677865
 |--> *Selected* Hadronic invariant mass W = 0.938272
[-] [Exclusive Process Info] 
 |--> charm prod.  : false |--> strange prod.  : false
 |--> f/s nucleons : N(p) = 0 N(n) = 0
 |--> f/s pions    : N(pi^0) = 0 N(pi^+) = 0 N(pi^-) = 0
 |--> resonance    : [not set]
--------------------------------------------------------------------------------------------------------------


1652913589 INFO gntpc : [n] <gNtpConv.cxx::ConvertToGST (956)> : Counting in primary hadronic system: idx = 5 -> proton
1652913589 INFO gntpc : [n] <gNtpConv.cxx::ConvertToGST (961)> : N(p):1, N(n):0, N(pi+):0, N(pi-):0, N(pi0):0, N(K+,K-,K0):0, N(gamma,e-,e+):0, N(etc):0

1652913589 INFO gntpc : [n] <gNtpConv.cxx::ConvertToGST (1027)> : Counting in f/s system from hadronic vtx: idx = 6 -> proton
1652913589 INFO gntpc : [n] <gNtpConv.cxx::ConvertToGST (1032)> : N(p):1, N(n):0, N(pi+):0, N(pi-):0, N(pi0):0, N(K+,K-,K0):0, N(gamma,e-,e+):0, N(etc):0

1652913589 INFO gntpc : [n] <gNtpConv.cxx::ConvertToGST (545)> : 

*** Event #: 9
1652913589 INFO gntpc : [n] <gNtpConv.cxx::ConvertToGST (546)> : 

|------------------------------------------------------------------------------------------------------------------|
|GENIE GHEP Event Record [print level:   3]                                                                        |
|------------------------------------------------------------------------------------------------------------------|
| Idx |          Name | Ist |        PDG |   Mother  | Daughter  |      Px |      Py |      Pz |       E |      m  | 
|------------------------------------------------------------------------------------------------------------------|
|   0 |         nu_mu |   0 |         14 |  -1 |  -1 |   4 |   4 |  -0.005 |  -0.010 |   1.422 |   1.422 |   0.000 | 
|   1 |          Ar40 |   0 | 1000180400 |  -1 |  -1 |   2 |   3 |   0.000 |   0.000 |   0.000 |  37.216 |  37.216 | 
|   2 |       neutron |  11 |       2112 |   1 |  -1 |   5 |   5 |   0.195 |  -0.127 |  -0.009 |   0.929 | **0.940 | M = 0.899 
|   3 |          Ar39 |   2 | 1000180390 |   1 |  -1 |  15 |  15 |  -0.195 |   0.127 |   0.009 |  36.287 |  36.286 | 
|   4 |           mu- |   1 |         13 |   0 |  -1 |  -1 |  -1 |  -0.233 |  -0.303 |   0.256 |   0.472 |   0.106 | P = (0.506,0.658,-0.557)
|   5 |      N+(1520) |   3 |       2124 |   2 |  -1 |   6 |   7 |   0.423 |   0.165 |   1.157 |   1.879 | **1.520 | M = 1.409 
|   6 |       Delta++ |   3 |       2224 |   5 |  -1 |   8 |   9 |   0.387 |   0.043 |   1.024 |   1.648 |   1.231 | 
|   7 |           pi- |  14 |       -211 |   5 |  -1 |  10 |  11 |   0.036 |   0.122 |   0.133 |   0.231 |   0.140 | FSI = 4
|   8 |        proton |  14 |       2212 |   6 |  -1 |  12 |  12 |   0.071 |   0.051 |   0.696 |   1.171 |   0.938 | FSI = 1
|   9 |           pi+ |  14 |        211 |   6 |  -1 |  13 |  14 |   0.316 |  -0.008 |   0.328 |   0.477 |   0.140 | FSI = 2
|  10 |       neutron |   1 |       2112 |   7 |  -1 |  -1 |  -1 |  -0.091 |  -0.056 |  -0.313 |   0.996 |   0.940 | 
|  11 |       neutron |   1 |       2112 |   7 |  -1 |  -1 |  -1 |   0.456 |   0.341 |   0.197 |   1.116 |   0.940 | 
|  12 |        proton |   1 |       2212 |   8 |  -1 |  -1 |  -1 |   0.071 |   0.051 |   0.696 |   1.171 |   0.938 | 
|  13 |           pi0 |   1 |        111 |   9 |  -1 |  -1 |  -1 |   0.442 |  -0.123 |  -0.000 |   0.479 |   0.135 | 
|  14 |        proton |   1 |       2212 |   9 |  -1 |  -1 |  -1 |  -0.053 |  -0.028 |   0.124 |   0.948 |   0.938 | 
|  15 |      HadrBlob |  15 | 2000000002 |   3 |  -1 |  -1 |  -1 |  -0.597 |   0.108 |   0.463 |  33.456 | **0.000 | M = 33.447 
|------------------------------------------------------------------------------------------------------------------|
|       Fin-Init:                                                |   0.000 |  -0.000 |  -0.000 |  -0.000 |         | 
|------------------------------------------------------------------------------------------------------------------|
|       Vertex:          nu_mu @ (x =     0.08915 m, y =     0.06437 m, z =     1.50867 m, t =    6.676289e-06 s)  |
|------------------------------------------------------------------------------------------------------------------|
| Err flag [bits:15->0] : 0000000000000000    |  1st set:                                                     none | 
| Err mask [bits:15->0] : 1111111111111111    |  Is unphysical:    NO |   Accepted:   YES                          |
|------------------------------------------------------------------------------------------------------------------|
| sig(Ev) =       1.30534e-38 cm^2  | d2sig(W,Q2;E)/dWdQ2 =     1.39425e-38 cm^2/GeV^3 | Weight =          1.00000 |
|------------------------------------------------------------------------------------------------------------------|

--------------------------------------------------------------------------------------------------------------
GENIE Interaction Summary
--------------------------------------------------------------------------------------------------------------
[-] [Init-State] 
 |--> probe        : PDG-code = 14 (nu_mu)
 |--> nucl. target : Z = 18, A = 40, PDG-Code = 1000180400 (Ar40)
 |--> hit nucleon  : PDC-Code = 2112 (neutron)
 |--> hit quark    : no set
 |--> probe 4P     : (E =     1.421868, Px =    -0.004821, Py =    -0.010027, Pz =     1.421825)
 |--> target 4P    : (E =    37.215526, Px =     0.000000, Py =     0.000000, Pz =     0.000000)
 |--> nucleon 4P   : (E =     0.928948, Px =     0.195035, Py =    -0.127146, Pz =    -0.008590)
[-] [Process-Info]  
 |--> Interaction : Weak[CC]
 |--> Scattering  : RES
[-] [Kinematics]
 |--> *Selected* Bjorken x = 0.335320
 |--> *Selected* Inelasticity y = 0.664406
 |--> *Selected* Momentum transfer Q2 (>0) = 0.593831
 |--> *Selected* Hadronic invariant mass W = 1.409174
[-] [Exclusive Process Info] 
 |--> charm prod.  : false |--> strange prod.  : false
 |--> f/s nucleons : N(p) = 0 N(n) = 0
 |--> f/s pions    : N(pi^0) = 0 N(pi^+) = 0 N(pi^-) = 0
 |--> resonance    : D13(1520)
--------------------------------------------------------------------------------------------------------------


1652913589 NOTICE GHepUtils : [n] <GHepUtils.cxx::NeutReactionCode (115)> : Current event is RES or DIS with W<2
1652913589 NOTICE GHepUtils : [n] <GHepUtils.cxx::NeutReactionCode (162)> : Num of primary particles: 
 p = 1, n = 0, pi+ = 1, pi- = 1, pi0 = 0, eta = 0, K+ = 0, K- = 0, K0 = 0, Lambda's = 0, gamma's = 0
1652913589 INFO gntpc : [n] <gNtpConv.cxx::ConvertToGST (956)> : Counting in primary hadronic system: idx = 8 -> proton
1652913589 INFO gntpc : [n] <gNtpConv.cxx::ConvertToGST (956)> : Counting in primary hadronic system: idx = 9 -> pi+
1652913589 INFO gntpc : [n] <gNtpConv.cxx::ConvertToGST (961)> : N(p):1, N(n):0, N(pi+):1, N(pi-):0, N(pi0):0, N(K+,K-,K0):0, N(gamma,e-,e+):0, N(etc):0

1652913589 INFO gntpc : [n] <gNtpConv.cxx::ConvertToGST (1027)> : Counting in f/s system from hadronic vtx: idx = 10 -> neutron
1652913589 INFO gntpc : [n] <gNtpConv.cxx::ConvertToGST (1027)> : Counting in f/s system from hadronic vtx: idx = 11 -> neutron
1652913589 INFO gntpc : [n] <gNtpConv.cxx::ConvertToGST (1027)> : Counting in f/s system from hadronic vtx: idx = 12 -> proton
1652913589 INFO gntpc : [n] <gNtpConv.cxx::ConvertToGST (1027)> : Counting in f/s system from hadronic vtx: idx = 13 -> pi0
1652913589 INFO gntpc : [n] <gNtpConv.cxx::ConvertToGST (1027)> : Counting in f/s system from hadronic vtx: idx = 14 -> proton
1652913589 INFO gntpc : [n] <gNtpConv.cxx::ConvertToGST (1032)> : N(p):2, N(n):2, N(pi+):0, N(pi-):0, N(pi0):1, N(K+,K-,K0):0, N(gamma,e-,e+):0, N(etc):0

