The system is: Linux - 3.10.0-1160.53.1.el7.x86_64 - x86_64
Compiling the C compiler identification source file "CMakeCCompilerId.c" succeeded.
Compiler: /grid/fermiapp/products/larsoft/gcc/v6_4_0/Linux64bit+3.10-2.17/bin/gcc 
Build flags: 
Id flags: 

The output was:
0


Compilation of the C compiler identification source "CMakeCCompilerId.c" produced "a.out"

The C compiler identification is GNU, found in "/annie/app/users/rhatcher/tank_flux_new/G4ANNIE-cmakebuild/CMakeFiles/2.8.12.2/CompilerIdC/a.out"

Compiling the CXX compiler identification source file "CMakeCXXCompilerId.cpp" succeeded.
Compiler: /grid/fermiapp/products/larsoft/gcc/v6_4_0/Linux64bit+3.10-2.17/bin/g++ 
Build flags: 
Id flags: 

The output was:
0


Compilation of the CXX compiler identification source "CMakeCXXCompilerId.cpp" produced "a.out"

The CXX compiler identification is GNU, found in "/annie/app/users/rhatcher/tank_flux_new/G4ANNIE-cmakebuild/CMakeFiles/2.8.12.2/CompilerIdCXX/a.out"

Determining if the C compiler works passed with the following output:
Change Dir: /annie/app/users/rhatcher/tank_flux_new/G4ANNIE-cmakebuild/CMakeFiles/CMakeTmp

Run Build Command:/usr/bin/gmake "cmTryCompileExec3279482100/fast"
/usr/bin/gmake -f CMakeFiles/cmTryCompileExec3279482100.dir/build.make CMakeFiles/cmTryCompileExec3279482100.dir/build
gmake[1]: Entering directory `/annie/app/users/rhatcher/tank_flux_new/G4ANNIE-cmakebuild/CMakeFiles/CMakeTmp'
/usr/bin/cmake -E cmake_progress_report /annie/app/users/rhatcher/tank_flux_new/G4ANNIE-cmakebuild/CMakeFiles/CMakeTmp/CMakeFiles 1
Building C object CMakeFiles/cmTryCompileExec3279482100.dir/testCCompiler.c.o
/grid/fermiapp/products/larsoft/gcc/v6_4_0/Linux64bit+3.10-2.17/bin/gcc    -o CMakeFiles/cmTryCompileExec3279482100.dir/testCCompiler.c.o   -c /annie/app/users/rhatcher/tank_flux_new/G4ANNIE-cmakebuild/CMakeFiles/CMakeTmp/testCCompiler.c
Linking C executable cmTryCompileExec3279482100
/usr/bin/cmake -E cmake_link_script CMakeFiles/cmTryCompileExec3279482100.dir/link.txt --verbose=1
/grid/fermiapp/products/larsoft/gcc/v6_4_0/Linux64bit+3.10-2.17/bin/gcc       CMakeFiles/cmTryCompileExec3279482100.dir/testCCompiler.c.o  -o cmTryCompileExec3279482100 -rdynamic 
gmake[1]: Leaving directory `/annie/app/users/rhatcher/tank_flux_new/G4ANNIE-cmakebuild/CMakeFiles/CMakeTmp'


Detecting C compiler ABI info compiled with the following output:
Change Dir: /annie/app/users/rhatcher/tank_flux_new/G4ANNIE-cmakebuild/CMakeFiles/CMakeTmp

Run Build Command:/usr/bin/gmake "cmTryCompileExec2014878649/fast"
/usr/bin/gmake -f CMakeFiles/cmTryCompileExec2014878649.dir/build.make CMakeFiles/cmTryCompileExec2014878649.dir/build
gmake[1]: Entering directory `/annie/app/users/rhatcher/tank_flux_new/G4ANNIE-cmakebuild/CMakeFiles/CMakeTmp'
/usr/bin/cmake -E cmake_progress_report /annie/app/users/rhatcher/tank_flux_new/G4ANNIE-cmakebuild/CMakeFiles/CMakeTmp/CMakeFiles 1
Building C object CMakeFiles/cmTryCompileExec2014878649.dir/CMakeCCompilerABI.c.o
/grid/fermiapp/products/larsoft/gcc/v6_4_0/Linux64bit+3.10-2.17/bin/gcc    -o CMakeFiles/cmTryCompileExec2014878649.dir/CMakeCCompilerABI.c.o   -c /usr/share/cmake/Modules/CMakeCCompilerABI.c
Linking C executable cmTryCompileExec2014878649
/usr/bin/cmake -E cmake_link_script CMakeFiles/cmTryCompileExec2014878649.dir/link.txt --verbose=1
/grid/fermiapp/products/larsoft/gcc/v6_4_0/Linux64bit+3.10-2.17/bin/gcc     -v CMakeFiles/cmTryCompileExec2014878649.dir/CMakeCCompilerABI.c.o  -o cmTryCompileExec2014878649 -rdynamic  
Using built-in specs.
COLLECT_GCC=/grid/fermiapp/products/larsoft/gcc/v6_4_0/Linux64bit+3.10-2.17/bin/gcc
COLLECT_LTO_WRAPPER=/grid/fermiapp/products/larsoft/gcc/v6_4_0/Linux64bit+3.10-2.17/bin/../libexec/gcc/x86_64-pc-linux-gnu/6.4.0/lto-wrapper
Target: x86_64-pc-linux-gnu
Configured with: ./configure --prefix=/scratch/workspace/art-build-base/v6_4_0/SLF7/build/gcc/v6_4_0/Linux64bit+3.10-2.17 --disable-libgcj --enable-threads=posix --enable-__cxa_atexit --enable-languages=c,c++,fortran,lto --with-system-zlib --enable-libstdcxx-time=rt --enable-stage1-checking=yes --enable-checking=release --enable-lto --enable-plugin
Thread model: posix
gcc version 6.4.0 (GCC) 
COMPILER_PATH=/grid/fermiapp/products/larsoft/gcc/v6_4_0/Linux64bit+3.10-2.17/bin/../libexec/gcc/x86_64-pc-linux-gnu/6.4.0/:/grid/fermiapp/products/larsoft/gcc/v6_4_0/Linux64bit+3.10-2.17/bin/../libexec/gcc/:/grid/fermiapp/products/larsoft/gcc/v6_4_0/Linux64bit+3.10-2.17/bin/
LIBRARY_PATH=/grid/fermiapp/products/larsoft/gcc/v6_4_0/Linux64bit+3.10-2.17/bin/../lib/gcc/x86_64-pc-linux-gnu/6.4.0/:/grid/fermiapp/products/larsoft/gcc/v6_4_0/Linux64bit+3.10-2.17/bin/../lib/gcc/:/grid/fermiapp/products/larsoft/gcc/v6_4_0/Linux64bit+3.10-2.17/bin/../lib/gcc/x86_64-pc-linux-gnu/6.4.0/../../../../lib64/:/lib/../lib64/:/usr/lib/../lib64/:/grid/fermiapp/products/larsoft/gcc/v6_4_0/Linux64bit+3.10-2.17/bin/../lib/gcc/x86_64-pc-linux-gnu/6.4.0/../../../:/lib/:/usr/lib/
COLLECT_GCC_OPTIONS='-v' '-o' 'cmTryCompileExec2014878649' '-rdynamic' '-mtune=generic' '-march=x86-64'
 /grid/fermiapp/products/larsoft/gcc/v6_4_0/Linux64bit+3.10-2.17/bin/../libexec/gcc/x86_64-pc-linux-gnu/6.4.0/collect2 -plugin /grid/fermiapp/products/larsoft/gcc/v6_4_0/Linux64bit+3.10-2.17/bin/../libexec/gcc/x86_64-pc-linux-gnu/6.4.0/liblto_plugin.so -plugin-opt=/grid/fermiapp/products/larsoft/gcc/v6_4_0/Linux64bit+3.10-2.17/bin/../libexec/gcc/x86_64-pc-linux-gnu/6.4.0/lto-wrapper -plugin-opt=-fresolution=/tmp/cc1qQZ1A.res -plugin-opt=-pass-through=-lgcc -plugin-opt=-pass-through=-lgcc_s -plugin-opt=-pass-through=-lc -plugin-opt=-pass-through=-lgcc -plugin-opt=-pass-through=-lgcc_s --eh-frame-hdr -m elf_x86_64 -export-dynamic -dynamic-linker /lib64/ld-linux-x86-64.so.2 -o cmTryCompileExec2014878649 /lib/../lib64/crt1.o /lib/../lib64/crti.o /grid/fermiapp/products/larsoft/gcc/v6_4_0/Linux64bit+3.10-2.17/bin/../lib/gcc/x86_64-pc-linux-gnu/6.4.0/crtbegin.o -L/grid/fermiapp/products/larsoft/gcc/v6_4_0/Linux64bit+3.10-2.17/bin/../lib/gcc/x86_64-pc-linux-gnu/6.4.0 -L/grid/fermiapp/products/larsoft/gcc/v6_4_0/Linux64bit+3.10-2.17/bin/../lib/gcc -L/grid/fermiapp/products/larsoft/gcc/v6_4_0/Linux64bit+3.10-2.17/bin/../lib/gcc/x86_64-pc-linux-gnu/6.4.0/../../../../lib64 -L/lib/../lib64 -L/usr/lib/../lib64 -L/grid/fermiapp/products/larsoft/gcc/v6_4_0/Linux64bit+3.10-2.17/bin/../lib/gcc/x86_64-pc-linux-gnu/6.4.0/../../.. CMakeFiles/cmTryCompileExec2014878649.dir/CMakeCCompilerABI.c.o -lgcc --as-needed -lgcc_s --no-as-needed -lc -lgcc --as-needed -lgcc_s --no-as-needed /grid/fermiapp/products/larsoft/gcc/v6_4_0/Linux64bit+3.10-2.17/bin/../lib/gcc/x86_64-pc-linux-gnu/6.4.0/crtend.o /lib/../lib64/crtn.o
COLLECT_GCC_OPTIONS='-v' '-o' 'cmTryCompileExec2014878649' '-rdynamic' '-mtune=generic' '-march=x86-64'
gmake[1]: Leaving directory `/annie/app/users/rhatcher/tank_flux_new/G4ANNIE-cmakebuild/CMakeFiles/CMakeTmp'


Parsed C implicit link information from above output:
  link line regex: [^( *|.*[/\])(ld|([^/\]+-)?ld|collect2)[^/\]*( |$)]
  ignore line: [Change Dir: /annie/app/users/rhatcher/tank_flux_new/G4ANNIE-cmakebuild/CMakeFiles/CMakeTmp]
  ignore line: []
  ignore line: [Run Build Command:/usr/bin/gmake "cmTryCompileExec2014878649/fast"]
  ignore line: [/usr/bin/gmake -f CMakeFiles/cmTryCompileExec2014878649.dir/build.make CMakeFiles/cmTryCompileExec2014878649.dir/build]
  ignore line: [gmake[1]: Entering directory `/annie/app/users/rhatcher/tank_flux_new/G4ANNIE-cmakebuild/CMakeFiles/CMakeTmp']
  ignore line: [/usr/bin/cmake -E cmake_progress_report /annie/app/users/rhatcher/tank_flux_new/G4ANNIE-cmakebuild/CMakeFiles/CMakeTmp/CMakeFiles 1]
  ignore line: [Building C object CMakeFiles/cmTryCompileExec2014878649.dir/CMakeCCompilerABI.c.o]
  ignore line: [/grid/fermiapp/products/larsoft/gcc/v6_4_0/Linux64bit+3.10-2.17/bin/gcc    -o CMakeFiles/cmTryCompileExec2014878649.dir/CMakeCCompilerABI.c.o   -c /usr/share/cmake/Modules/CMakeCCompilerABI.c]
  ignore line: [Linking C executable cmTryCompileExec2014878649]
  ignore line: [/usr/bin/cmake -E cmake_link_script CMakeFiles/cmTryCompileExec2014878649.dir/link.txt --verbose=1]
  ignore line: [/grid/fermiapp/products/larsoft/gcc/v6_4_0/Linux64bit+3.10-2.17/bin/gcc     -v CMakeFiles/cmTryCompileExec2014878649.dir/CMakeCCompilerABI.c.o  -o cmTryCompileExec2014878649 -rdynamic  ]
  ignore line: [Using built-in specs.]
  ignore line: [COLLECT_GCC=/grid/fermiapp/products/larsoft/gcc/v6_4_0/Linux64bit+3.10-2.17/bin/gcc]
  ignore line: [COLLECT_LTO_WRAPPER=/grid/fermiapp/products/larsoft/gcc/v6_4_0/Linux64bit+3.10-2.17/bin/../libexec/gcc/x86_64-pc-linux-gnu/6.4.0/lto-wrapper]
  ignore line: [Target: x86_64-pc-linux-gnu]
  ignore line: [Configured with: ./configure --prefix=/scratch/workspace/art-build-base/v6_4_0/SLF7/build/gcc/v6_4_0/Linux64bit+3.10-2.17 --disable-libgcj --enable-threads=posix --enable-__cxa_atexit --enable-languages=c,c++,fortran,lto --with-system-zlib --enable-libstdcxx-time=rt --enable-stage1-checking=yes --enable-checking=release --enable-lto --enable-plugin]
  ignore line: [Thread model: posix]
  ignore line: [gcc version 6.4.0 (GCC) ]
  ignore line: [COMPILER_PATH=/grid/fermiapp/products/larsoft/gcc/v6_4_0/Linux64bit+3.10-2.17/bin/../libexec/gcc/x86_64-pc-linux-gnu/6.4.0/:/grid/fermiapp/products/larsoft/gcc/v6_4_0/Linux64bit+3.10-2.17/bin/../libexec/gcc/:/grid/fermiapp/products/larsoft/gcc/v6_4_0/Linux64bit+3.10-2.17/bin/]
  ignore line: [LIBRARY_PATH=/grid/fermiapp/products/larsoft/gcc/v6_4_0/Linux64bit+3.10-2.17/bin/../lib/gcc/x86_64-pc-linux-gnu/6.4.0/:/grid/fermiapp/products/larsoft/gcc/v6_4_0/Linux64bit+3.10-2.17/bin/../lib/gcc/:/grid/fermiapp/products/larsoft/gcc/v6_4_0/Linux64bit+3.10-2.17/bin/../lib/gcc/x86_64-pc-linux-gnu/6.4.0/../../../../lib64/:/lib/../lib64/:/usr/lib/../lib64/:/grid/fermiapp/products/larsoft/gcc/v6_4_0/Linux64bit+3.10-2.17/bin/../lib/gcc/x86_64-pc-linux-gnu/6.4.0/../../../:/lib/:/usr/lib/]
  ignore line: [COLLECT_GCC_OPTIONS='-v' '-o' 'cmTryCompileExec2014878649' '-rdynamic' '-mtune=generic' '-march=x86-64']
  link line: [ /grid/fermiapp/products/larsoft/gcc/v6_4_0/Linux64bit+3.10-2.17/bin/../libexec/gcc/x86_64-pc-linux-gnu/6.4.0/collect2 -plugin /grid/fermiapp/products/larsoft/gcc/v6_4_0/Linux64bit+3.10-2.17/bin/../libexec/gcc/x86_64-pc-linux-gnu/6.4.0/liblto_plugin.so -plugin-opt=/grid/fermiapp/products/larsoft/gcc/v6_4_0/Linux64bit+3.10-2.17/bin/../libexec/gcc/x86_64-pc-linux-gnu/6.4.0/lto-wrapper -plugin-opt=-fresolution=/tmp/cc1qQZ1A.res -plugin-opt=-pass-through=-lgcc -plugin-opt=-pass-through=-lgcc_s -plugin-opt=-pass-through=-lc -plugin-opt=-pass-through=-lgcc -plugin-opt=-pass-through=-lgcc_s --eh-frame-hdr -m elf_x86_64 -export-dynamic -dynamic-linker /lib64/ld-linux-x86-64.so.2 -o cmTryCompileExec2014878649 /lib/../lib64/crt1.o /lib/../lib64/crti.o /grid/fermiapp/products/larsoft/gcc/v6_4_0/Linux64bit+3.10-2.17/bin/../lib/gcc/x86_64-pc-linux-gnu/6.4.0/crtbegin.o -L/grid/fermiapp/products/larsoft/gcc/v6_4_0/Linux64bit+3.10-2.17/bin/../lib/gcc/x86_64-pc-linux-gnu/6.4.0 -L/grid/fermiapp/products/larsoft/gcc/v6_4_0/Linux64bit+3.10-2.17/bin/../lib/gcc -L/grid/fermiapp/products/larsoft/gcc/v6_4_0/Linux64bit+3.10-2.17/bin/../lib/gcc/x86_64-pc-linux-gnu/6.4.0/../../../../lib64 -L/lib/../lib64 -L/usr/lib/../lib64 -L/grid/fermiapp/products/larsoft/gcc/v6_4_0/Linux64bit+3.10-2.17/bin/../lib/gcc/x86_64-pc-linux-gnu/6.4.0/../../.. CMakeFiles/cmTryCompileExec2014878649.dir/CMakeCCompilerABI.c.o -lgcc --as-needed -lgcc_s --no-as-needed -lc -lgcc --as-needed -lgcc_s --no-as-needed /grid/fermiapp/products/larsoft/gcc/v6_4_0/Linux64bit+3.10-2.17/bin/../lib/gcc/x86_64-pc-linux-gnu/6.4.0/crtend.o /lib/../lib64/crtn.o]
    arg [/grid/fermiapp/products/larsoft/gcc/v6_4_0/Linux64bit+3.10-2.17/bin/../libexec/gcc/x86_64-pc-linux-gnu/6.4.0/collect2] ==> ignore
    arg [-plugin] ==> ignore
    arg [/grid/fermiapp/products/larsoft/gcc/v6_4_0/Linux64bit+3.10-2.17/bin/../libexec/gcc/x86_64-pc-linux-gnu/6.4.0/liblto_plugin.so] ==> ignore
    arg [-plugin-opt=/grid/fermiapp/products/larsoft/gcc/v6_4_0/Linux64bit+3.10-2.17/bin/../libexec/gcc/x86_64-pc-linux-gnu/6.4.0/lto-wrapper] ==> ignore
    arg [-plugin-opt=-fresolution=/tmp/cc1qQZ1A.res] ==> ignore
    arg [-plugin-opt=-pass-through=-lgcc] ==> ignore
    arg [-plugin-opt=-pass-through=-lgcc_s] ==> ignore
    arg [-plugin-opt=-pass-through=-lc] ==> ignore
    arg [-plugin-opt=-pass-through=-lgcc] ==> ignore
    arg [-plugin-opt=-pass-through=-lgcc_s] ==> ignore
    arg [--eh-frame-hdr] ==> ignore
    arg [-m] ==> ignore
    arg [elf_x86_64] ==> ignore
    arg [-export-dynamic] ==> ignore
    arg [-dynamic-linker] ==> ignore
    arg [/lib64/ld-linux-x86-64.so.2] ==> ignore
    arg [-o] ==> ignore
    arg [cmTryCompileExec2014878649] ==> ignore
    arg [/lib/../lib64/crt1.o] ==> ignore
    arg [/lib/../lib64/crti.o] ==> ignore
    arg [/grid/fermiapp/products/larsoft/gcc/v6_4_0/Linux64bit+3.10-2.17/bin/../lib/gcc/x86_64-pc-linux-gnu/6.4.0/crtbegin.o] ==> ignore
    arg [-L/grid/fermiapp/products/larsoft/gcc/v6_4_0/Linux64bit+3.10-2.17/bin/../lib/gcc/x86_64-pc-linux-gnu/6.4.0] ==> dir [/grid/fermiapp/products/larsoft/gcc/v6_4_0/Linux64bit+3.10-2.17/bin/../lib/gcc/x86_64-pc-linux-gnu/6.4.0]
    arg [-L/grid/fermiapp/products/larsoft/gcc/v6_4_0/Linux64bit+3.10-2.17/bin/../lib/gcc] ==> dir [/grid/fermiapp/products/larsoft/gcc/v6_4_0/Linux64bit+3.10-2.17/bin/../lib/gcc]
    arg [-L/grid/fermiapp/products/larsoft/gcc/v6_4_0/Linux64bit+3.10-2.17/bin/../lib/gcc/x86_64-pc-linux-gnu/6.4.0/../../../../lib64] ==> dir [/grid/fermiapp/products/larsoft/gcc/v6_4_0/Linux64bit+3.10-2.17/bin/../lib/gcc/x86_64-pc-linux-gnu/6.4.0/../../../../lib64]
    arg [-L/lib/../lib64] ==> dir [/lib/../lib64]
    arg [-L/usr/lib/../lib64] ==> dir [/usr/lib/../lib64]
    arg [-L/grid/fermiapp/products/larsoft/gcc/v6_4_0/Linux64bit+3.10-2.17/bin/../lib/gcc/x86_64-pc-linux-gnu/6.4.0/../../..] ==> dir [/grid/fermiapp/products/larsoft/gcc/v6_4_0/Linux64bit+3.10-2.17/bin/../lib/gcc/x86_64-pc-linux-gnu/6.4.0/../../..]
    arg [CMakeFiles/cmTryCompileExec2014878649.dir/CMakeCCompilerABI.c.o] ==> ignore
    arg [-lgcc] ==> lib [gcc]
    arg [--as-needed] ==> ignore
    arg [-lgcc_s] ==> lib [gcc_s]
    arg [--no-as-needed] ==> ignore
    arg [-lc] ==> lib [c]
    arg [-lgcc] ==> lib [gcc]
    arg [--as-needed] ==> ignore
    arg [-lgcc_s] ==> lib [gcc_s]
    arg [--no-as-needed] ==> ignore
    arg [/grid/fermiapp/products/larsoft/gcc/v6_4_0/Linux64bit+3.10-2.17/bin/../lib/gcc/x86_64-pc-linux-gnu/6.4.0/crtend.o] ==> ignore
    arg [/lib/../lib64/crtn.o] ==> ignore
  remove lib [gcc]
  remove lib [gcc_s]
  remove lib [gcc]
  remove lib [gcc_s]
  collapse library dir [/grid/fermiapp/products/larsoft/gcc/v6_4_0/Linux64bit+3.10-2.17/bin/../lib/gcc/x86_64-pc-linux-gnu/6.4.0] ==> [/grid/fermiapp/products/larsoft/gcc/v6_4_0/Linux64bit+3.10-2.17/lib/gcc/x86_64-pc-linux-gnu/6.4.0]
  collapse library dir [/grid/fermiapp/products/larsoft/gcc/v6_4_0/Linux64bit+3.10-2.17/bin/../lib/gcc] ==> [/grid/fermiapp/products/larsoft/gcc/v6_4_0/Linux64bit+3.10-2.17/lib/gcc]
  collapse library dir [/grid/fermiapp/products/larsoft/gcc/v6_4_0/Linux64bit+3.10-2.17/bin/../lib/gcc/x86_64-pc-linux-gnu/6.4.0/../../../../lib64] ==> [/grid/fermiapp/products/larsoft/gcc/v6_4_0/Linux64bit+3.10-2.17/lib64]
  collapse library dir [/lib/../lib64] ==> [/lib64]
  collapse library dir [/usr/lib/../lib64] ==> [/usr/lib64]
  collapse library dir [/grid/fermiapp/products/larsoft/gcc/v6_4_0/Linux64bit+3.10-2.17/bin/../lib/gcc/x86_64-pc-linux-gnu/6.4.0/../../..] ==> [/grid/fermiapp/products/larsoft/gcc/v6_4_0/Linux64bit+3.10-2.17/lib]
  implicit libs: [c]
  implicit dirs: [/grid/fermiapp/products/larsoft/gcc/v6_4_0/Linux64bit+3.10-2.17/lib/gcc/x86_64-pc-linux-gnu/6.4.0;/grid/fermiapp/products/larsoft/gcc/v6_4_0/Linux64bit+3.10-2.17/lib/gcc;/grid/fermiapp/products/larsoft/gcc/v6_4_0/Linux64bit+3.10-2.17/lib64;/lib64;/usr/lib64;/grid/fermiapp/products/larsoft/gcc/v6_4_0/Linux64bit+3.10-2.17/lib]
  implicit fwks: []


Determining if the CXX compiler works passed with the following output:
Change Dir: /annie/app/users/rhatcher/tank_flux_new/G4ANNIE-cmakebuild/CMakeFiles/CMakeTmp

Run Build Command:/usr/bin/gmake "cmTryCompileExec1939098332/fast"
/usr/bin/gmake -f CMakeFiles/cmTryCompileExec1939098332.dir/build.make CMakeFiles/cmTryCompileExec1939098332.dir/build
gmake[1]: Entering directory `/annie/app/users/rhatcher/tank_flux_new/G4ANNIE-cmakebuild/CMakeFiles/CMakeTmp'
/usr/bin/cmake -E cmake_progress_report /annie/app/users/rhatcher/tank_flux_new/G4ANNIE-cmakebuild/CMakeFiles/CMakeTmp/CMakeFiles 1
Building CXX object CMakeFiles/cmTryCompileExec1939098332.dir/testCXXCompiler.cxx.o
/grid/fermiapp/products/larsoft/gcc/v6_4_0/Linux64bit+3.10-2.17/bin/g++     -o CMakeFiles/cmTryCompileExec1939098332.dir/testCXXCompiler.cxx.o -c /annie/app/users/rhatcher/tank_flux_new/G4ANNIE-cmakebuild/CMakeFiles/CMakeTmp/testCXXCompiler.cxx
Linking CXX executable cmTryCompileExec1939098332
/usr/bin/cmake -E cmake_link_script CMakeFiles/cmTryCompileExec1939098332.dir/link.txt --verbose=1
/grid/fermiapp/products/larsoft/gcc/v6_4_0/Linux64bit+3.10-2.17/bin/g++        CMakeFiles/cmTryCompileExec1939098332.dir/testCXXCompiler.cxx.o  -o cmTryCompileExec1939098332 -rdynamic 
gmake[1]: Leaving directory `/annie/app/users/rhatcher/tank_flux_new/G4ANNIE-cmakebuild/CMakeFiles/CMakeTmp'


Detecting CXX compiler ABI info compiled with the following output:
Change Dir: /annie/app/users/rhatcher/tank_flux_new/G4ANNIE-cmakebuild/CMakeFiles/CMakeTmp

Run Build Command:/usr/bin/gmake "cmTryCompileExec1712607198/fast"
/usr/bin/gmake -f CMakeFiles/cmTryCompileExec1712607198.dir/build.make CMakeFiles/cmTryCompileExec1712607198.dir/build
gmake[1]: Entering directory `/annie/app/users/rhatcher/tank_flux_new/G4ANNIE-cmakebuild/CMakeFiles/CMakeTmp'
/usr/bin/cmake -E cmake_progress_report /annie/app/users/rhatcher/tank_flux_new/G4ANNIE-cmakebuild/CMakeFiles/CMakeTmp/CMakeFiles 1
Building CXX object CMakeFiles/cmTryCompileExec1712607198.dir/CMakeCXXCompilerABI.cpp.o
/grid/fermiapp/products/larsoft/gcc/v6_4_0/Linux64bit+3.10-2.17/bin/g++     -o CMakeFiles/cmTryCompileExec1712607198.dir/CMakeCXXCompilerABI.cpp.o -c /usr/share/cmake/Modules/CMakeCXXCompilerABI.cpp
Linking CXX executable cmTryCompileExec1712607198
/usr/bin/cmake -E cmake_link_script CMakeFiles/cmTryCompileExec1712607198.dir/link.txt --verbose=1
/grid/fermiapp/products/larsoft/gcc/v6_4_0/Linux64bit+3.10-2.17/bin/g++      -v CMakeFiles/cmTryCompileExec1712607198.dir/CMakeCXXCompilerABI.cpp.o  -o cmTryCompileExec1712607198 -rdynamic  
Using built-in specs.
COLLECT_GCC=/grid/fermiapp/products/larsoft/gcc/v6_4_0/Linux64bit+3.10-2.17/bin/g++
COLLECT_LTO_WRAPPER=/grid/fermiapp/products/larsoft/gcc/v6_4_0/Linux64bit+3.10-2.17/bin/../libexec/gcc/x86_64-pc-linux-gnu/6.4.0/lto-wrapper
Target: x86_64-pc-linux-gnu
Configured with: ./configure --prefix=/scratch/workspace/art-build-base/v6_4_0/SLF7/build/gcc/v6_4_0/Linux64bit+3.10-2.17 --disable-libgcj --enable-threads=posix --enable-__cxa_atexit --enable-languages=c,c++,fortran,lto --with-system-zlib --enable-libstdcxx-time=rt --enable-stage1-checking=yes --enable-checking=release --enable-lto --enable-plugin
Thread model: posix
gcc version 6.4.0 (GCC) 
COMPILER_PATH=/grid/fermiapp/products/larsoft/gcc/v6_4_0/Linux64bit+3.10-2.17/bin/../libexec/gcc/x86_64-pc-linux-gnu/6.4.0/:/grid/fermiapp/products/larsoft/gcc/v6_4_0/Linux64bit+3.10-2.17/bin/../libexec/gcc/:/grid/fermiapp/products/larsoft/gcc/v6_4_0/Linux64bit+3.10-2.17/bin/
LIBRARY_PATH=/grid/fermiapp/products/larsoft/gcc/v6_4_0/Linux64bit+3.10-2.17/bin/../lib/gcc/x86_64-pc-linux-gnu/6.4.0/:/grid/fermiapp/products/larsoft/gcc/v6_4_0/Linux64bit+3.10-2.17/bin/../lib/gcc/:/grid/fermiapp/products/larsoft/gcc/v6_4_0/Linux64bit+3.10-2.17/bin/../lib/gcc/x86_64-pc-linux-gnu/6.4.0/../../../../lib64/:/lib/../lib64/:/usr/lib/../lib64/:/grid/fermiapp/products/larsoft/gcc/v6_4_0/Linux64bit+3.10-2.17/bin/../lib/gcc/x86_64-pc-linux-gnu/6.4.0/../../../:/lib/:/usr/lib/
COLLECT_GCC_OPTIONS='-v' '-o' 'cmTryCompileExec1712607198' '-rdynamic' '-shared-libgcc' '-mtune=generic' '-march=x86-64'
 /grid/fermiapp/products/larsoft/gcc/v6_4_0/Linux64bit+3.10-2.17/bin/../libexec/gcc/x86_64-pc-linux-gnu/6.4.0/collect2 -plugin /grid/fermiapp/products/larsoft/gcc/v6_4_0/Linux64bit+3.10-2.17/bin/../libexec/gcc/x86_64-pc-linux-gnu/6.4.0/liblto_plugin.so -plugin-opt=/grid/fermiapp/products/larsoft/gcc/v6_4_0/Linux64bit+3.10-2.17/bin/../libexec/gcc/x86_64-pc-linux-gnu/6.4.0/lto-wrapper -plugin-opt=-fresolution=/tmp/cc1l6T3V.res -plugin-opt=-pass-through=-lgcc_s -plugin-opt=-pass-through=-lgcc -plugin-opt=-pass-through=-lc -plugin-opt=-pass-through=-lgcc_s -plugin-opt=-pass-through=-lgcc --eh-frame-hdr -m elf_x86_64 -export-dynamic -dynamic-linker /lib64/ld-linux-x86-64.so.2 -o cmTryCompileExec1712607198 /lib/../lib64/crt1.o /lib/../lib64/crti.o /grid/fermiapp/products/larsoft/gcc/v6_4_0/Linux64bit+3.10-2.17/bin/../lib/gcc/x86_64-pc-linux-gnu/6.4.0/crtbegin.o -L/grid/fermiapp/products/larsoft/gcc/v6_4_0/Linux64bit+3.10-2.17/bin/../lib/gcc/x86_64-pc-linux-gnu/6.4.0 -L/grid/fermiapp/products/larsoft/gcc/v6_4_0/Linux64bit+3.10-2.17/bin/../lib/gcc -L/grid/fermiapp/products/larsoft/gcc/v6_4_0/Linux64bit+3.10-2.17/bin/../lib/gcc/x86_64-pc-linux-gnu/6.4.0/../../../../lib64 -L/lib/../lib64 -L/usr/lib/../lib64 -L/grid/fermiapp/products/larsoft/gcc/v6_4_0/Linux64bit+3.10-2.17/bin/../lib/gcc/x86_64-pc-linux-gnu/6.4.0/../../.. CMakeFiles/cmTryCompileExec1712607198.dir/CMakeCXXCompilerABI.cpp.o -lstdc++ -lm -lgcc_s -lgcc -lc -lgcc_s -lgcc /grid/fermiapp/products/larsoft/gcc/v6_4_0/Linux64bit+3.10-2.17/bin/../lib/gcc/x86_64-pc-linux-gnu/6.4.0/crtend.o /lib/../lib64/crtn.o
COLLECT_GCC_OPTIONS='-v' '-o' 'cmTryCompileExec1712607198' '-rdynamic' '-shared-libgcc' '-mtune=generic' '-march=x86-64'
gmake[1]: Leaving directory `/annie/app/users/rhatcher/tank_flux_new/G4ANNIE-cmakebuild/CMakeFiles/CMakeTmp'


Parsed CXX implicit link information from above output:
  link line regex: [^( *|.*[/\])(ld|([^/\]+-)?ld|collect2)[^/\]*( |$)]
  ignore line: [Change Dir: /annie/app/users/rhatcher/tank_flux_new/G4ANNIE-cmakebuild/CMakeFiles/CMakeTmp]
  ignore line: []
  ignore line: [Run Build Command:/usr/bin/gmake "cmTryCompileExec1712607198/fast"]
  ignore line: [/usr/bin/gmake -f CMakeFiles/cmTryCompileExec1712607198.dir/build.make CMakeFiles/cmTryCompileExec1712607198.dir/build]
  ignore line: [gmake[1]: Entering directory `/annie/app/users/rhatcher/tank_flux_new/G4ANNIE-cmakebuild/CMakeFiles/CMakeTmp']
  ignore line: [/usr/bin/cmake -E cmake_progress_report /annie/app/users/rhatcher/tank_flux_new/G4ANNIE-cmakebuild/CMakeFiles/CMakeTmp/CMakeFiles 1]
  ignore line: [Building CXX object CMakeFiles/cmTryCompileExec1712607198.dir/CMakeCXXCompilerABI.cpp.o]
  ignore line: [/grid/fermiapp/products/larsoft/gcc/v6_4_0/Linux64bit+3.10-2.17/bin/g++     -o CMakeFiles/cmTryCompileExec1712607198.dir/CMakeCXXCompilerABI.cpp.o -c /usr/share/cmake/Modules/CMakeCXXCompilerABI.cpp]
  ignore line: [Linking CXX executable cmTryCompileExec1712607198]
  ignore line: [/usr/bin/cmake -E cmake_link_script CMakeFiles/cmTryCompileExec1712607198.dir/link.txt --verbose=1]
  ignore line: [/grid/fermiapp/products/larsoft/gcc/v6_4_0/Linux64bit+3.10-2.17/bin/g++      -v CMakeFiles/cmTryCompileExec1712607198.dir/CMakeCXXCompilerABI.cpp.o  -o cmTryCompileExec1712607198 -rdynamic  ]
  ignore line: [Using built-in specs.]
  ignore line: [COLLECT_GCC=/grid/fermiapp/products/larsoft/gcc/v6_4_0/Linux64bit+3.10-2.17/bin/g++]
  ignore line: [COLLECT_LTO_WRAPPER=/grid/fermiapp/products/larsoft/gcc/v6_4_0/Linux64bit+3.10-2.17/bin/../libexec/gcc/x86_64-pc-linux-gnu/6.4.0/lto-wrapper]
  ignore line: [Target: x86_64-pc-linux-gnu]
  ignore line: [Configured with: ./configure --prefix=/scratch/workspace/art-build-base/v6_4_0/SLF7/build/gcc/v6_4_0/Linux64bit+3.10-2.17 --disable-libgcj --enable-threads=posix --enable-__cxa_atexit --enable-languages=c,c++,fortran,lto --with-system-zlib --enable-libstdcxx-time=rt --enable-stage1-checking=yes --enable-checking=release --enable-lto --enable-plugin]
  ignore line: [Thread model: posix]
  ignore line: [gcc version 6.4.0 (GCC) ]
  ignore line: [COMPILER_PATH=/grid/fermiapp/products/larsoft/gcc/v6_4_0/Linux64bit+3.10-2.17/bin/../libexec/gcc/x86_64-pc-linux-gnu/6.4.0/:/grid/fermiapp/products/larsoft/gcc/v6_4_0/Linux64bit+3.10-2.17/bin/../libexec/gcc/:/grid/fermiapp/products/larsoft/gcc/v6_4_0/Linux64bit+3.10-2.17/bin/]
  ignore line: [LIBRARY_PATH=/grid/fermiapp/products/larsoft/gcc/v6_4_0/Linux64bit+3.10-2.17/bin/../lib/gcc/x86_64-pc-linux-gnu/6.4.0/:/grid/fermiapp/products/larsoft/gcc/v6_4_0/Linux64bit+3.10-2.17/bin/../lib/gcc/:/grid/fermiapp/products/larsoft/gcc/v6_4_0/Linux64bit+3.10-2.17/bin/../lib/gcc/x86_64-pc-linux-gnu/6.4.0/../../../../lib64/:/lib/../lib64/:/usr/lib/../lib64/:/grid/fermiapp/products/larsoft/gcc/v6_4_0/Linux64bit+3.10-2.17/bin/../lib/gcc/x86_64-pc-linux-gnu/6.4.0/../../../:/lib/:/usr/lib/]
  ignore line: [COLLECT_GCC_OPTIONS='-v' '-o' 'cmTryCompileExec1712607198' '-rdynamic' '-shared-libgcc' '-mtune=generic' '-march=x86-64']
  link line: [ /grid/fermiapp/products/larsoft/gcc/v6_4_0/Linux64bit+3.10-2.17/bin/../libexec/gcc/x86_64-pc-linux-gnu/6.4.0/collect2 -plugin /grid/fermiapp/products/larsoft/gcc/v6_4_0/Linux64bit+3.10-2.17/bin/../libexec/gcc/x86_64-pc-linux-gnu/6.4.0/liblto_plugin.so -plugin-opt=/grid/fermiapp/products/larsoft/gcc/v6_4_0/Linux64bit+3.10-2.17/bin/../libexec/gcc/x86_64-pc-linux-gnu/6.4.0/lto-wrapper -plugin-opt=-fresolution=/tmp/cc1l6T3V.res -plugin-opt=-pass-through=-lgcc_s -plugin-opt=-pass-through=-lgcc -plugin-opt=-pass-through=-lc -plugin-opt=-pass-through=-lgcc_s -plugin-opt=-pass-through=-lgcc --eh-frame-hdr -m elf_x86_64 -export-dynamic -dynamic-linker /lib64/ld-linux-x86-64.so.2 -o cmTryCompileExec1712607198 /lib/../lib64/crt1.o /lib/../lib64/crti.o /grid/fermiapp/products/larsoft/gcc/v6_4_0/Linux64bit+3.10-2.17/bin/../lib/gcc/x86_64-pc-linux-gnu/6.4.0/crtbegin.o -L/grid/fermiapp/products/larsoft/gcc/v6_4_0/Linux64bit+3.10-2.17/bin/../lib/gcc/x86_64-pc-linux-gnu/6.4.0 -L/grid/fermiapp/products/larsoft/gcc/v6_4_0/Linux64bit+3.10-2.17/bin/../lib/gcc -L/grid/fermiapp/products/larsoft/gcc/v6_4_0/Linux64bit+3.10-2.17/bin/../lib/gcc/x86_64-pc-linux-gnu/6.4.0/../../../../lib64 -L/lib/../lib64 -L/usr/lib/../lib64 -L/grid/fermiapp/products/larsoft/gcc/v6_4_0/Linux64bit+3.10-2.17/bin/../lib/gcc/x86_64-pc-linux-gnu/6.4.0/../../.. CMakeFiles/cmTryCompileExec1712607198.dir/CMakeCXXCompilerABI.cpp.o -lstdc++ -lm -lgcc_s -lgcc -lc -lgcc_s -lgcc /grid/fermiapp/products/larsoft/gcc/v6_4_0/Linux64bit+3.10-2.17/bin/../lib/gcc/x86_64-pc-linux-gnu/6.4.0/crtend.o /lib/../lib64/crtn.o]
    arg [/grid/fermiapp/products/larsoft/gcc/v6_4_0/Linux64bit+3.10-2.17/bin/../libexec/gcc/x86_64-pc-linux-gnu/6.4.0/collect2] ==> ignore
    arg [-plugin] ==> ignore
    arg [/grid/fermiapp/products/larsoft/gcc/v6_4_0/Linux64bit+3.10-2.17/bin/../libexec/gcc/x86_64-pc-linux-gnu/6.4.0/liblto_plugin.so] ==> ignore
    arg [-plugin-opt=/grid/fermiapp/products/larsoft/gcc/v6_4_0/Linux64bit+3.10-2.17/bin/../libexec/gcc/x86_64-pc-linux-gnu/6.4.0/lto-wrapper] ==> ignore
    arg [-plugin-opt=-fresolution=/tmp/cc1l6T3V.res] ==> ignore
    arg [-plugin-opt=-pass-through=-lgcc_s] ==> ignore
    arg [-plugin-opt=-pass-through=-lgcc] ==> ignore
    arg [-plugin-opt=-pass-through=-lc] ==> ignore
    arg [-plugin-opt=-pass-through=-lgcc_s] ==> ignore
    arg [-plugin-opt=-pass-through=-lgcc] ==> ignore
    arg [--eh-frame-hdr] ==> ignore
    arg [-m] ==> ignore
    arg [elf_x86_64] ==> ignore
    arg [-export-dynamic] ==> ignore
    arg [-dynamic-linker] ==> ignore
    arg [/lib64/ld-linux-x86-64.so.2] ==> ignore
    arg [-o] ==> ignore
    arg [cmTryCompileExec1712607198] ==> ignore
    arg [/lib/../lib64/crt1.o] ==> ignore
    arg [/lib/../lib64/crti.o] ==> ignore
    arg [/grid/fermiapp/products/larsoft/gcc/v6_4_0/Linux64bit+3.10-2.17/bin/../lib/gcc/x86_64-pc-linux-gnu/6.4.0/crtbegin.o] ==> ignore
    arg [-L/grid/fermiapp/products/larsoft/gcc/v6_4_0/Linux64bit+3.10-2.17/bin/../lib/gcc/x86_64-pc-linux-gnu/6.4.0] ==> dir [/grid/fermiapp/products/larsoft/gcc/v6_4_0/Linux64bit+3.10-2.17/bin/../lib/gcc/x86_64-pc-linux-gnu/6.4.0]
    arg [-L/grid/fermiapp/products/larsoft/gcc/v6_4_0/Linux64bit+3.10-2.17/bin/../lib/gcc] ==> dir [/grid/fermiapp/products/larsoft/gcc/v6_4_0/Linux64bit+3.10-2.17/bin/../lib/gcc]
    arg [-L/grid/fermiapp/products/larsoft/gcc/v6_4_0/Linux64bit+3.10-2.17/bin/../lib/gcc/x86_64-pc-linux-gnu/6.4.0/../../../../lib64] ==> dir [/grid/fermiapp/products/larsoft/gcc/v6_4_0/Linux64bit+3.10-2.17/bin/../lib/gcc/x86_64-pc-linux-gnu/6.4.0/../../../../lib64]
    arg [-L/lib/../lib64] ==> dir [/lib/../lib64]
    arg [-L/usr/lib/../lib64] ==> dir [/usr/lib/../lib64]
    arg [-L/grid/fermiapp/products/larsoft/gcc/v6_4_0/Linux64bit+3.10-2.17/bin/../lib/gcc/x86_64-pc-linux-gnu/6.4.0/../../..] ==> dir [/grid/fermiapp/products/larsoft/gcc/v6_4_0/Linux64bit+3.10-2.17/bin/../lib/gcc/x86_64-pc-linux-gnu/6.4.0/../../..]
    arg [CMakeFiles/cmTryCompileExec1712607198.dir/CMakeCXXCompilerABI.cpp.o] ==> ignore
    arg [-lstdc++] ==> lib [stdc++]
    arg [-lm] ==> lib [m]
    arg [-lgcc_s] ==> lib [gcc_s]
    arg [-lgcc] ==> lib [gcc]
    arg [-lc] ==> lib [c]
    arg [-lgcc_s] ==> lib [gcc_s]
    arg [-lgcc] ==> lib [gcc]
    arg [/grid/fermiapp/products/larsoft/gcc/v6_4_0/Linux64bit+3.10-2.17/bin/../lib/gcc/x86_64-pc-linux-gnu/6.4.0/crtend.o] ==> ignore
    arg [/lib/../lib64/crtn.o] ==> ignore
  remove lib [gcc_s]
  remove lib [gcc]
  remove lib [gcc_s]
  remove lib [gcc]
  collapse library dir [/grid/fermiapp/products/larsoft/gcc/v6_4_0/Linux64bit+3.10-2.17/bin/../lib/gcc/x86_64-pc-linux-gnu/6.4.0] ==> [/grid/fermiapp/products/larsoft/gcc/v6_4_0/Linux64bit+3.10-2.17/lib/gcc/x86_64-pc-linux-gnu/6.4.0]
  collapse library dir [/grid/fermiapp/products/larsoft/gcc/v6_4_0/Linux64bit+3.10-2.17/bin/../lib/gcc] ==> [/grid/fermiapp/products/larsoft/gcc/v6_4_0/Linux64bit+3.10-2.17/lib/gcc]
  collapse library dir [/grid/fermiapp/products/larsoft/gcc/v6_4_0/Linux64bit+3.10-2.17/bin/../lib/gcc/x86_64-pc-linux-gnu/6.4.0/../../../../lib64] ==> [/grid/fermiapp/products/larsoft/gcc/v6_4_0/Linux64bit+3.10-2.17/lib64]
  collapse library dir [/lib/../lib64] ==> [/lib64]
  collapse library dir [/usr/lib/../lib64] ==> [/usr/lib64]
  collapse library dir [/grid/fermiapp/products/larsoft/gcc/v6_4_0/Linux64bit+3.10-2.17/bin/../lib/gcc/x86_64-pc-linux-gnu/6.4.0/../../..] ==> [/grid/fermiapp/products/larsoft/gcc/v6_4_0/Linux64bit+3.10-2.17/lib]
  implicit libs: [stdc++;m;c]
  implicit dirs: [/grid/fermiapp/products/larsoft/gcc/v6_4_0/Linux64bit+3.10-2.17/lib/gcc/x86_64-pc-linux-gnu/6.4.0;/grid/fermiapp/products/larsoft/gcc/v6_4_0/Linux64bit+3.10-2.17/lib/gcc;/grid/fermiapp/products/larsoft/gcc/v6_4_0/Linux64bit+3.10-2.17/lib64;/lib64;/usr/lib64;/grid/fermiapp/products/larsoft/gcc/v6_4_0/Linux64bit+3.10-2.17/lib]
  implicit fwks: []


